1 ORBITAL DECAY TRAJECTORY---                                         17/ 4/2022
                      **** OPTION TABLES ****

        INPUT AERO TABLE 
     CD        ALTITUDE(FT)
  1.340000          0.00
  1.340000     200000.00
  1.340000     210000.00
  1.340000     220000.00
  1.340000     230000.00
  1.340000     240000.00
  1.340000     250000.00
  1.341000     260000.00
  1.357000     270000.00
  1.447000     280000.00
  1.640000     290000.00
  1.891000     300000.00
  2.115000     310000.00
  2.271000     320000.00
  2.371000     330000.00
  2.434000     340000.00
  2.471000     350000.00
  2.493000     360000.00
  2.508000     370000.00
  2.516000     380000.00
  2.521000     390000.00
  2.525000     400000.00
  2.527000     410000.00
  2.529000     420000.00
  2.529000     430000.00
  2.530000     440000.00
  2.531000     450000.00
  2.531000     460000.00
  2.531000     470000.00
  2.531000     480000.00
  2.531000     490000.00
  2.532000     500000.00
        LOW MACH NO. TABLE  
 SWITCH WHEN M <   1.00  OR WHEN ALTITUDE <      0.0
     CD        MACH 
  0.951000          0.00
  0.951000          2.00
1 ORBITAL DECAY TRAJECTORY---                                         17/ 4/2022
            INPUT VARIABLES 


     START OF SKIP    1
  INITIAL CONDITIONS
                         RELATIVE      INERTIAL
      VELOCITY(FPS)         24355.68     25690.00
      FLIGHT PATH(DEG)       -0.1055      -0.1000
      AZIMUTH(DEG)          121.8295     120.0000
      TIME(SEC)                 0.00
      WEIGHT(LBS)              11.31
      ALTITUDE(FT)         400000.00
      LATITUDE(DEG)             0.00
      LONGITUDE(DEG)            0.00
      REF AREA(FT**2)        0.15800
      REF LENGTH(FT)            1.00
      L/D SUPERSONIC          0.0000
      L/D SUBSONIC            0.0000
      Y/D SUPERSONIC          0.0000
      Y/D SUBSONIC            0.0000
      Q STAG. FACTOR          1.2600
      GRAP. DENS(PCF)       110.0000
               1962 STANDARD ATMOSPHERE
               CIRCULAR VELOCITY(FPS) =    25711.96
               OBLATE EARTH MODEL ,POLAR & EQUATORIAL RADII(FT)=
                               0.20855108E+08 0.20925540E+08
               ROTATING EARTH , WE(RAD/SEC) =  0.72921153E-04
               PRINT EVERY  10 TIME STEP 
               MAX TIME STEP =  1.0000  MIN TIME STEP =  0.1000
               CUTOFF ALT(FT) =    115.0 OR   451000.0
               RADIATIVE FLUX-MODIFIED CALLIS  
1                         AEC SAFETY ANALYSIS     
 ORBITAL DECAY TRAJECTORY---                                         17/ 4/2022

 TIME(SEC) VR(FPS)    ALT(FT)   LAT(DEG) Q(PSF)    BETA       QDCW      QDRAD     QDFM    
 GSEC      MACH      RANGE(NM)  LON(DEG) RN*10-6   CD         QCW       QRAD      DIFMD   
           P(PSF)     AZ(DEG)   GAMMA    KNUD #    W(LBS)     HT(BTU/LB) PTS(ATM)  S(IN)  
0    0.000  24355.68 400000.00      0.00      0.01   28.3494      1.77      0.00      0.34
      0.00     18.54      0.00      0.00  0.000002    2.5250      0.00      0.00  0.000005
                0.00    121.83     -0.11   13.5329   11.3100   11886.8  0.000010  0.000000
0   10.000  24356.12 399551.55     -0.35      0.01   28.3514      1.78      0.00      0.34
      0.00     18.60     39.31      0.51  0.000002    2.5248     17.75      0.00  0.000005
                0.00    121.83     -0.11   13.4245   11.3100   11886.1  0.000010  0.000005
0   20.000  24356.56 399102.97     -0.69      0.01   28.3534      1.80      0.00      0.35
      0.00     18.67     78.62      1.03  0.000002    2.5246     35.67      0.00  0.000005
                0.00    121.82     -0.11   13.3161   11.3100   11885.4  0.000010  0.000010
0   30.000  24357.01 398654.29     -1.04      0.01   28.3555      1.82      0.00      0.35
      0.00     18.73    117.93      1.54  0.000002    2.5245     53.75      0.00  0.000005
                0.00    121.81     -0.11   13.2078   11.3100   11884.8  0.000010  0.000015
0   40.000  24357.45 398205.55     -1.38      0.01   28.3575      1.83      0.00      0.36
      0.00     18.80    157.25      2.06  0.000002    2.5243     72.01      0.00  0.000005
                0.00    121.80     -0.11   13.0995   11.3100   11884.1  0.000011  0.000020
0   50.000  24357.88 397756.77     -1.72      0.01   28.3595      1.85      0.00      0.37
      0.00     18.87    196.58      2.57  0.000002    2.5241     90.43      0.00  0.000005
                0.00    121.78     -0.11   12.9913   11.3100   11883.4  0.000011  0.000026
0   60.000  24358.31 397307.97     -2.07      0.01   28.3615      1.87      0.00      0.38
      0.00     18.93    235.91      3.09  0.000002    2.5239    109.03      0.00  0.000005
                0.00    121.76     -0.11   12.8831   11.3100   11882.7  0.000011  0.000031
0   70.000  24358.75 396859.18     -2.41      0.01   28.3635      1.89      0.00      0.38
      0.00     19.00    275.25      3.60  0.000002    2.5237    127.81      0.00  0.000005
                0.00    121.73     -0.11   12.7750   11.3100   11882.1  0.000011  0.000037
0   80.000  24359.17 396410.42     -2.76      0.01   28.3655      1.90      0.00      0.39
      0.00     19.07    314.59      4.12  0.000002    2.5236    146.77      0.00  0.000005
                0.00    121.70     -0.12   12.6670   11.3100   11881.4  0.000011  0.000042
1                         AEC SAFETY ANALYSIS     
 ORBITAL DECAY TRAJECTORY---                                         17/ 4/2022

 TIME(SEC) VR(FPS)    ALT(FT)   LAT(DEG) Q(PSF)    BETA       QDCW      QDRAD     QDFM    
 GSEC      MACH      RANGE(NM)  LON(DEG) RN*10-6   CD         QCW       QRAD      DIFMD   
           P(PSF)     AZ(DEG)   GAMMA    KNUD #    W(LBS)     HT(BTU/LB) PTS(ATM)  S(IN)  
0   90.000  24359.60 395961.70     -3.10      0.01   28.3676      1.92      0.00      0.40
      0.00     19.14    353.95      4.63  0.000002    2.5234    165.91      0.00  0.000005
                0.00    121.67     -0.12   12.5590   11.3100   11880.7  0.000012  0.000048
0  100.000  24360.02 395513.05     -3.45      0.01   28.3696      1.94      0.00      0.41
      0.00     19.21    393.32      5.15  0.000002    2.5232    185.24      0.00  0.000005
                0.00    121.63     -0.12   12.4512   11.3100   11880.0  0.000012  0.000054
0  110.000  24360.44 395064.47     -3.79      0.01   28.3716      1.96      0.00      0.41
      0.00     19.28    432.70      5.67  0.000002    2.5230    204.75      0.00  0.000006
                0.00    121.59     -0.12   12.3434   11.3100   11879.3  0.000012  0.000060
0  120.000  24360.86 394615.97     -4.13      0.01   28.3736      1.98      0.00      0.42
      0.00     19.35    472.09      6.18  0.000003    2.5228    224.47      0.00  0.000006
                0.00    121.55     -0.12   12.2357   11.3100   11878.6  0.000012  0.000066
0  130.000  24361.27 394167.56     -4.47      0.01   28.3756      2.00      0.00      0.43
      0.00     19.43    511.49      6.70  0.000003    2.5227    244.37      0.00  0.000006
                0.00    121.50     -0.12   12.1282   11.3100   11877.9  0.000013  0.000072
0  140.000  24361.68 393719.24     -4.82      0.01   28.3777      2.02      0.00      0.44
      0.00     19.50    550.91      7.22  0.000003    2.5225    264.48      0.00  0.000006
                0.00    121.45     -0.12   12.0207   11.3100   11877.2  0.000013  0.000079
0  150.000  24362.08 393271.03     -5.16      0.01   28.3797      2.04      0.00      0.45
      0.00     19.54    590.35      7.74  0.000003    2.5223    284.78      0.00  0.000006
                0.00    121.39     -0.12   11.9295   11.3100   11877.0  0.000013  0.000085
0  160.000  24362.49 392822.91     -5.50      0.01   28.3817      2.05      0.00      0.45
      0.00     19.58    629.80      8.26  0.000003    2.5221    305.24      0.00  0.000006
                0.00    121.33     -0.12   11.8394   11.3100   11876.8  0.000013  0.000092
0  170.000  24362.88 392374.88     -5.84      0.01   28.3837      2.07      0.00      0.46
      0.00     19.62    669.27      8.78  0.000003    2.5220    325.87      0.00  0.000006
                0.00    121.27     -0.13   11.7497   11.3100   11876.7  0.000013  0.000098
1                         AEC SAFETY ANALYSIS     
 ORBITAL DECAY TRAJECTORY---                                         17/ 4/2022

 TIME(SEC) VR(FPS)    ALT(FT)   LAT(DEG) Q(PSF)    BETA       QDCW      QDRAD     QDFM    
 GSEC      MACH      RANGE(NM)  LON(DEG) RN*10-6   CD         QCW       QRAD      DIFMD   
           P(PSF)     AZ(DEG)   GAMMA    KNUD #    W(LBS)     HT(BTU/LB) PTS(ATM)  S(IN)  
0  180.000  24363.28 391926.94     -6.18      0.01   28.3857      2.09      0.00      0.47
      0.00     19.65    708.76      9.30  0.000003    2.5218    346.67      0.00  0.000006
                0.00    121.20     -0.13   11.6603   11.3100   11876.6  0.000014  0.000105
0  190.000  24363.68 391479.09     -6.52      0.02   28.3877      2.11      0.00      0.48
      0.00     19.69    748.27      9.82  0.000003    2.5216    367.65      0.00  0.000006
                0.00    121.13     -0.13   11.5712   11.3100   11876.4  0.000014  0.000112
0  200.000  24364.07 391031.30     -6.85      0.02   28.3898      2.12      0.00      0.48
      0.00     19.73    787.79     10.35  0.000003    2.5214    388.80      0.00  0.000006
                0.00    121.05     -0.13   11.4824   11.3100   11876.2  0.000014  0.000119
0  210.000  24364.46 390583.58     -7.19      0.02   28.3918      2.14      0.00      0.49
      0.00     19.77    827.34     10.87  0.000003    2.5212    410.13      0.00  0.000007
                0.00    120.97     -0.13   11.3940   11.3100   11876.1  0.000014  0.000126
0  220.000  24364.84 390135.90     -7.53      0.02   28.3938      2.16      0.00      0.50
      0.00     19.81    866.92     11.39  0.000003    2.5211    431.63      0.00  0.000007
                0.00    120.89     -0.13   11.3059   11.3100   11875.9  0.000015  0.000133
0  230.000  24365.22 389688.24     -7.86      0.02   28.3962      2.18      0.00      0.51
      0.00     19.85    906.51     11.92  0.000003    2.5208    453.32      0.00  0.000007
                0.00    120.80     -0.13   11.2181   11.3100   11875.8  0.000015  0.000140
0  240.000  24365.60 389240.60     -8.20      0.02   28.3987      2.20      0.00      0.52
      0.00     19.89    946.13     12.45  0.000003    2.5206    475.20      0.00  0.000007
                0.00    120.71     -0.13   11.1307   11.3100   11875.6  0.000015  0.000148
0  250.000  24365.97 388792.94     -8.53      0.02   28.4012      2.22      0.00      0.53
      0.00     19.93    985.78     12.97  0.000003    2.5204    497.26      0.00  0.000007
                0.00    120.61     -0.13   11.0435   11.3100   11875.4  0.000015  0.000155
0  260.000  24366.35 388345.24     -8.87      0.02   28.4037      2.23      0.00      0.54
      0.00     19.97   1025.45     13.50  0.000003    2.5202    519.51      0.00  0.000007
                0.00    120.51     -0.13   10.9567   11.3100   11875.2  0.000016  0.000163
1                         AEC SAFETY ANALYSIS     
 ORBITAL DECAY TRAJECTORY---                                         17/ 4/2022

 TIME(SEC) VR(FPS)    ALT(FT)   LAT(DEG) Q(PSF)    BETA       QDCW      QDRAD     QDFM    
 GSEC      MACH      RANGE(NM)  LON(DEG) RN*10-6   CD         QCW       QRAD      DIFMD   
           P(PSF)     AZ(DEG)   GAMMA    KNUD #    W(LBS)     HT(BTU/LB) PTS(ATM)  S(IN)  
0  270.000  24366.71 387897.47     -9.20      0.02   28.4062      2.25      0.00      0.55
      0.00     20.01   1065.15     14.03  0.000003    2.5199    541.95      0.00  0.000007
                0.00    120.41     -0.14   10.8702   11.3100   11875.1  0.000016  0.000171
0  280.000  24367.08 387449.62     -9.53      0.02   28.4088      2.27      0.00      0.55
      0.00     20.05   1104.88     14.56  0.000003    2.5197    564.58      0.00  0.000007
                0.00    120.30     -0.14   10.7839   11.3100   11874.9  0.000016  0.000179
0  290.000  24367.44 387001.63     -9.86      0.02   28.4113      2.29      0.00      0.56
      0.00     20.09   1144.64     15.10  0.000004    2.5195    587.41      0.00  0.000007
                0.00    120.19     -0.14   10.6980   11.3100   11874.7  0.000016  0.000187
0  300.000  24367.80 386553.49    -10.19      0.02   28.4138      2.31      0.00      0.57
      0.00     20.13   1184.43     15.63  0.000004    2.5193    610.44      0.00  0.000008
                0.00    120.07     -0.14   10.6124   11.3100   11874.5  0.000017  0.000195
0  310.000  24368.16 386105.15    -10.52      0.02   28.4163      2.33      0.00      0.58
      0.00     20.17   1224.25     16.17  0.000004    2.5191    633.67      0.00  0.000008
                0.00    119.95     -0.14   10.5270   11.3100   11874.3  0.000017  0.000203
0  320.000  24368.51 385656.58    -10.84      0.02   28.4189      2.35      0.00      0.59
      0.00     20.21   1264.10     16.70  0.000004    2.5188    657.10      0.00  0.000008
                0.00    119.83     -0.14   10.4420   11.3100   11874.1  0.000017  0.000212
0  330.000  24368.86 385207.73    -11.17      0.02   28.4214      2.37      0.00      0.61
      0.00     20.25   1303.99     17.24  0.000004    2.5186    680.74      0.00  0.000008
                0.00    119.70     -0.14   10.3572   11.3100   11873.9  0.000018  0.000220
0  340.000  24369.20 384758.57    -11.49      0.02   28.4239      2.40      0.00      0.62
      0.00     20.29   1343.91     17.78  0.000004    2.5184    704.59      0.00  0.000008
                0.00    119.57     -0.14   10.2726   11.3100   11873.7  0.000018  0.000229
0  350.000  24369.54 384309.05    -11.81      0.02   28.4265      2.42      0.00      0.63
      0.00     20.33   1383.86     18.32  0.000004    2.5182    728.66      0.00  0.000008
                0.00    119.44     -0.14   10.1884   11.3100   11873.5  0.000018  0.000238
1                         AEC SAFETY ANALYSIS     
 ORBITAL DECAY TRAJECTORY---                                         17/ 4/2022

 TIME(SEC) VR(FPS)    ALT(FT)   LAT(DEG) Q(PSF)    BETA       QDCW      QDRAD     QDFM    
 GSEC      MACH      RANGE(NM)  LON(DEG) RN*10-6   CD         QCW       QRAD      DIFMD   
           P(PSF)     AZ(DEG)   GAMMA    KNUD #    W(LBS)     HT(BTU/LB) PTS(ATM)  S(IN)  
0  360.000  24369.88 383859.12    -12.14      0.02   28.4290      2.44      0.00      0.64
      0.00     20.38   1423.85     18.86  0.000004    2.5179    752.93      0.00  0.000008
                0.00    119.30     -0.14   10.1043   11.3100   11873.3  0.000019  0.000247
0  370.000  24370.21 383408.73    -12.46      0.02   28.4316      2.46      0.00      0.65
      0.00     20.42   1463.88     19.40  0.000004    2.5177    777.43      0.00  0.000009
                0.00    119.15     -0.14   10.0205   11.3100   11873.0  0.000019  0.000256
0  380.000  24370.54 382957.84    -12.77      0.02   28.4341      2.48      0.00      0.66
      0.00     20.46   1503.95     19.95  0.000004    2.5175    802.15      0.00  0.000009
                0.00    119.01     -0.15    9.9370   11.3100   11872.8  0.000019  0.000266
0  390.000  24370.87 382506.38    -13.09      0.02   28.4367      2.51      0.00      0.67
      0.00     20.51   1544.05     20.50  0.000004    2.5173    827.09      0.00  0.000009
                0.00    118.85     -0.15    9.8536   11.3100   11872.6  0.000020  0.000275
0  400.000  24371.19 382054.31    -13.41      0.02   28.4392      2.53      0.00      0.69
      0.00     20.55   1584.20     21.05  0.000004    2.5170    852.26      0.00  0.000009
                0.00    118.70     -0.15    9.7705   11.3100   11872.4  0.000020  0.000285
0  410.000  24371.51 381601.56    -13.72      0.02   28.4418      2.55      0.00      0.70
      0.00     20.59   1624.38     21.60  0.000005    2.5168    877.66      0.00  0.000009
                0.00    118.54     -0.15    9.6876   11.3100   11872.1  0.000020  0.000295
0  420.000  24371.82 381148.08    -14.03      0.02   28.4443      2.58      0.00      0.71
      0.00     20.64   1664.61     22.15  0.000005    2.5166    903.30      0.00  0.000009
                0.00    118.38     -0.15    9.6049   11.3100   11871.9  0.000021  0.000305
0  430.000  24372.14 380693.80    -14.34      0.02   28.4469      2.60      0.00      0.72
      0.00     20.68   1704.88     22.70  0.000005    2.5163    929.17      0.00  0.000009
                0.00    118.21     -0.15    9.5223   11.3100   11871.6  0.000021  0.000315
0  440.000  24372.44 380238.65    -14.65      0.02   28.4495      2.62      0.00      0.74
      0.00     20.73   1745.19     23.26  0.000005    2.5161    955.29      0.00  0.000010
                0.00    118.04     -0.15    9.4400   11.3100   11871.4  0.000021  0.000326
1                         AEC SAFETY ANALYSIS     
 ORBITAL DECAY TRAJECTORY---                                         17/ 4/2022

 TIME(SEC) VR(FPS)    ALT(FT)   LAT(DEG) Q(PSF)    BETA       QDCW      QDRAD     QDFM    
 GSEC      MACH      RANGE(NM)  LON(DEG) RN*10-6   CD         QCW       QRAD      DIFMD   
           P(PSF)     AZ(DEG)   GAMMA    KNUD #    W(LBS)     HT(BTU/LB) PTS(ATM)  S(IN)  
0  450.000  24372.75 379782.59    -14.96      0.02   28.4528      2.65      0.00      0.75
      0.00     20.77   1785.54     23.81  0.000005    2.5158    981.65      0.00  0.000010
                0.00    117.86     -0.15    9.3578   11.3100   11871.1  0.000022  0.000336
0  460.000  24373.05 379325.53    -15.27      0.02   28.4569      2.67      0.00      0.77
      0.00     20.82   1825.94     24.37  0.000005    2.5155   1008.26      0.00  0.000010
                0.00    117.68     -0.15    9.2758   11.3100   11870.9  0.000022  0.000347
0  470.000  24373.34 378867.40    -15.57      0.02   28.4611      2.70      0.00      0.78
      0.00     20.87   1866.39     24.93  0.000005    2.5151   1035.13      0.00  0.000010
                0.00    117.50     -0.15    9.1939   11.3100   11870.6  0.000023  0.000358
0  480.000  24373.64 378408.14    -15.87      0.03   28.4652      2.73      0.00      0.80
      0.00     20.91   1906.88     25.50  0.000005    2.5147   1062.25      0.00  0.000010
                0.00    117.31     -0.15    9.1121   11.3100   11870.3  0.000023  0.000369
0  490.000  24373.92 377947.67    -16.17      0.03   28.4694      2.75      0.00      0.81
      0.00     20.96   1947.42     26.06  0.000005    2.5144   1089.64      0.00  0.000011
                0.00    117.12     -0.15    9.0305   11.3100   11870.0  0.000024  0.000380
0  500.000  24374.21 377485.91    -16.47      0.03   28.4736      2.78      0.00      0.83
      0.00     21.01   1988.01     26.63  0.000006    2.5140   1117.29      0.00  0.000011
                0.00    116.92     -0.16    8.9490   11.3100   11869.7  0.000024  0.000392
0  510.000  24374.49 377022.79    -16.76      0.03   28.4778      2.81      0.00      0.84
      0.00     21.05   2028.65     27.20  0.000006    2.5136   1145.21      0.00  0.000011
                0.00    116.72     -0.16    8.8676   11.3100   11869.5  0.000025  0.000404
0  520.000  24374.77 376558.23    -17.06      0.03   28.4820      2.83      0.00      0.86
      0.00     21.10   2069.33     27.77  0.000006    2.5132   1173.41      0.00  0.000011
                0.00    116.52     -0.16    8.7863   11.3100   11869.2  0.000025  0.000416
0  530.000  24375.04 376092.15    -17.35      0.03   28.4862      2.86      0.00      0.88
      0.00     21.15   2110.07     28.34  0.000006    2.5129   1201.89      0.00  0.000011
                0.00    116.31     -0.16    8.7051   11.3100   11868.9  0.000026  0.000428
1                         AEC SAFETY ANALYSIS     
 ORBITAL DECAY TRAJECTORY---                                         17/ 4/2022

 TIME(SEC) VR(FPS)    ALT(FT)   LAT(DEG) Q(PSF)    BETA       QDCW      QDRAD     QDFM    
 GSEC      MACH      RANGE(NM)  LON(DEG) RN*10-6   CD         QCW       QRAD      DIFMD   
           P(PSF)     AZ(DEG)   GAMMA    KNUD #    W(LBS)     HT(BTU/LB) PTS(ATM)  S(IN)  
0  540.000  24375.30 375624.46    -17.64      0.03   28.4905      2.89      0.00      0.90
      0.00     21.20   2150.85     28.92  0.000006    2.5125   1230.66      0.00  0.000012
                0.00    116.10     -0.16    8.6240   11.3100   11868.5  0.000026  0.000441
0  550.000  24375.57 375155.08    -17.93      0.03   28.4947      2.92      0.00      0.91
      0.00     21.25   2191.69     29.49  0.000006    2.5121   1259.72      0.00  0.000012
                0.00    115.88     -0.16    8.5429   11.3100   11868.2  0.000027  0.000453
0  560.000  24375.83 374683.92    -18.21      0.03   28.4990      2.95      0.00      0.93
      0.00     21.30   2232.58     30.07  0.000006    2.5117   1289.07      0.00  0.000012
                0.00    115.66     -0.16    8.4619   11.3100   11867.9  0.000027  0.000466
0  570.000  24376.08 374210.89    -18.50      0.03   28.5033      2.98      0.00      0.95
      0.00     21.35   2273.52     30.65  0.000006    2.5114   1318.73      0.00  0.000012
                0.00    115.44     -0.16    8.3809   11.3100   11867.6  0.000028  0.000479
0  580.000  24376.33 373735.90    -18.78      0.03   28.5076      3.01      0.00      0.97
      0.00     21.41   2314.52     31.24  0.000007    2.5110   1348.70      0.00  0.000012
                0.00    115.21     -0.16    8.3000   11.3100   11867.2  0.000028  0.000493
0  590.000  24376.58 373258.87    -19.05      0.03   28.5119      3.04      0.00      0.99
      0.00     21.46   2355.57     31.83  0.000007    2.5106   1378.98      0.00  0.000013
                0.00    114.98     -0.16    8.2191   11.3100   11866.9  0.000029  0.000507
0  600.000  24376.82 372779.70    -19.33      0.03   28.5163      3.08      0.00      1.01
      0.00     21.51   2396.67     32.41  0.000007    2.5102   1409.58      0.00  0.000013
                0.00    114.74     -0.16    8.1382   11.3100   11866.5  0.000030  0.000521
0  610.000  24377.05 372298.28    -19.60      0.03   28.5207      3.11      0.00      1.04
      0.00     21.56   2437.83     33.00  0.000007    2.5098   1440.50      0.00  0.000013
                0.00    114.50     -0.16    8.0573   11.3100   11866.2  0.000030  0.000535
0  620.000  24377.28 371814.53    -19.87      0.03   28.5251      3.14      0.00      1.06
      0.00     21.62   2479.04     33.60  0.000007    2.5095   1471.77      0.00  0.000014
                0.00    114.26     -0.16    7.9764   11.3100   11865.8  0.000031  0.000550
1                         AEC SAFETY ANALYSIS     
 ORBITAL DECAY TRAJECTORY---                                         17/ 4/2022

 TIME(SEC) VR(FPS)    ALT(FT)   LAT(DEG) Q(PSF)    BETA       QDCW      QDRAD     QDFM    
 GSEC      MACH      RANGE(NM)  LON(DEG) RN*10-6   CD         QCW       QRAD      DIFMD   
           P(PSF)     AZ(DEG)   GAMMA    KNUD #    W(LBS)     HT(BTU/LB) PTS(ATM)  S(IN)  
0  630.000  24377.51 371328.34    -20.14      0.03   28.5295      3.18      0.00      1.08
      0.00     21.67   2520.31     34.19  0.000008    2.5091   1503.37      0.00  0.000014
                0.00    114.01     -0.16    7.8954   11.3100   11865.4  0.000031  0.000564
0  640.000  24377.73 370839.62    -20.41      0.04   28.5339      3.21      0.00      1.11
      0.00     21.73   2561.63     34.79  0.000008    2.5087   1535.32      0.00  0.000014
                0.00    113.76     -0.17    7.8145   11.3100   11865.0  0.000032  0.000580
0  650.000  24377.95 370348.26    -20.67      0.04   28.5384      3.25      0.00      1.13
      0.00     21.79   2603.01     35.39  0.000008    2.5083   1567.62      0.00  0.000014
                0.00    113.50     -0.17    7.7335   11.3100   11864.6  0.000033  0.000595
0  660.000  24378.15 369854.15    -20.93      0.04   28.5441      3.29      0.00      1.16
      0.00     21.84   2644.44     35.99  0.000008    2.5078   1600.29      0.00  0.000015
                0.00    113.24     -0.17    7.6524   11.3100   11864.2  0.000034  0.000611
0  670.000  24378.36 369357.20    -21.19      0.04   28.5526      3.32      0.00      1.18
      0.00     21.90   2685.94     36.60  0.000008    2.5070   1633.33      0.00  0.000015
                0.00    112.98     -0.17    7.5713   11.3100   11863.8  0.000034  0.000627
0  680.000  24378.56 368857.28    -21.44      0.04   28.5611      3.36      0.00      1.21
      0.00     21.96   2727.49     37.21  0.000009    2.5063   1666.74      0.00  0.000015
                0.00    112.71     -0.17    7.4901   11.3100   11863.4  0.000035  0.000644
0  690.000  24378.75 368354.30    -21.70      0.04   28.5697      3.40      0.00      1.24
      0.00     22.02   2769.09     37.82  0.000009    2.5055   1700.55      0.00  0.000016
                0.00    112.44     -0.17    7.4088   11.3100   11863.0  0.000036  0.000661
0  700.000  24378.94 367848.14    -21.94      0.04   28.5784      3.44      0.00      1.27
      0.00     22.08   2810.76     38.43  0.000009    2.5048   1734.76      0.00  0.000016
                0.00    112.16     -0.17    7.3275   11.3100   11862.5  0.000037  0.000678
0  710.000  24379.12 367338.69    -22.19      0.04   28.5871      3.48      0.00      1.30
      0.00     22.14   2852.48     39.04  0.000009    2.5040   1769.37      0.00  0.000016
                0.00    111.88     -0.17    7.2460   11.3100   11862.1  0.000038  0.000695
1                         AEC SAFETY ANALYSIS     
 ORBITAL DECAY TRAJECTORY---                                         17/ 4/2022

 TIME(SEC) VR(FPS)    ALT(FT)   LAT(DEG) Q(PSF)    BETA       QDCW      QDRAD     QDFM    
 GSEC      MACH      RANGE(NM)  LON(DEG) RN*10-6   CD         QCW       QRAD      DIFMD   
           P(PSF)     AZ(DEG)   GAMMA    KNUD #    W(LBS)     HT(BTU/LB) PTS(ATM)  S(IN)  
0  720.000  24379.29 366825.82    -22.43      0.04   28.5959      3.52      0.00      1.33
      0.00     22.20   2894.25     39.66  0.000010    2.5032   1804.39      0.00  0.000017
                0.00    111.60     -0.17    7.1644   11.3100   11861.6  0.000039  0.000714
0  730.000  24379.46 366309.44    -22.67      0.04   28.6047      3.57      0.00      1.36
      0.00     22.27   2936.09     40.28  0.000010    2.5025   1839.85      0.00  0.000017
                0.00    111.31     -0.17    7.0827   11.3100   11861.1  0.000040  0.000732
0  740.000  24379.61 365789.40    -22.91      0.04   28.6136      3.61      0.00      1.40
      0.00     22.33   2977.98     40.90  0.000010    2.5017   1875.74      0.00  0.000018
                0.00    111.02     -0.17    7.0009   11.3100   11860.6  0.000041  0.000751
0  750.000  24379.77 365265.61    -23.14      0.05   28.6226      3.66      0.00      1.43
      0.00     22.39   3019.93     41.53  0.000010    2.5009   1912.08      0.00  0.000018
                0.00    110.72     -0.17    6.9189   11.3100   11860.1  0.000042  0.000770
0  760.000  24379.91 364737.92    -23.38      0.05   28.6317      3.70      0.00      1.47
      0.00     22.46   3061.94     42.15  0.000011    2.5001   1948.89      0.00  0.000018
                0.00    110.42     -0.17    6.8368   11.3100   11859.6  0.000043  0.000790
0  770.000  24380.04 364206.22    -23.60      0.05   28.6408      3.75      0.00      1.51
      0.00     22.53   3104.00     42.78  0.000011    2.4993   1986.16      0.00  0.000019
                0.00    110.12     -0.17    6.7546   11.3100   11859.1  0.000044  0.000810
0  780.000  24380.17 363670.37    -23.83      0.05   28.6500      3.80      0.00      1.55
      0.00     22.60   3146.12     43.42  0.000011    2.4985   2023.92      0.00  0.000019
                0.00    109.82     -0.17    6.6721   11.3100   11858.6  0.000045  0.000831
0  790.000  24380.29 363130.26    -24.05      0.05   28.6593      3.85      0.00      1.59
      0.00     22.67   3188.29     44.05  0.000012    2.4977   2062.18      0.00  0.000020
                0.00    109.51     -0.17    6.5895   11.3100   11858.0  0.000046  0.000852
0  800.000  24380.40 362585.74    -24.27      0.05   28.6687      3.90      0.00      1.63
      0.00     22.74   3230.52     44.69  0.000012    2.4969   2100.95      0.00  0.000020
                0.00    109.19     -0.18    6.5067   11.3100   11857.4  0.000047  0.000874
1                         AEC SAFETY ANALYSIS     
 ORBITAL DECAY TRAJECTORY---                                         17/ 4/2022

 TIME(SEC) VR(FPS)    ALT(FT)   LAT(DEG) Q(PSF)    BETA       QDCW      QDRAD     QDFM    
 GSEC      MACH      RANGE(NM)  LON(DEG) RN*10-6   CD         QCW       QRAD      DIFMD   
           P(PSF)     AZ(DEG)   GAMMA    KNUD #    W(LBS)     HT(BTU/LB) PTS(ATM)  S(IN)  
0  810.000  24380.50 362036.68    -24.48      0.05   28.6782      3.96      0.00      1.68
      0.00     22.81   3272.81     45.33  0.000013    2.4961   2140.25      0.00  0.000021
                0.00    108.87     -0.18    6.4237   11.3100   11856.9  0.000049  0.000896
0  820.000  24380.59 361482.95    -24.69      0.06   28.6877      4.01      0.00      1.72
      0.00     22.88   3315.15     45.97  0.000013    2.4952   2180.09      0.00  0.000021
                0.00    108.55     -0.18    6.3406   11.3100   11856.3  0.000050  0.000919
0  830.000  24380.67 360924.41    -24.90      0.06   28.6973      4.07      0.00      1.77
      0.00     22.96   3357.54     46.61  0.000013    2.4944   2220.49      0.00  0.000022
                0.00    108.23     -0.18    6.2572   11.3100   11855.6  0.000052  0.000943
0  840.000  24380.74 360360.92    -25.10      0.06   28.7071      4.12      0.00      1.82
      0.00     23.00   3399.98     47.26  0.000014    2.4935   2261.43      0.00  0.000022
                0.00    107.90     -0.18    6.1815   11.3100   11855.3  0.000053  0.000967
0  850.000  24380.80 359792.33    -25.30      0.06   28.7186      4.17      0.00      1.87
      0.00     23.04   3442.48     47.91  0.000014    2.4925   2302.89      0.00  0.000023
                0.00    107.57     -0.18    6.1062   11.3100   11855.1  0.000054  0.000991
0  860.000  24380.85 359218.49    -25.50      0.06   28.7331      4.23      0.00      1.91
      0.00     23.07   3485.03     48.56  0.000015    2.4913   2344.88      0.00  0.000023
                0.00    107.23     -0.18    6.0309   11.3100   11854.8  0.000056  0.001017
0  870.000  24380.88 358639.25    -25.69      0.06   28.7478      4.28      0.00      1.96
      0.00     23.11   3527.63     49.22  0.000015    2.4900   2387.43      0.00  0.000024
                0.00    106.89     -0.18    5.9555   11.3100   11854.5  0.000057  0.001042
0  880.000  24380.91 358054.48    -25.88      0.06   28.7627      4.34      0.00      2.02
      0.00     23.15   3570.28     49.87  0.000016    2.4887   2430.53      0.00  0.000025
                0.00    106.55     -0.18    5.8801   11.3100   11854.1  0.000059  0.001069
0  890.000  24380.93 357464.00    -26.06      0.07   28.7777      4.40      0.00      2.07
      0.00     23.19   3612.98     50.53  0.000016    2.4874   2474.21      0.00  0.000025
                0.00    106.21     -0.18    5.8047   11.3100   11853.8  0.000060  0.001096
1                         AEC SAFETY ANALYSIS     
 ORBITAL DECAY TRAJECTORY---                                         17/ 4/2022

 TIME(SEC) VR(FPS)    ALT(FT)   LAT(DEG) Q(PSF)    BETA       QDCW      QDRAD     QDFM    
 GSEC      MACH      RANGE(NM)  LON(DEG) RN*10-6   CD         QCW       QRAD      DIFMD   
           P(PSF)     AZ(DEG)   GAMMA    KNUD #    W(LBS)     HT(BTU/LB) PTS(ATM)  S(IN)  
0  900.000  24380.93 356867.67    -26.25      0.07   28.7929      4.46      0.00      2.13
      0.00     23.24   3655.73     51.19  0.000016    2.4861   2518.48      0.00  0.000026
                0.00    105.86     -0.18    5.7292   11.3100   11853.5  0.000062  0.001124
0  910.000  24380.93 356265.32    -26.42      0.07   28.8083      4.52      0.00      2.19
      0.00     23.28   3698.52     51.86  0.000017    2.4848   2563.36      0.00  0.000026
                0.00    105.51     -0.18    5.6536   11.3100   11853.1  0.000064  0.001152
0  920.000  24380.90 355656.80    -26.60      0.07   28.8238      4.58      0.00      2.25
      0.00     23.32   3741.36     52.52  0.000017    2.4834   2608.87      0.00  0.000027
                0.00    105.15     -0.18    5.5780   11.3100   11852.7  0.000065  0.001182
0  930.000  24380.87 355041.93    -26.77      0.07   28.8395      4.65      0.00      2.31
      0.00     23.36   3784.24     53.19  0.000018    2.4821   2655.02      0.00  0.000028
                0.00    104.79     -0.18    5.5023   11.3100   11852.3  0.000067  0.001211
0  940.000  24380.82 354420.56    -26.93      0.08   28.8554      4.71      0.00      2.38
      0.00     23.41   3827.17     53.86  0.000019    2.4807   2701.83      0.00  0.000029
                0.00    104.43     -0.19    5.4266   11.3100   11851.9  0.000069  0.001242
0  950.000  24380.75 353792.50    -27.09      0.08   28.8715      4.78      0.00      2.45
      0.00     23.45   3870.13     54.53  0.000019    2.4793   2749.32      0.00  0.000029
                0.00    104.07     -0.19    5.3508   11.3100   11851.4  0.000071  0.001274
0  960.000  24380.67 353157.58    -27.25      0.08   28.8877      4.85      0.00      2.53
      0.00     23.50   3913.14     55.21  0.000020    2.4779   2797.51      0.00  0.000030
                0.00    103.70     -0.19    5.2750   11.3100   11851.0  0.000073  0.001306
0  970.000  24380.58 352515.62    -27.40      0.08   28.9042      4.93      0.00      2.60
      0.00     23.54   3956.18     55.89  0.000021    2.4765   2846.42      0.00  0.000031
                0.00    103.33     -0.19    5.1990   11.3100   11850.5  0.000076  0.001340
0  980.000  24380.46 351866.44    -27.55      0.09   28.9209      5.00      0.00      2.68
      0.00     23.59   3999.26     56.57  0.000021    2.4751   2896.08      0.00  0.000032
                0.00    102.95     -0.19    5.1230   11.3100   11850.0  0.000078  0.001374
1                         AEC SAFETY ANALYSIS     
 ORBITAL DECAY TRAJECTORY---                                         17/ 4/2022

 TIME(SEC) VR(FPS)    ALT(FT)   LAT(DEG) Q(PSF)    BETA       QDCW      QDRAD     QDFM    
 GSEC      MACH      RANGE(NM)  LON(DEG) RN*10-6   CD         QCW       QRAD      DIFMD   
           P(PSF)     AZ(DEG)   GAMMA    KNUD #    W(LBS)     HT(BTU/LB) PTS(ATM)  S(IN)  
0  990.000  24380.32 351209.85    -27.70      0.09   28.9378      5.08      0.00      2.77
      0.00     23.64   4042.37     57.25  0.000022    2.4737   2946.50      0.00  0.000033
                0.00    102.58     -0.19    5.0470   11.3100   11849.4  0.000080  0.001409
0 1000.000  24380.17 350545.66    -27.84      0.09   28.9549      5.16      0.00      2.86
      0.00     23.69   4085.51     57.93  0.000023    2.4722   2997.71      0.00  0.000034
                0.00    102.20     -0.19    4.9709   11.3100   11848.9  0.000083  0.001445
0 1010.000  24379.99 349873.67    -27.98      0.09   28.9744      5.24      0.00      2.95
      0.00     23.74   4128.69     58.62  0.000024    2.4705   3049.74      0.00  0.000035
                0.00    101.82     -0.19    4.8947   11.3100   11848.3  0.000086  0.001482
0 1020.000  24379.79 349193.68    -28.11      0.10   29.0040      5.33      0.00      3.04
      0.00     23.79   4171.89     59.30  0.000024    2.4680   3102.61      0.00  0.000036
                0.00    101.43     -0.19    4.8184   11.3100   11847.7  0.000089  0.001521
0 1030.000  24379.57 348505.49    -28.24      0.10   29.0339      5.42      0.00      3.15
      0.00     23.84   4215.12     59.99  0.000025    2.4655   3156.35      0.00  0.000037
                0.00    101.05     -0.19    4.7421   11.3100   11847.1  0.000092  0.001560
0 1040.000  24379.33 347808.88    -28.36      0.10   29.0643      5.51      0.00      3.25
      0.00     23.89   4258.38     60.68  0.000026    2.4629   3210.99      0.00  0.000038
                0.00    100.66     -0.19    4.6658   11.3100   11846.4  0.000095  0.001601
0 1050.000  24379.05 347103.63    -28.48      0.11   29.0951      5.60      0.00      3.37
      0.00     23.94   4301.65     61.38  0.000027    2.4603   3266.55      0.00  0.000039
                0.00    100.27     -0.20    4.5894   11.3100   11845.7  0.000098  0.001643
0 1060.000  24378.75 346389.52    -28.60      0.11   29.1264      5.70      0.00      3.48
      0.00     24.00   4344.95     62.07  0.000028    2.4576   3323.08      0.00  0.000040
                0.00     99.87     -0.20    4.5129   11.3100   11845.0  0.000101  0.001686
0 1070.000  24378.42 345666.32    -28.71      0.12   29.1582      5.80      0.00      3.61
      0.00     24.05   4388.26     62.77  0.000029    2.4550   3380.60      0.00  0.000041
                0.00     99.48     -0.20    4.4364   11.3100   11844.2  0.000105  0.001730
1                         AEC SAFETY ANALYSIS     
 ORBITAL DECAY TRAJECTORY---                                         17/ 4/2022

 TIME(SEC) VR(FPS)    ALT(FT)   LAT(DEG) Q(PSF)    BETA       QDCW      QDRAD     QDFM    
 GSEC      MACH      RANGE(NM)  LON(DEG) RN*10-6   CD         QCW       QRAD      DIFMD   
           P(PSF)     AZ(DEG)   GAMMA    KNUD #    W(LBS)     HT(BTU/LB) PTS(ATM)  S(IN)  
0 1080.000  24378.06 344933.78    -28.81      0.12   29.1904      5.91      0.00      3.74
      0.00     24.11   4431.59     63.47  0.000031    2.4523   3439.15      0.00  0.000043
                0.00     99.08     -0.20    4.3598   11.3100   11843.4  0.000109  0.001776
0 1090.000  24377.66 344191.68    -28.91      0.12   29.2231      6.02      0.00      3.88
      0.00     24.17   4474.93     64.17  0.000032    2.4495   3498.76      0.00  0.000044
                0.00     98.68     -0.20    4.2832   11.3100   11842.6  0.000113  0.001824
0 1100.000  24377.23 343439.74    -29.01      0.13   29.2563      6.13      0.00      4.03
      0.00     24.23   4518.28     64.87  0.000033    2.4467   3559.48      0.00  0.000046
                0.00     98.28     -0.20    4.2066   11.3100   11841.7  0.000117  0.001873
0 1110.000  24376.76 342677.71    -29.10      0.13   29.2901      6.25      0.00      4.18
      0.00     24.29   4561.64     65.57  0.000035    2.4439   3621.35      0.00  0.000047
                0.00     97.87     -0.20    4.1299   11.3100   11840.7  0.000122  0.001924
0 1120.000  24376.25 341905.31    -29.19      0.14   29.3244      6.37      0.00      4.35
      0.00     24.35   4605.00     66.27  0.000036    2.4410   3684.41      0.00  0.000049
                0.00     97.46     -0.20    4.0532   11.3100   11839.8  0.000126  0.001976
0 1130.000  24375.69 341122.28    -29.27      0.14   29.3592      6.49      0.00      4.52
      0.00     24.41   4648.37     66.98  0.000038    2.4382   3748.70      0.00  0.000051
                0.00     97.06     -0.21    3.9765   11.3100   11838.7  0.000131  0.002030
0 1140.000  24375.09 340328.30    -29.35      0.15   29.3946      6.62      0.00      4.70
      0.01     24.47   4691.73     67.69  0.000039    2.4352   3814.28      0.00  0.000052
                0.00     96.65     -0.21    3.8998   11.3100   11837.7  0.000137  0.002087
0 1150.000  24374.44 339523.09    -29.43      0.16   29.4457      6.76      0.00      4.90
      0.01     24.54   4735.09     68.39  0.000041    2.4310   3881.19      0.00  0.000054
                0.00     96.24     -0.21    3.8231   11.3100   11836.5  0.000143  0.002145
0 1160.000  24373.74 338706.33    -29.49      0.16   29.5081      6.90      0.00      5.11
      0.01     24.61   4778.44     69.10  0.000043    2.4258   3949.49      0.00  0.000056
                0.00     95.82     -0.21    3.7463   11.3100   11835.3  0.000149  0.002205
1                         AEC SAFETY ANALYSIS     
 ORBITAL DECAY TRAJECTORY---                                         17/ 4/2022

 TIME(SEC) VR(FPS)    ALT(FT)   LAT(DEG) Q(PSF)    BETA       QDCW      QDRAD     QDFM    
 GSEC      MACH      RANGE(NM)  LON(DEG) RN*10-6   CD         QCW       QRAD      DIFMD   
           P(PSF)     AZ(DEG)   GAMMA    KNUD #    W(LBS)     HT(BTU/LB) PTS(ATM)  S(IN)  
0 1170.000  24372.98 337877.68    -29.56      0.17   29.5718      7.05      0.00      5.33
      0.01     24.67   4821.78     69.81  0.000045    2.4206   4019.23      0.00  0.000058
                0.00     95.41     -0.21    3.6696   11.3100   11834.1  0.000155  0.002268
0 1180.000  24372.16 337036.82    -29.62      0.18   29.6366      7.20      0.00      5.57
      0.01     24.74   4865.11     70.52  0.000047    2.4153   4090.49      0.00  0.000061
                0.00     95.00     -0.21    3.5929   11.3100   11832.7  0.000162  0.002333
0 1190.000  24371.28 336183.38    -29.67      0.19   29.7027      7.36      0.00      5.82
      0.01     24.81   4908.42     71.24  0.000050    2.4100   4163.31      0.00  0.000063
                0.00     94.58     -0.22    3.5162   11.3100   11831.4  0.000169  0.002400
0 1200.000  24370.33 335316.99    -29.72      0.19   29.7702      7.53      0.00      6.09
      0.01     24.89   4951.72     71.95  0.000052    2.4045   4237.78      0.00  0.000066
                0.00     94.16     -0.22    3.4396   11.3100   11829.9  0.000177  0.002470
0 1210.000  24369.30 334437.26    -29.77      0.20   29.8389      7.71      0.00      6.37
      0.01     24.96   4994.99     72.66  0.000055    2.3990   4313.95      0.00  0.000068
                0.00     93.74     -0.22    3.3629   11.3100   11828.3  0.000185  0.002543
0 1220.000  24368.20 333543.80    -29.81      0.21   29.9091      7.89      0.00      6.68
      0.01     25.04   5038.24     73.38  0.000058    2.3933   4391.92      0.00  0.000071
                0.00     93.32     -0.22    3.2864   11.3100   11826.7  0.000194  0.002619
0 1230.000  24367.01 332636.17    -29.84      0.22   29.9807      8.08      0.00      7.01
      0.01     25.12   5081.46     74.09  0.000061    2.3876   4471.76      0.00  0.000074
                0.00     92.90     -0.22    3.2099   11.3100   11825.0  0.000204  0.002698
0 1240.000  24365.73 331713.94    -29.88      0.24   30.0539      8.28      0.00      7.36
      0.01     25.20   5124.64     74.81  0.000065    2.3818   4553.56      0.00  0.000077
                0.00     92.48     -0.23    3.1335   11.3100   11823.1  0.000214  0.002780
0 1250.000  24364.35 330776.62    -29.90      0.25   30.1286      8.49      0.00      7.74
      0.01     25.28   5167.79     75.52  0.000068    2.3759   4637.41      0.00  0.000080
                0.00     92.06     -0.23    3.0572   11.3100   11821.2  0.000225  0.002866
1                         AEC SAFETY ANALYSIS     
 ORBITAL DECAY TRAJECTORY---                                         17/ 4/2022

 TIME(SEC) VR(FPS)    ALT(FT)   LAT(DEG) Q(PSF)    BETA       QDCW      QDRAD     QDFM    
 GSEC      MACH      RANGE(NM)  LON(DEG) RN*10-6   CD         QCW       QRAD      DIFMD   
           P(PSF)     AZ(DEG)   GAMMA    KNUD #    W(LBS)     HT(BTU/LB) PTS(ATM)  S(IN)  
0 1260.000  24362.86 329823.74    -29.92      0.26   30.2132      8.71      0.00      8.15
      0.01     25.36   5210.91     76.24  0.000072    2.3692   4723.42      0.00  0.000084
                0.00     91.64     -0.23    2.9809   11.3100   11819.1  0.000237  0.002956
0 1270.000  24361.26 328854.77    -29.94      0.27   30.3373      8.94      0.00      8.59
      0.01     25.45   5253.98     76.95  0.000077    2.3595   4811.69      0.00  0.000088
                0.00     91.22     -0.23    2.9048   11.3100   11817.0  0.000250  0.003049
0 1280.000  24359.53 327869.16    -29.95      0.29   30.4645      9.19      0.00      9.07
      0.01     25.53   5297.01     77.67  0.000081    2.3497   4902.34      0.00  0.000092
                0.00     90.80     -0.24    2.8295   11.3100   11814.7  0.000264  0.003147
0 1290.000  24357.68 326866.35    -29.96      0.31   30.5951      9.43      0.00      9.55
      0.01     25.58   5339.98     78.39  0.000086    2.3397   4995.39      0.00  0.000096
                0.00     90.37     -0.24    2.7572   11.3100   11812.5  0.000278  0.003250
0 1300.000  24355.70 325845.71    -29.96      0.32   30.7292      9.68      0.00     10.08
      0.01     25.64   5382.91     79.10  0.000091    2.3295   5090.92      0.00  0.000100
                0.00     89.95     -0.24    2.6852   11.3100   11810.2  0.000293  0.003357
0 1310.000  24353.57 324806.62    -29.96      0.34   30.8669      9.95      0.00     10.65
      0.01     25.70   5425.79     79.82  0.000097    2.3191   5189.07      0.00  0.000105
                0.00     89.53     -0.25    2.6134   11.3100   11807.8  0.000310  0.003468
0 1320.000  24351.29 323748.40    -29.95      0.36   31.0083     10.23      0.00     11.26
      0.01     25.75   5468.60     80.54  0.000103    2.3085   5289.95      0.00  0.000110
                0.00     89.11     -0.25    2.5419   11.3100   11805.1  0.000328  0.003585
0 1330.000  24348.83 322670.34    -29.94      0.38   31.1538     10.52      0.00     11.92
      0.01     25.81   5511.35     81.25  0.000109    2.2977   5393.71      0.00  0.000115
                0.00     88.68     -0.25    2.4708   11.3100   11802.4  0.000347  0.003708
0 1340.000  24346.20 321571.67    -29.92      0.40   31.3035     10.84      0.00     12.64
      0.01     25.87   5554.04     81.97  0.000116    2.2867   5500.50      0.00  0.000121
                0.00     88.26     -0.26    2.3999   11.3100   11799.4  0.000368  0.003836
1                         AEC SAFETY ANALYSIS     
 ORBITAL DECAY TRAJECTORY---                                         17/ 4/2022

 TIME(SEC) VR(FPS)    ALT(FT)   LAT(DEG) Q(PSF)    BETA       QDCW      QDRAD     QDFM    
 GSEC      MACH      RANGE(NM)  LON(DEG) RN*10-6   CD         QCW       QRAD      DIFMD   
           P(PSF)     AZ(DEG)   GAMMA    KNUD #    W(LBS)     HT(BTU/LB) PTS(ATM)  S(IN)  
0 1350.000  24343.37 320451.60    -29.90      0.43   31.4576     11.16      0.00     13.42
      0.01     25.94   5596.66     82.69  0.000124    2.2755   5610.49      0.00  0.000126
                0.00     87.84     -0.26    2.3294   11.3100   11796.2  0.000391  0.003971
0 1360.000  24340.32 319309.29    -29.87      0.46   31.6704     11.51      0.00     14.28
      0.01     26.00   5639.21     83.40  0.000132    2.2602   5723.85      0.00  0.000133
                0.00     87.42     -0.26    2.2593   11.3100   11792.8  0.000416  0.004112
0 1370.000  24337.04 318143.83    -29.84      0.49   31.9272     11.88      0.00     15.21
      0.02     26.06   5681.69     84.12  0.000142    2.2420   5840.77      0.00  0.000140
                0.00     87.00     -0.27    2.1895   11.3100   11789.2  0.000443  0.004261
0 1380.000  24333.53 316954.27    -29.80      0.52   32.1937     12.27      0.00     16.22
      0.02     26.13   5724.08     84.83  0.000152    2.2235   5961.47      0.00  0.000147
                0.00     86.58     -0.27    2.1201   11.3100   11785.3  0.000473  0.004417
0 1390.000  24329.75 315739.60    -29.76      0.55   32.4704     12.68      0.00     17.34
      0.02     26.20   5766.40     85.54  0.000163    2.2045   6086.16      0.00  0.000155
                0.00     86.16     -0.28    2.0511   11.3100   11781.2  0.000505  0.004582
0 1400.000  24325.68 314498.73    -29.71      0.59   32.7581     13.11      0.00     18.57
      0.02     26.27   5808.63     86.26  0.000176    2.1852   6215.09      0.00  0.000163
                0.00     85.74     -0.28    1.9825   11.3100   11776.7  0.000541  0.004756
0 1410.000  24321.29 313230.51    -29.66      0.64   33.0574     13.58      0.00     19.91
      0.02     26.34   5850.77     86.97  0.000189    2.1654   6348.52      0.00  0.000172
                0.00     85.33     -0.29    1.9144   11.3100   11772.0  0.000581  0.004939
0 1420.000  24316.56 311933.73    -29.61      0.68   33.3691     14.07      0.00     21.41
      0.02     26.42   5892.82     87.68  0.000205    2.1452   6486.74      0.00  0.000182
                0.00     84.91     -0.29    1.8467   11.3100   11766.9  0.000624  0.005132
0 1430.000  24311.44 310607.07    -29.54      0.74   33.6942     14.60      0.00     23.06
      0.02     26.49   5934.78     88.39  0.000222    2.1245   6630.07      0.00  0.000193
                0.00     84.50     -0.30    1.7795   11.3100   11761.4  0.000672  0.005336
1                         AEC SAFETY ANALYSIS     
 ORBITAL DECAY TRAJECTORY---                                         17/ 4/2022

 TIME(SEC) VR(FPS)    ALT(FT)   LAT(DEG) Q(PSF)    BETA       QDCW      QDRAD     QDFM    
 GSEC      MACH      RANGE(NM)  LON(DEG) RN*10-6   CD         QCW       QRAD      DIFMD   
           P(PSF)     AZ(DEG)   GAMMA    KNUD #    W(LBS)     HT(BTU/LB) PTS(ATM)  S(IN)  
0 1440.000  24305.91 309249.13    -29.48      0.80   34.1164     15.16      0.00     24.89
      0.02     26.57   5976.64     89.10  0.000241    2.0982   6778.85      0.00  0.000204
                0.00     84.08     -0.31    1.7128   11.3100   11755.5  0.000726  0.005553
0 1450.000  24299.94 307858.40    -29.41      0.86   34.6305     15.77      0.00     26.93
      0.02     26.65   6018.40     89.81  0.000262    2.0670   6933.45      0.00  0.000216
                0.00     83.67     -0.31    1.6466   11.3100   11749.1  0.000786  0.005782
0 1460.000  24293.49 306433.29    -29.33      0.94   35.1737     16.41      0.00     29.21
      0.03     26.74   6060.06     90.51  0.000286    2.0351   7094.30      0.00  0.000230
                0.00     83.26     -0.32    1.5809   11.3100   11742.3  0.000852  0.006025
0 1470.000  24286.52 304972.05    -29.26      1.02   35.7487     17.11      0.00     31.76
      0.03     26.82   6101.61     91.22  0.000313    2.0024   7261.85      0.00  0.000244
                0.00     82.85     -0.33    1.5159   11.3100   11735.0  0.000927  0.006284
0 1480.000  24278.97 303472.85    -29.17      1.11   36.3585     17.85      0.00     34.64
      0.03     26.91   6143.05     91.92  0.000344    1.9688   7436.62      0.00  0.000260
                0.00     82.45     -0.34    1.4514   11.3100   11727.1  0.001011  0.006559
0 1490.000  24270.76 301933.69    -29.08      1.21   37.0065     18.66      0.00     37.88
      0.03     27.00   6184.38     92.62  0.000379    1.9343   7619.15      0.00  0.000277
                0.00     82.04     -0.35    1.3876   11.3100   11718.5  0.001107  0.006852
0 1500.000  24261.84 300352.44    -28.99      1.33   37.6968     19.54      0.00     41.56
      0.04     27.10   6225.59     93.32  0.000419    1.8989   7810.08      0.00  0.000296
                0.00     81.64     -0.36    1.3244   11.3100   11709.2  0.001215  0.007164
0 1510.000  24252.12 298726.78    -28.89      1.47   38.5049     20.48      0.00     45.75
      0.04     27.20   6266.69     94.02  0.000464    1.8590   8010.11      0.00  0.000316
                0.00     81.24     -0.36    1.2620   11.3100   11699.2  0.001337  0.007497
0 1520.000  24241.54 297054.21    -28.79      1.62   39.3945     21.51      0.00     50.54
      0.04     27.30   6307.66     94.72  0.000517    1.8171   8220.02      0.00  0.000338
                0.00     80.84     -0.38    1.2003   11.3100   11688.3  0.001478  0.007854
1                         AEC SAFETY ANALYSIS     
 ORBITAL DECAY TRAJECTORY---                                         17/ 4/2022

 TIME(SEC) VR(FPS)    ALT(FT)   LAT(DEG) Q(PSF)    BETA       QDCW      QDRAD     QDFM    
 GSEC      MACH      RANGE(NM)  LON(DEG) RN*10-6   CD         QCW       QRAD      DIFMD   
           P(PSF)     AZ(DEG)   GAMMA    KNUD #    W(LBS)     HT(BTU/LB) PTS(ATM)  S(IN)  
0 1530.000  24229.97 295332.02    -28.68      1.80   40.3546     22.63      0.00     56.04
      0.04     27.41   6348.50     95.41  0.000579    1.7738   8440.67      0.00  0.000362
                0.00     80.44     -0.39    1.1393   11.3100   11676.4  0.001640  0.008236
0 1540.000  24217.38 293557.29    -28.57      1.99   41.3941     23.75      0.00     61.81
      0.05     27.40   6389.22     96.11  0.000639    1.7293   8672.54      0.00  0.000386
                0.00     80.05     -0.40    1.0838   11.3100   11664.2  0.001810  0.008644
0 1550.000  24203.72 291726.82    -28.46      2.20   42.5239     24.96      0.00     68.37
      0.05     27.38   6429.80     96.80  0.000708    1.6833   8916.02      0.00  0.000413
                0.00     79.66     -0.41    1.0293   11.3100   11651.0  0.002003  0.009079
0 1560.000  24188.89 289837.20    -28.34      2.44   43.7315     26.26      0.00     75.87
      0.06     27.36   6470.25     97.49  0.000786    1.6369   9172.05      0.00  0.000441
                0.00     79.27     -0.43    0.9759   11.3100   11636.6  0.002224  0.009545
0 1570.000  24172.68 287884.70    -28.21      2.72   44.7620     27.68      0.00     84.48
      0.06     27.34   6510.56     98.17  0.000877    1.5992   9441.70      0.00  0.000472
                0.01     78.88     -0.44    0.9236   11.3100   11621.0  0.002478  0.010043
0 1580.000  24154.88 285865.33    -28.09      3.04   45.8802     29.23      0.00     94.40
      0.07     27.32   6550.72     98.86  0.000981    1.5602   9726.16      0.00  0.000505
                0.01     78.50     -0.46    0.8724   11.3100   11603.8  0.002771  0.010575
0 1590.000  24135.29 283774.71    -27.95      3.41   47.0982     30.92      0.00    105.90
      0.07     27.30   6590.74     99.54  0.001102    1.5199  10026.76      0.00  0.000542
                0.01     78.12     -0.47    0.8224   11.3100   11584.9  0.003111  0.011146
0 1600.000  24113.68 281608.04    -27.82      3.85   48.4307     32.76      0.00    119.28
      0.08     27.28   6630.61    100.22  0.001244    1.4780  10345.01      0.00  0.000582
                0.01     77.74     -0.49    0.7735   11.3100   11564.1  0.003507  0.011759
0 1610.000  24089.78 279360.11    -27.68      4.36   49.6671     34.78      0.00    134.90
      0.09     27.25   6670.33    100.90  0.001409    1.4412  10682.58      0.00  0.000625
                0.01     77.36     -0.51    0.7259   11.3100   11541.0  0.003970  0.012416
1                         AEC SAFETY ANALYSIS     
 ORBITAL DECAY TRAJECTORY---                                         17/ 4/2022

 TIME(SEC) VR(FPS)    ALT(FT)   LAT(DEG) Q(PSF)    BETA       QDCW      QDRAD     QDFM    
 GSEC      MACH      RANGE(NM)  LON(DEG) RN*10-6   CD         QCW       QRAD      DIFMD   
           P(PSF)     AZ(DEG)   GAMMA    KNUD #    W(LBS)     HT(BTU/LB) PTS(ATM)  S(IN)  
0 1620.000  24062.93 277025.15    -27.53      4.96   50.4020     37.01      0.00    153.28
      0.10     27.22   6709.89    101.57  0.001605    1.4202  11041.38      0.00  0.000672
                0.01     76.99     -0.53    0.6795   11.3100   11515.2  0.004516  0.013124
0 1630.000  24032.52 274596.83    -27.38      5.67   51.1898     39.47      0.00    175.02
      0.11     27.19   6749.28    102.24  0.001837    1.3984  11423.56      0.00  0.000725
                0.01     76.62     -0.55    0.6343   11.3100   11486.0  0.005163  0.013885
0 1640.000  23997.95 272068.00    -27.23      6.51   52.0367     42.18      0.00    200.83
      0.13     27.15   6788.50    102.91  0.002114    1.3756  11831.54      0.00  0.000782
                0.01     76.25     -0.58    0.5904   11.3100   11452.8  0.005933  0.014707
0 1650.000  23958.46 269430.66    -27.08      7.53   52.7858     45.19      0.00    231.77
      0.14     27.10   6827.54    103.58  0.002448    1.3561  12268.08      0.00  0.000846
                0.01     75.89     -0.61    0.5478   11.3100   11415.0  0.006859  0.015594
0 1660.000  23912.66 266675.78    -26.92      8.75   52.9580     48.53      0.00    269.02
      0.17     27.05   6866.39    104.24  0.002852    1.3517  12736.35      0.00  0.000916
                0.02     75.53     -0.64    0.5065   11.3100   11371.2  0.007976  0.016554
0 1670.000  23858.99 263793.05    -26.75     10.25   53.1393     52.25      0.00    314.20
      0.19     26.99   6905.04    104.90  0.003346    1.3471  13239.90      0.00  0.000995
                0.02     75.18     -0.67    0.4666   11.3100   11320.0  0.009337  0.017596
0 1680.000  23795.91 260770.63    -26.59     11.94   53.3307     56.09      0.00    365.27
      0.22     26.77   6943.48    105.55  0.003873    1.3422  13781.98      0.00  0.001076
                0.02     74.82     -0.71    0.4302   11.3100   11260.8  0.010883  0.018726
0 1690.000  23722.53 257594.72    -26.41     13.85   53.3894     60.01      0.00    422.31
      0.26     26.42   6981.69    106.21  0.004426    1.3408  14362.22      0.00  0.001161
                0.03     74.47     -0.75    0.3971   11.3100   11192.8  0.012622  0.019946
0 1700.000  23636.86 254249.48    -26.24     16.13   53.4027     64.25      0.00    489.95
      0.30     26.04   7019.66    106.85  0.005078    1.3404  14983.21      0.00  0.001254
                0.03     74.13     -0.79    0.3655   11.3100   11113.5  0.014696  0.021262
1                         AEC SAFETY ANALYSIS     
 ORBITAL DECAY TRAJECTORY---                                         17/ 4/2022

 TIME(SEC) VR(FPS)    ALT(FT)   LAT(DEG) Q(PSF)    BETA       QDCW      QDRAD     QDFM    
 GSEC      MACH      RANGE(NM)  LON(DEG) RN*10-6   CD         QCW       QRAD      DIFMD   
           P(PSF)     AZ(DEG)   GAMMA    KNUD #    W(LBS)     HT(BTU/LB) PTS(ATM)  S(IN)  
0 1710.000  23536.46 250716.73    -26.07     18.85   53.4168     68.83      0.00    570.30
      0.35     25.65   7057.36    107.49  0.005850    1.3401  15648.30      0.00  0.001356
                0.04     73.79     -0.84    0.3354   11.3100   11020.7  0.017180  0.022684
0 1720.000  23418.34 246975.58    -25.89     22.14   53.4196     73.78      0.00    666.29
      0.41     25.24   7094.77    108.13  0.006771    1.3400  16361.07      0.00  0.001469
                0.05     73.46     -0.90    0.3067   11.3100   10911.8  0.020172  0.024224
0 1730.000  23278.77 243002.07    -25.70     26.11   53.4196     79.12      0.00    781.35
      0.49     24.79   7131.86    108.76  0.007876    1.3400  17125.24      0.00  0.001594
                0.06     73.12     -0.97    0.2794   11.3100   10783.7  0.023798  0.025893
0 1740.000  23113.13 238768.63    -25.52     30.95   53.4196     84.83      0.00    919.61
      0.58     24.32   7168.60    109.39  0.009210    1.3400  17944.64      0.00  0.001734
                0.07     72.80     -1.04    0.2534   11.3100   10632.4  0.028210  0.027707
0 1750.000  22915.64 234243.60    -25.33     36.88   53.4196     90.89      0.00   1086.20
      0.69     23.80   7204.94    110.00  0.010831    1.3400  18822.96      0.00  0.001890
                0.09     72.48     -1.13    0.2287   11.3100   10453.1  0.033607  0.029682
0 1760.000  22679.05 229390.74    -25.15     44.16   53.4196     97.27      0.00   1287.33
      0.83     23.25   7240.83    110.61  0.012817    1.3400  19763.57      0.00  0.002065
                0.12     72.16     -1.23    0.2053   11.3100   10240.1  0.040245  0.031837
0 1770.000  22394.24 224168.67    -24.96     53.15   53.4196    103.85      0.00   1529.97
      1.00     22.64   7276.21    111.21  0.015264    1.3400  20769.09      0.00  0.002260
                0.15     71.86     -1.34    0.1832   11.3100    9986.4  0.048440  0.034194
0 1780.000  22049.78 218530.49    -24.77     64.28   53.4196    110.46      0.00   1821.73
      1.20     21.96   7310.99    111.80  0.018299    1.3400  21840.75      0.00  0.002479
                0.19     71.55     -1.48    0.1624   11.3100    9683.5  0.058578  0.036777
0 1790.000  21631.43 212423.72    -24.58     78.05   53.4196    116.81      0.00   2169.97
      1.46     21.22   7345.08    112.38  0.022085    1.3400  22977.49      0.00  0.002724
                0.25     71.26     -1.64    0.1428   11.3100    9321.6  0.071125  0.039613
1                         AEC SAFETY ANALYSIS     
 ORBITAL DECAY TRAJECTORY---                                         17/ 4/2022

 TIME(SEC) VR(FPS)    ALT(FT)   LAT(DEG) Q(PSF)    BETA       QDCW      QDRAD     QDFM    
 GSEC      MACH      RANGE(NM)  LON(DEG) RN*10-6   CD         QCW       QRAD      DIFMD   
           P(PSF)     AZ(DEG)   GAMMA    KNUD #    W(LBS)     HT(BTU/LB) PTS(ATM)  S(IN)  
0 1800.000  21121.69 205790.59    -24.39     95.05   53.4196    122.47      0.00   2580.57
      1.78     20.38   7378.35    112.94  0.026831    1.3400  24174.68      0.00  0.002994
                0.33     70.97     -1.83    0.1244   11.3100    8889.8  0.086624  0.042729
0 1810.000  20498.09 198569.52    -24.21    116.89   53.4196    127.33      0.00   3079.69
      2.19     19.53   7410.66    113.48  0.033293    1.3400  25423.67      0.00  0.003305
                0.44     70.70     -2.06    0.1070   11.3100    8374.2  0.106524  0.046159
0 1820.000  19724.01 190699.90    -24.03    145.30   53.4196    130.69      0.00   3683.57
      2.72     18.62   7441.80    114.00  0.042382    1.3400  26715.93      0.00  0.003663
                0.60     70.43     -2.34    0.0904   11.3100    7754.3  0.132411  0.049956
0 1830.000  18761.32 182128.75    -23.85    180.14   53.4196    130.67      0.00   4343.98
      3.37     17.54   7471.53    114.50  0.054387    1.3400  28026.13      0.00  0.004048
                0.84     70.18     -2.68    0.0752   11.3100    7016.4  0.164163  0.054161
0 1840.000  17572.06 172819.77    -23.68    221.03   53.4196    125.74      0.00   4992.17
      4.14     16.25   7499.53    114.96  0.070080    1.3400  29312.88      0.00  0.004440
                1.20     69.94     -3.11    0.0614   11.3100    6155.7  0.201428  0.058791
0 1850.000  16111.60 162771.42    -23.52    271.36   53.4196    115.61      0.00   5619.59
      5.08     14.89   7525.43    115.39  0.093705    1.3400  30525.04      0.00  0.004857
                1.75     69.72     -3.65    0.0486   11.3100    5173.3  0.247296  0.063863
0 1859.596  14417.65 152496.24    -23.38    323.77   53.4196     99.45      0.00   6000.04
      6.06     13.38   7547.90    115.76  0.125822    1.3400  31560.76      0.00  0.005222
                2.58     69.52     -4.32    0.0377   11.3100    4139.2  0.295061  0.069138
0 1867.226  12846.42 143981.83    -23.29    367.50   53.4196     82.68      0.00   6068.25
      6.88     12.09   7563.82    116.01  0.163770    1.3400  32258.09      0.00  0.005478
                3.59     69.38     -5.00    0.0299   11.3100    3280.5  0.334914  0.073598
0 1873.466  11429.09 136890.88    -23.21    394.75   53.4196     66.64      0.00   5799.09
      7.39     10.88   7575.38    116.20  0.201420    1.3400  32724.66      0.00  0.005591
                4.76     69.28     -5.68    0.0242   11.3100    2590.6  0.359750  0.077371
1                         AEC SAFETY ANALYSIS     
 ORBITAL DECAY TRAJECTORY---                                         17/ 4/2022

 TIME(SEC) VR(FPS)    ALT(FT)   LAT(DEG) Q(PSF)    BETA       QDCW      QDRAD     QDFM    
 GSEC      MACH      RANGE(NM)  LON(DEG) RN*10-6   CD         QCW       QRAD      DIFMD   
           P(PSF)     AZ(DEG)   GAMMA    KNUD #    W(LBS)     HT(BTU/LB) PTS(ATM)  S(IN)  
0 1878.824  10149.71 130786.88    -23.16    407.36   53.4196     52.45      0.00   5314.32
      7.63      9.76   7584.18    116.33  0.237914    1.3400  33043.57      0.00  0.005596
                6.11     69.20     -6.38    0.0200   11.3100    2036.9  0.371233  0.080645
0 1883.593   8994.36 125395.20    -23.11    407.57   53.4196     40.46      0.00   4711.85
      7.63      8.73   7591.12    116.44  0.272628    1.3400  33264.74      0.00  0.005520
                7.64     69.13     -7.12    0.0167   11.3100    1593.2  0.371426  0.083540
0 1887.963   7950.77 120531.19    -23.08    397.87   53.4196     30.66      0.00   4066.00
      7.45      7.78   7596.73    116.52  0.305222    1.3400  33419.61      0.00  0.005383
                9.39     69.08     -7.92    0.0141   11.3100    1238.2  0.362586  0.086141
0 1892.059   7007.99 116063.73    -23.05    380.52   53.4196     22.86      0.00   3427.62
      7.12      6.91   7601.37    116.59  0.335467    1.3400  33528.76      0.00  0.005204
               11.37     69.03     -8.80    0.0119   11.3100     954.8  0.346778  0.088508
0 1895.976   6156.29 111894.85    -23.02    357.60   53.4196     16.77      0.00   2829.71
      6.69      6.12   7605.25    116.64  0.363292    1.3400  33605.96      0.00  0.004998
               13.65     68.99     -9.77    0.0102   11.3100     729.3  0.325893  0.090689
0 1899.789   5386.97 107947.56    -23.00    330.90   53.4196     11.62      0.00   2291.20
      6.19      5.39   7608.56    116.69  0.388729    1.3400  33659.19      0.00  0.004587
               16.26     68.95    -10.87    0.0086   11.3100     550.5  0.301557  0.092667
0 1903.560   4692.35 104156.21    -22.98    300.93   53.4196      8.25      0.00   1814.98
      5.63      4.72   7611.40    116.72  0.409458    1.3400  33696.08      0.00  0.004378
               19.28     68.92    -12.13    0.0074   11.3100     409.6  0.260690  0.094498
0 1907.372   4065.72 100439.61    -22.97    268.65   53.4196      5.60      0.00   1403.95
      5.03      4.10   7613.88    116.75  0.423608    1.3400  33722.34      0.00  0.004063
               22.81     68.89    -13.61    0.0063   11.3100     299.5  0.234989  0.096263
0 1911.290   3500.75  96734.65    -22.95    236.97   53.4196      3.56      0.00   1066.30
      4.44      3.54   7616.07    116.77  0.435734    1.3400  33740.03      0.00  0.003627
               27.00     68.86    -15.38    0.0054   11.3100     213.6  0.209608  0.097906
1                         AEC SAFETY ANALYSIS     
 ORBITAL DECAY TRAJECTORY---                                         17/ 4/2022

 TIME(SEC) VR(FPS)    ALT(FT)   LAT(DEG) Q(PSF)    BETA       QDCW      QDRAD     QDFM    
 GSEC      MACH      RANGE(NM)  LON(DEG) RN*10-6   CD         QCW       QRAD      DIFMD   
           P(PSF)     AZ(DEG)   GAMMA    KNUD #    W(LBS)     HT(BTU/LB) PTS(ATM)  S(IN)  
0 1915.379   2992.16  92984.42    -22.94    206.56   53.4196      2.19      0.00    794.41
      3.87      3.03   7618.01    116.79  0.446216    1.3400  33751.58      0.00  0.003232
               32.06     68.83    -17.52    0.0045   11.3100     147.2  0.185228  0.099432
0 1919.716   2535.35  89124.93    -22.93    178.05   53.4196      1.29      0.00    580.24
      3.33      2.58   7619.74    116.81  0.455911    1.3400  33758.96      0.00  0.002913
               38.29     68.80    -20.18    0.0038   11.3100      96.2  0.162560  0.100883
0 1924.401   2126.59  85079.02    -22.92    151.90   53.4196      0.70      0.00    415.20
      2.84      2.17   7621.28    116.81  0.465813    1.3400  33763.52      0.00  0.002650
               46.18     68.77    -23.54    0.0032   11.3100      57.6  0.142188  0.102301
0 1929.568   1763.04  80747.45    -22.91    128.49   53.4196      0.32      0.00    291.17
      2.41      1.80   7622.66    116.82  0.477612    1.3400  33766.08      0.00  0.002419
               56.50     68.74    -27.88    0.0026   11.3100      28.8  0.124791  0.103728
0 1935.421   1442.83  75993.39    -22.90    108.24   53.4196      0.08      0.00    200.74
      2.03      1.48   7623.89    116.81  0.494339    1.3400  33767.18      0.00  0.002212
               70.60     68.70    -33.58    0.0021   11.3100       7.7  0.111337  0.105204
0 1942.282   1164.92  70616.37    -22.90     91.65   53.4196     -0.07      0.00    137.22
      1.72      1.20   7624.97    116.81  0.521622    1.3400  33767.14      0.00  0.002138
               91.02     68.66    -41.21    0.0017   11.3100      -7.5  0.103515  0.106814
0 1950.736    938.55  64293.34    -22.89     80.94   75.2705     -0.16      0.00     97.65
      1.08      0.97   7625.90    116.79  0.575016    0.9510  33766.12      0.00  0.002138
              123.02     68.60    -51.40    0.0013   11.3100     -17.6  0.106232  0.108786
0 1960.736    836.24  56850.42    -22.89     91.70   75.2705     -0.21      0.00     98.57
      1.22      0.86   7626.63    116.76  0.731183    0.9510  33764.29      0.00  0.002138
              175.57     68.52    -62.45    0.0010   11.3100     -21.2  0.134996  0.111118
0 1970.736    724.55  49668.73    -22.88     97.05   75.2705     -0.26      0.00     90.39
      1.29      0.75   7627.10    116.73  0.893101    0.9510  33761.94      0.00  0.002138
              247.51     68.42    -71.43    0.0008   11.3100     -24.7  0.169604  0.113451
1                         AEC SAFETY ANALYSIS     
 ORBITAL DECAY TRAJECTORY---                                         17/ 4/2022

 TIME(SEC) VR(FPS)    ALT(FT)   LAT(DEG) Q(PSF)    BETA       QDCW      QDRAD     QDFM    
 GSEC      MACH      RANGE(NM)  LON(DEG) RN*10-6   CD         QCW       QRAD      DIFMD   
           P(PSF)     AZ(DEG)   GAMMA    KNUD #    W(LBS)     HT(BTU/LB) PTS(ATM)  S(IN)  
0 1980.736    618.34  43197.16    -22.88     96.34   75.2705     -0.31      0.00     76.57
      1.28      0.64   7627.36    116.69  1.038860    0.9510  33759.10      0.00  0.002138
              337.35     68.25    -78.35    0.0006   11.3100     -27.6  0.209773  0.115783
0 1990.736    529.77  37546.57    -22.88     92.69   75.2705     -0.34      0.00     63.12
      1.23      0.55   7627.50    116.65  1.166553    0.9510  33755.84      0.00  0.002138
              442.15     67.93    -83.25    0.0005   11.3100     -29.6  0.256112  0.118115
0 2000.736    464.20  32619.39    -22.88     87.06   75.2705     -0.34      0.00     51.95
      1.16      0.47   7627.57    116.61  1.217920    0.9510  33752.39      0.00  0.002138
              558.35     67.26    -86.39    0.0004   11.3100     -27.9  0.307327  0.120447
0 2010.736    419.77  28216.36    -22.88     83.75   75.2705     -0.31      0.00     45.19
      1.11      0.42   7627.60    116.57  1.255293    0.9510  33749.14      0.00  0.002138
              682.32     65.81    -88.17    0.0004   11.3100     -24.9  0.363760  0.122780
0 2020.736    386.37  24193.49    -22.88     81.88   75.2705     -0.29      0.00     40.66
      1.09      0.38   7627.61    116.53  1.297124    0.9510  33746.14      0.00  0.002138
              814.35     62.75    -89.10    0.0003   11.3100     -22.0  0.424911  0.125112
0 2030.736    359.61  20468.23    -22.88     80.65   75.2705     -0.26      0.00     37.28
      1.07      0.35   7627.62    116.48  1.339619    0.9510  33743.39      0.00  0.002138
              954.43     56.89    -89.53    0.0003   11.3100     -19.2  0.490281  0.127444
0 2040.736    337.39  16986.47    -22.88     79.78   75.2705     -0.23      0.00     34.60
      1.06      0.32   7627.62    116.44  1.381518    0.9510  33740.91      0.00  0.002138
             1102.34     48.04    -89.72    0.0003   11.3100     -16.6  0.559581  0.129776
0 2050.736    318.50  13709.45    -22.88     79.13   75.2705     -0.20      0.00     32.39
      1.05      0.30   7627.62    116.40  1.422623    0.9510  33738.71      0.00  0.002138
             1258.17     38.97    -89.80    0.0003   11.3100     -14.0  0.632772  0.132109
0 2060.736    302.16  10608.07    -22.88     78.62   75.2705     -0.17      0.00     30.53
      1.04      0.28   7627.62    116.36  1.462646    0.9510  33736.82      0.00  0.002138
             1421.58     32.61    -89.83    0.0002   11.3100     -11.6  0.709643  0.134441
1                         AEC SAFETY ANALYSIS     
 ORBITAL DECAY TRAJECTORY---                                         17/ 4/2022

 TIME(SEC) VR(FPS)    ALT(FT)   LAT(DEG) Q(PSF)    BETA       QDCW      QDRAD     QDFM    
 GSEC      MACH      RANGE(NM)  LON(DEG) RN*10-6   CD         QCW       QRAD      DIFMD   
           P(PSF)     AZ(DEG)   GAMMA    KNUD #    W(LBS)     HT(BTU/LB) PTS(ATM)  S(IN)  
0 2070.736    287.84   7659.60    -22.88     78.22   75.2705     -0.14      0.00     28.94
      1.04      0.26   7627.62    116.32  1.501740    0.9510  33735.23      0.00  0.002138
             1592.65     28.99    -89.84    0.0002   11.3100      -9.2  0.790206  0.136774
0 2080.736    275.15   4845.88    -22.88     77.90   75.2705     -0.11      0.00     27.55
      1.03      0.25   7627.62    116.28  1.539829    0.9510  33733.96      0.00  0.002138
             1771.10     26.90    -89.84    0.0002   11.3100      -7.0  0.874306  0.139107
0 2090.736    263.81   2152.08    -22.88     77.63   75.2705     -0.08      0.00     26.32
      1.03      0.24   7627.62    116.23  1.576875    0.9510  33733.02      0.00  0.002138
             1956.68     25.53    -89.85    0.0002   11.3100      -4.8  0.961814  0.141439
0 2098.580    255.71    115.00    -22.88     77.45   75.2705     -0.05      0.00     25.46
      1.03      0.23   7627.62    116.20  1.605373    0.9510  33732.50      0.00  0.002138
             2107.39     24.68    -89.85    0.0002   11.3100      -3.1  1.032908  0.143269
0

      CROSS RANGE= -2789.932      DOWN RANGE=   7099.079
