1 SAGINAW_EJECTA_I: Cd=0.4 10497.16fps @ 5000ft AMSL 138.2964az 42.34  1/ 5/2022
                      **** OPTION TABLES ****

        INPUT AERO TABLE 
     CD        ALTITUDE(FT)
  0.000100          0.00
  0.000100     500000.00
        LOW MACH NO. TABLE  
 SWITCH WHEN M <  25.00  OR WHEN ALTITUDE < 500000.0  AND GAMMA <   0.00
     CD        MACH 
  0.400000          0.00
  0.500000          0.50
  0.900000          1.00
  1.000000          1.50
  0.900000          4.00
  0.900000         25.00
1 SAGINAW_EJECTA_I: Cd=0.4 10497.16fps @ 5000ft AMSL 138.2964az 42.34  1/ 5/2022
            INPUT VARIABLES 


     START OF SKIP    1
  INITIAL CONDITIONS
                         RELATIVE      INERTIAL
      VELOCITY(FPS)         10000.00     10497.16
      FLIGHT PATH(DEG)       45.0001      42.3469
      AZIMUTH(DEG)          145.0000     138.2964
      TIME(SEC)                 0.00
      TIME FINAL (SEC)       615.839
      WEIGHT(LBS)             530.40
      ALTITUDE(FT)           5000.00
      LATITUDE-GEOD(DEG)       43.68
      LONGITUDE(DEG)          -83.82
      REF AREA(FT**2)        8.45000
      REF LENGTH(FT)            1.64
      L/D SUPERSONIC          0.0000
      L/D SUBSONIC            0.0000
      Y/D SUPERSONIC          0.0000
      Y/D SUBSONIC            0.0000
      Q STAG. FACTOR          1.2600
      GRAP. DENS(PCF)       110.0000
               1962 STANDARD ATMOSPHERE
               CIRCULAR VELOCITY(FPS) =    25944.91
               OBLATE EARTH MODEL, POLAR & EQUATORIAL RADII(FT) =
                               0.20855487E+08 0.20925646E+08
               ROTATING EARTH, WE(RAD/SEC) =   0.72921150E-04
               PRINT EVERY  10 TIME STEP 
               MAX TIME STEP =  0.5000  MIN TIME STEP =  0.1000
               CUTOFF ALT(FT) =      1.0 OR 10000000.0
               RADIATIVE FLUX-MODIFIED CALLIS  
1                         AEC SAFETY ANALYSIS     
 SAGINAW_EJECTA_I: Cd=0.4 10497.16fps @ 5000ft AMSL 138.2964az 42.34  1/ 5/2022

 TIME(SEC) VR(FPS)    ALT(FT)   LAT(DEG) Q(PSF)    BETA       QDCW      QDRAD     QDFM    
 GSEC      MACH      RANGE(NM)  LON(DEG) RN*10-6   CD         QCW       QRAD      DIFMD   
           P(PSF)     AZ(DEG)   GAMMA    KNUD #    W(LBS)     HT(BTU/LB) PTS(ATM)  S(IN)  
0    0.000  10000.00     5000.     43.49 102407.59**********    805.44      0.001316292.62
      0.16      9.12      0.00    -86.39 91.427376    0.0001      0.00      0.00  0.088020
             1760.83    145.00     45.00    0.0010  530.4000    1988.9 93.326477  0.000000
0    5.000   9871.94    39860.     43.41  28810.86**********    415.54      0.00 365577.09
      0.05     10.20      6.36    -86.30 31.912582    0.0001   3002.12      0.00  0.047251
              395.79    145.11     44.45    0.0018  530.4000    1911.4 26.256023  0.036466
0   10.000   9757.18    73959.     43.33   5464.06**********    176.47      0.00  68526.80
      0.01     10.02     12.70    -86.20  6.065879    0.0001   4398.33      0.00  0.020539
               77.71    145.22     43.90    0.0041  530.4000    1867.5  4.979531  0.053964
0   15.000   9646.82   107323.     43.25   1093.69**********     77.04      0.00  13561.25
      0.00      9.67     19.02    -86.10  1.178875    0.0001   4996.27      0.00  0.009153
               16.72    145.32     43.33    0.0089  530.4000    1829.5  0.996707  0.061624
0   20.000   9538.53   139959.     43.17    240.70**********     35.28      0.00   2951.07
      0.00      9.03     25.31    -86.01  0.239399    0.0001   5261.50      0.00  0.004260
                4.21    145.43     42.74    0.0185  530.4000    1799.9  0.219357  0.065086
0   25.000   9431.88   171871.     43.09     65.89**********     18.02      0.00    798.80
      0.00      8.72     31.59    -85.91  0.063741    0.0001   5388.69      0.00  0.002218
                1.24    145.53     42.15    0.0345  530.4000    1765.1  0.060047  0.066775
0   30.000   9326.80   203061.     43.02     20.45**********      9.80      0.00    245.18
      0.00      8.94     37.85    -85.82  0.021216    0.0001   5456.28      0.00  0.001240
                0.37    145.64     41.54    0.0614  530.4000    1717.4  0.018639  0.067694
0   35.000   9223.31   233530.     42.94      6.16**********      5.25      0.00     72.98
      0.00      9.56     44.09    -85.72  0.007342    0.0001   5492.96      0.00  0.000686
                0.10    145.74     40.92    0.1116  530.4000    1663.4  0.005610  0.068208
0   40.000   9121.43   263281.     42.86      1.54**********      2.56      0.00     18.07
      0.00     10.32     50.31    -85.63  0.002160    0.0001   5511.89      0.00  0.000345
                0.02    145.84     40.28    0.2220  530.4000    1611.2  0.001405  0.068481
1                         AEC SAFETY ANALYSIS     
 SAGINAW_EJECTA_I: Cd=0.4 10497.16fps @ 5000ft AMSL 138.2964az 42.34  1/ 5/2022

 TIME(SEC) VR(FPS)    ALT(FT)   LAT(DEG) Q(PSF)    BETA       QDCW      QDRAD     QDFM    
 GSEC      MACH      RANGE(NM)  LON(DEG) RN*10-6   CD         QCW       QRAD      DIFMD   
           P(PSF)     AZ(DEG)   GAMMA    KNUD #    W(LBS)     HT(BTU/LB) PTS(ATM)  S(IN)  
0   45.000   9021.17   292315.     42.78      0.30**********      1.10      0.00      3.43
      0.00     10.21     56.51    -85.54  0.000419    0.0001   5520.51      0.00  0.000139
                0.00    145.94     39.63    0.4988  530.4000    1574.8  0.000269  0.068606
0   50.000   8922.56   320635.     42.70      0.06**********      0.47      0.00      0.65
      0.00      9.50     62.70    -85.45  0.000074    0.0001   5524.19      0.00  0.000044
                0.00    146.04     38.97    1.1066  530.4000    1549.4  0.000052  0.068652
0   55.000   8825.64   348242.     42.63      0.01**********      0.22      0.00      0.15
      0.00      8.64     68.87    -85.35  0.000015    0.0001   5525.83      0.00  0.000013
                0.00    146.14     38.29    2.2144  530.4000    1530.4  0.000012  0.068666
0   60.000   8730.42   375138.     42.55      0.00**********      0.12      0.00      0.04
      0.00      7.61     75.03    -85.26  0.000004    0.0001   5526.64      0.00  0.000004
                0.00    146.24     37.60    3.9910  530.4000    1522.2  0.000003  0.068670
0   65.000   8636.95   401325.     42.47      0.00**********      0.07      0.00      0.01
      0.00      6.51     81.17    -85.17  0.000001    0.0001   5527.08      0.00  0.000001
                0.00    146.34     36.90    6.4422  530.4000    1531.0  0.000001  0.068671
0   70.000   8545.24   426805.     42.39      0.00**********      0.04      0.00      0.01
      0.00      5.48     87.30    -85.08  0.000000    0.0001   5527.35      0.00  0.000001
                0.00    146.43     36.18    9.3055  530.4000    1561.2  0.000000  0.068672
0   75.000   8455.34   451578.     42.32      0.00**********      0.03      0.00      0.00
      0.00      4.81     93.41    -84.99  0.000000    0.0001   5527.53      0.00  0.000000
                0.00    146.53     35.44   12.1154  530.4000    1589.6  0.000000  0.068672
0   80.000   8367.27   475647.     42.24      0.00**********      0.03      0.00      0.00
      0.00      4.34     99.51    -84.90  0.000000    0.0001   5527.68      0.00  0.000000
                0.00    146.62     34.69   14.8540  530.4000    1616.6  0.000000  0.068672
0   85.000   8281.08   499013.     42.16      0.00**********      0.02      0.00      0.00
      0.00      4.00    105.59    -84.81  0.000000    0.0001   5527.80      0.00  0.000000
                0.00    146.72     33.93   17.4594  530.4000    1638.3  0.000000  0.068672
1                         AEC SAFETY ANALYSIS     
 SAGINAW_EJECTA_I: Cd=0.4 10497.16fps @ 5000ft AMSL 138.2964az 42.34  1/ 5/2022

 TIME(SEC) VR(FPS)    ALT(FT)   LAT(DEG) Q(PSF)    BETA       QDCW      QDRAD     QDFM    
 GSEC      MACH      RANGE(NM)  LON(DEG) RN*10-6   CD         QCW       QRAD      DIFMD   
           P(PSF)     AZ(DEG)   GAMMA    KNUD #    W(LBS)     HT(BTU/LB) PTS(ATM)  S(IN)  
0   90.000   8196.79   521678.     42.09      0.00**********      0.02      0.00      0.00
      0.00      3.76    111.67    -84.72  0.000000    0.0001   5527.89      0.00  0.000000
                0.00    146.81     33.14   19.8987  530.4000    1649.4  0.000000  0.068672
0   95.000   8114.44   543643.     42.01      0.00**********      0.02      0.00      0.00
      0.00      3.61    117.73    -84.64  0.000000    0.0001   5527.98      0.00  0.000000
                0.00    146.90     32.35   22.1669  530.4000    1648.3  0.000000  0.068672
0  100.000   8034.07   564909.     41.93      0.00**********      0.01      0.00      0.00
      0.00      3.49    123.77    -84.55  0.000000    0.0001   5528.05      0.00  0.000000
                0.00    146.99     31.54   24.3829  530.4000    1642.5  0.000000  0.068672
0  105.000   7955.73   585477.     41.86      0.00**********      0.01      0.00      0.00
      0.00      3.39    129.81    -84.46  0.000000    0.0001   5528.11      0.00  0.000000
                0.00    147.09     30.71   26.5429  530.4000    1631.6  0.000000  0.068672
0  110.000   7879.44   605350.     41.78      0.00**********      0.01      0.00      0.00
      0.00      3.31    135.83    -84.37  0.000000    0.0001   5528.17      0.00  0.000000
                0.00    147.18     29.86   28.7174  530.4000    1620.8  0.000000  0.068672
0  115.000   7805.25   624527.     41.70      0.00**********      0.01      0.00      0.00
      0.00      3.23    141.85    -84.29  0.000000    0.0001   5528.22      0.00  0.000000
                0.00    147.26     29.01   30.8918  530.4000    1610.0  0.000000  0.068672
0  120.000   7733.20   643011.     41.63      0.00**********      0.01      0.00      0.00
      0.00      3.16    147.85    -84.20  0.000000    0.0001   5528.26      0.00  0.000000
                0.00    147.35     28.13   32.9972  530.4000    1595.2  0.000000  0.068672
0  125.000   7663.32   660803.     41.55      0.00**********      0.01      0.00      0.00
      0.00      3.11    153.84    -84.11  0.000000    0.0001   5528.30      0.00  0.000000
                0.00    147.44     27.24   35.1029  530.4000    1580.9  0.000000  0.068672
0  130.000   7595.67   677902.     41.47      0.00**********      0.01      0.00      0.00
      0.00      3.05    159.83    -84.03  0.000000    0.0001   5528.34      0.00  0.000000
                0.00    147.53     26.33   37.2002  530.4000    1567.1  0.000000  0.068672
1                         AEC SAFETY ANALYSIS     
 SAGINAW_EJECTA_I: Cd=0.4 10497.16fps @ 5000ft AMSL 138.2964az 42.34  1/ 5/2022

 TIME(SEC) VR(FPS)    ALT(FT)   LAT(DEG) Q(PSF)    BETA       QDCW      QDRAD     QDFM    
 GSEC      MACH      RANGE(NM)  LON(DEG) RN*10-6   CD         QCW       QRAD      DIFMD   
           P(PSF)     AZ(DEG)   GAMMA    KNUD #    W(LBS)     HT(BTU/LB) PTS(ATM)  S(IN)  
0  135.000   7530.29   694312.     41.40      0.00**********      0.01      0.00      0.00
      0.00      3.00    165.80    -83.94  0.000000    0.0001   5528.38      0.00  0.000000
                0.00    147.61     25.41   39.2805  530.4000    1553.7  0.000000  0.068672
0  140.000   7467.21   710032.     41.32      0.00**********      0.01      0.00      0.00
      0.00      2.95    171.77    -83.86  0.000000    0.0001   5528.41      0.00  0.000000
                0.00    147.70     24.48   41.3356  530.4000    1540.7  0.000000  0.068672
0  145.000   7406.48   725064.     41.24      0.00**********      0.01      0.00      0.00
      0.00      2.90    177.72    -83.77  0.000000    0.0001   5528.44      0.00  0.000000
                0.00    147.78     23.52   43.3576  530.4000    1528.3  0.000000  0.068672
0  150.000   7348.14   739408.     41.17      0.00**********      0.01      0.00      0.00
      0.00      2.86    183.67    -83.69  0.000000    0.0001   5528.47      0.00  0.000000
                0.00    147.86     22.56   45.3388  530.4000    1516.3  0.000000  0.068672
0  155.000   7292.24   753065.     41.09      0.00**********      0.01      0.00      0.00
      0.00      2.82    189.62    -83.60  0.000000    0.0001   5528.49      0.00  0.000000
                0.00    147.95     21.57   47.2719  530.4000    1504.8  0.000000  0.068672
0  160.000   7238.81   766036.     41.02      0.00**********      0.00      0.00      0.00
      0.00      2.78    195.55    -83.52  0.000000    0.0001   5528.52      0.00  0.000000
                0.00    148.03     20.58   49.1211  530.4000    1492.6  0.000000  0.068672
0  165.000   7187.90   778323.     40.94      0.00**********      0.00      0.00      0.00
      0.00      2.75    201.48    -83.44  0.000000    0.0001   5528.54      0.00  0.000000
                0.00    148.11     19.57   50.9087  530.4000    1480.8  0.000000  0.068672
0  170.000   7139.55   789925.     40.86      0.00**********      0.00      0.00      0.00
      0.00      2.72    207.40    -83.35  0.000000    0.0001   5528.56      0.00  0.000000
                0.00    148.19     18.54   52.6331  530.4000    1469.6  0.000000  0.068672
0  175.000   7093.79   800843.     40.79      0.00**********      0.00      0.00      0.00
      0.00      2.69    213.32    -83.27  0.000000    0.0001   5528.58      0.00  0.000000
                0.00    148.27     17.51   54.2882  530.4000    1459.1  0.000000  0.068672
1                         AEC SAFETY ANALYSIS     
 SAGINAW_EJECTA_I: Cd=0.4 10497.16fps @ 5000ft AMSL 138.2964az 42.34  1/ 5/2022

 TIME(SEC) VR(FPS)    ALT(FT)   LAT(DEG) Q(PSF)    BETA       QDCW      QDRAD     QDFM    
 GSEC      MACH      RANGE(NM)  LON(DEG) RN*10-6   CD         QCW       QRAD      DIFMD   
           P(PSF)     AZ(DEG)   GAMMA    KNUD #    W(LBS)     HT(BTU/LB) PTS(ATM)  S(IN)  
0  180.000   7050.68   811078.     40.71      0.00**********      0.00      0.00      0.00
      0.00      2.66    219.22    -83.19  0.000000    0.0001   5528.60      0.00  0.000000
                0.00    148.34     16.46   55.8681  530.4000    1449.2  0.000000  0.068672
0  185.000   7010.23   820631.     40.64      0.00**********      0.00      0.00      0.00
      0.00      2.64    225.13    -83.10  0.000000    0.0001   5528.62      0.00  0.000000
                0.00    148.42     15.39   57.3675  530.4000    1439.9  0.000000  0.068672
0  190.000   6972.50   829503.     40.56      0.00**********      0.00      0.00      0.00
      0.00      2.62    231.03    -83.02  0.000000    0.0001   5528.64      0.00  0.000000
                0.00    148.50     14.32   58.7813  530.4000    1431.2  0.000000  0.068672
0  195.000   6937.52   837692.     40.48      0.00**********      0.00      0.00      0.00
      0.00      2.60    236.92    -82.94  0.000000    0.0001   5528.66      0.00  0.000000
                0.00    148.57     13.23   60.1049  530.4000    1423.3  0.000000  0.068672
0  200.000   6905.31   845202.     40.41      0.00**********      0.00      0.00      0.00
      0.00      2.58    242.82    -82.86  0.000000    0.0001   5528.67      0.00  0.000000
                0.00    148.65     12.14   61.3338  530.4000    1415.9  0.000000  0.068672
0  205.000   6875.91   852030.     40.33      0.00**********      0.00      0.00      0.00
      0.00      2.56    248.70    -82.78  0.000000    0.0001   5528.69      0.00  0.000000
                0.00    148.72     11.04   62.4641  530.4000    1409.2  0.000000  0.068672
0  210.000   6849.35   858179.     40.26      0.00**********      0.00      0.00      0.00
      0.00      2.54    254.59    -82.69  0.000000    0.0001   5528.70      0.00  0.000000
                0.00    148.80      9.92   63.4923  530.4000    1403.2  0.000000  0.068672
0  215.000   6825.66   863648.     40.18      0.00**********      0.00      0.00      0.00
      0.00      2.53    260.47    -82.61  0.000000    0.0001   5528.72      0.00  0.000000
                0.00    148.87      8.80   64.4152  530.4000    1397.8  0.000000  0.068672
0  220.000   6804.85   868438.     40.10      0.00**********      0.00      0.00      0.00
      0.00      2.52    266.34    -82.53  0.000000    0.0001   5528.73      0.00  0.000000
                0.00    148.94      7.67   65.2297  530.4000    1393.1  0.000000  0.068672
1                         AEC SAFETY ANALYSIS     
 SAGINAW_EJECTA_I: Cd=0.4 10497.16fps @ 5000ft AMSL 138.2964az 42.34  1/ 5/2022

 TIME(SEC) VR(FPS)    ALT(FT)   LAT(DEG) Q(PSF)    BETA       QDCW      QDRAD     QDFM    
 GSEC      MACH      RANGE(NM)  LON(DEG) RN*10-6   CD         QCW       QRAD      DIFMD   
           P(PSF)     AZ(DEG)   GAMMA    KNUD #    W(LBS)     HT(BTU/LB) PTS(ATM)  S(IN)  
0  225.000   6786.96   872549.     40.03      0.00**********      0.00      0.00      0.00
      0.00      2.51    272.22    -82.45  0.000000    0.0001   5528.75      0.00  0.000000
                0.00    149.01      6.54   65.9336  530.4000    1389.1  0.000000  0.068672
0  230.000   6771.99   875982.     39.95      0.00**********      0.00      0.00      0.00
      0.00      2.50    278.09    -82.37  0.000000    0.0001   5528.76      0.00  0.000000
                0.00    149.08      5.40   66.5246  530.4000    1385.7  0.000000  0.068672
0  235.000   6759.97   878735.     39.88      0.00**********      0.00      0.00      0.00
      0.00      2.49    283.97    -82.29  0.000000    0.0001   5528.78      0.00  0.000000
                0.00    149.15      4.25   67.0010  530.4000    1383.0  0.000000  0.068672
0  240.000   6750.90   880811.     39.80      0.00**********      0.00      0.00      0.00
      0.00      2.49    289.84    -82.21  0.000000    0.0001   5528.79      0.00  0.000000
                0.00    149.22      3.10   67.3614  530.4000    1381.0  0.000000  0.068672
0  245.000   6744.80   882208.     39.72      0.00**********      0.00      0.00      0.00
      0.00      2.48    295.71    -82.13  0.000000    0.0001   5528.81      0.00  0.000000
                0.00    149.29      1.95   67.6047  530.4000    1379.6  0.000000  0.068672
0  250.000   6741.68   882927.     39.65      0.00**********      0.00      0.00      0.00
      0.00      2.48    301.58    -82.05  0.000000    0.0001   5528.82      0.00  0.000000
                0.00    149.35      0.80   67.7301  530.4000    1378.9  0.000000  0.068672
0  255.000   6741.53   882968.     39.57      0.00   65.3323      0.00      0.00      0.00
      0.00      2.48    307.45    -81.97  0.000000    0.9608   5528.83      0.00  0.000000
                0.00    149.42     -0.35   67.7375  530.4000    1378.9  0.000000  0.068672
0  260.000   6744.35   882330.     39.50      0.00   65.3367      0.00      0.00      0.00
      0.00      2.48    313.32    -81.89  0.000000    0.9607   5528.85      0.00  0.000000
                0.00    149.49     -1.50   67.6265  530.4000    1379.5  0.000000  0.068672
0  265.000   6750.15   881015.     39.42      0.00   65.3457      0.00      0.00      0.00
      0.00      2.49    319.19    -81.81  0.000000    0.9606   5528.86      0.00  0.000000
                0.00    149.55     -2.65   67.3977  530.4000    1380.8  0.000000  0.068672
1                         AEC SAFETY ANALYSIS     
 SAGINAW_EJECTA_I: Cd=0.4 10497.16fps @ 5000ft AMSL 138.2964az 42.34  1/ 5/2022

 TIME(SEC) VR(FPS)    ALT(FT)   LAT(DEG) Q(PSF)    BETA       QDCW      QDRAD     QDFM    
 GSEC      MACH      RANGE(NM)  LON(DEG) RN*10-6   CD         QCW       QRAD      DIFMD   
           P(PSF)     AZ(DEG)   GAMMA    KNUD #    W(LBS)     HT(BTU/LB) PTS(ATM)  S(IN)  
0  270.000   6758.92   879022.     39.34      0.00   65.3593      0.00      0.00      0.00
      0.00      2.49    325.06    -81.73  0.000000    0.9604   5528.88      0.00  0.000000
                0.00    149.62     -3.80   67.0516  530.4000    1382.8  0.000000  0.068672
0  275.000   6770.64   876350.     39.27      0.00   65.3776      0.00      0.00      0.00
      0.00      2.50    330.93    -81.66  0.000000    0.9601   5528.89      0.00  0.000000
                0.00    149.68     -4.95   66.5894  530.4000    1385.4  0.000000  0.068672
0  280.000   6785.31   872999.     39.19      0.00   65.4006      0.00      0.00      0.00
      0.00      2.51    336.81    -81.58  0.000000    0.9598   5528.91      0.00  0.000000
                0.00    149.74     -6.09   66.0124  530.4000    1388.7  0.000000  0.068672
0  285.000   6802.91   868970.     39.11      0.00   65.4282      0.00      0.00      0.00
      0.00      2.52    342.68    -81.50  0.000000    0.9594   5528.92      0.00  0.000000
                0.00    149.80     -7.22   65.3223  530.4000    1392.7  0.000000  0.068672
0  290.000   6823.42   864262.     39.04      0.00   65.4607      0.00      0.00      0.00
      0.00      2.53    348.56    -81.42  0.000000    0.9589   5528.94      0.00  0.000000
                0.00    149.86     -8.35   64.5211  530.4000    1397.4  0.000000  0.068672
0  295.000   6846.82   858875.     38.96      0.00   65.4979      0.00      0.00      0.00
      0.00      2.54    354.45    -81.34  0.000000    0.9583   5528.95      0.00  0.000000
                0.00    149.92     -9.47   63.6115  530.4000    1402.7  0.000000  0.068672
0  300.000   6873.09   852808.     38.88      0.00   65.5400      0.00      0.00      0.00
      0.00      2.56    360.33    -81.26  0.000000    0.9577   5528.97      0.00  0.000000
                0.00    149.98    -10.59   62.5960  530.4000    1408.6  0.000000  0.068672
0  305.000   6902.19   846061.     38.80      0.00   65.5870      0.00      0.00      0.00
      0.00      2.57    366.22    -81.19  0.000000    0.9570   5528.98      0.00  0.000000
                0.00    150.04    -11.69   61.4779  530.4000    1415.2  0.000000  0.068672
0  310.000   6934.11   838634.     38.73      0.00   65.6391      0.00      0.00      0.00
      0.00      2.59    372.11    -81.11  0.000000    0.9563   5529.00      0.00  0.000000
                0.00    150.10    -12.79   60.2608  530.4000    1422.5  0.000000  0.068672
1                         AEC SAFETY ANALYSIS     
 SAGINAW_EJECTA_I: Cd=0.4 10497.16fps @ 5000ft AMSL 138.2964az 42.34  1/ 5/2022

 TIME(SEC) VR(FPS)    ALT(FT)   LAT(DEG) Q(PSF)    BETA       QDCW      QDRAD     QDFM    
 GSEC      MACH      RANGE(NM)  LON(DEG) RN*10-6   CD         QCW       QRAD      DIFMD   
           P(PSF)     AZ(DEG)   GAMMA    KNUD #    W(LBS)     HT(BTU/LB) PTS(ATM)  S(IN)  
0  315.000   6968.81   830526.     38.65      0.00   65.6963      0.00      0.00      0.00
      0.00      2.61    378.01    -81.03  0.000000    0.9554   5529.01      0.00  0.000000
                0.00    150.16    -13.88   58.9486  530.4000    1430.4  0.000000  0.068672
0  320.000   7006.25   821737.     38.57      0.00   65.7586      0.00      0.00      0.00
      0.00      2.64    383.91    -80.95  0.000000    0.9545   5529.03      0.00  0.000000
                0.00    150.21    -14.95   57.5455  530.4000    1439.0  0.000000  0.068672
0  325.000   7046.41   812266.     38.49      0.00   65.8263      0.00      0.00      0.00
      0.00      2.66    389.82    -80.87  0.000000    0.9536   5529.05      0.00  0.000000
                0.00    150.27    -16.01   56.0562  530.4000    1448.2  0.000000  0.068672
0  330.000   7089.24   802113.     38.42      0.00   65.8995      0.00      0.00      0.00
      0.00      2.69    395.73    -80.80  0.000000    0.9525   5529.07      0.00  0.000000
                0.00    150.32    -17.06   54.4857  530.4000    1458.1  0.000000  0.068672
0  335.000   7134.72   791277.     38.34      0.00   65.9782      0.00      0.00      0.00
      0.00      2.72    401.65    -80.72  0.000000    0.9514   5529.09      0.00  0.000000
                0.00    150.38    -18.10   52.8394  530.4000    1468.5  0.000000  0.068672
0  340.000   7182.79   779757.     38.26      0.00   66.0627      0.00      0.00      0.00
      0.00      2.75    407.57    -80.64  0.000000    0.9501   5529.11      0.00  0.000000
                0.00    150.43    -19.13   51.1230  530.4000    1479.7  0.000000  0.068672
0  345.000   7233.42   767553.     38.18      0.00   66.1531      0.00      0.00      0.00
      0.00      2.78    413.51    -80.57  0.000000    0.9488   5529.14      0.00  0.000000
                0.00    150.48    -20.14   49.3426  530.4000    1491.4  0.000000  0.068672
0  350.000   7286.58   754664.     38.11      0.00   66.2496      0.00      0.00      0.00
      0.00      2.81    419.44    -80.49  0.000000    0.9475   5529.16      0.00  0.000000
                0.00    150.54    -21.14   47.5047  530.4000    1503.7  0.000000  0.068672
0  355.000   7342.21   741089.     38.03      0.00   66.3633      0.01      0.00      0.00
      0.00      2.85    425.39    -80.41  0.000000    0.9458   5529.19      0.00  0.000000
                0.00    150.59    -22.12   45.5772  530.4000    1515.2  0.000000  0.068672
1                         AEC SAFETY ANALYSIS     
 SAGINAW_EJECTA_I: Cd=0.4 10497.16fps @ 5000ft AMSL 138.2964az 42.34  1/ 5/2022

 TIME(SEC) VR(FPS)    ALT(FT)   LAT(DEG) Q(PSF)    BETA       QDCW      QDRAD     QDFM    
 GSEC      MACH      RANGE(NM)  LON(DEG) RN*10-6   CD         QCW       QRAD      DIFMD   
           P(PSF)     AZ(DEG)   GAMMA    KNUD #    W(LBS)     HT(BTU/LB) PTS(ATM)  S(IN)  
0  360.000   7400.27   726828.     37.95      0.00   66.4848      0.01      0.00      0.00
      0.00      2.90    431.34    -80.33  0.000000    0.9441   5529.21      0.00  0.000000
                0.00    150.64    -23.09   43.6013  530.4000    1527.1  0.000000  0.068672
0  365.000   7460.74   711879.     37.87      0.00   66.6146      0.01      0.00      0.00
      0.00      2.94    437.30    -80.26  0.000000    0.9423   5529.24      0.00  0.000000
                0.00    150.69    -24.04   41.5837  530.4000    1539.5  0.000000  0.068672
0  370.000   7523.55   696241.     37.79      0.00   66.7531      0.01      0.00      0.00
      0.00      2.99    443.27    -80.18  0.000000    0.9403   5529.28      0.00  0.000000
                0.00    150.74    -24.98   39.5320  530.4000    1552.4  0.000000  0.068672
0  375.000   7588.67   679915.     37.71      0.00   66.9008      0.01      0.00      0.00
      0.00      3.04    449.25    -80.10  0.000000    0.9382   5529.31      0.00  0.000000
                0.00    150.78    -25.91   37.4541  530.4000    1565.7  0.000000  0.068672
0  380.000   7656.05   662898.     37.63      0.00   67.0584      0.01      0.00      0.00
      0.00      3.10    455.24    -80.03  0.000000    0.9360   5529.35      0.00  0.000000
                0.00    150.83    -26.81   35.3583  530.4000    1579.5  0.000000  0.068672
0  385.000   7725.66   645189.     37.55      0.00   67.2265      0.01      0.00      0.00
      0.00      3.16    461.24    -79.95  0.000000    0.9337   5529.39      0.00  0.000000
                0.00    150.88    -27.71   33.2530  530.4000    1593.8  0.000000  0.068672
0  390.000   7797.46   626789.     37.47      0.00   67.4059      0.01      0.00      0.00
      0.00      3.22    467.25    -79.87  0.000000    0.9312   5529.43      0.00  0.000000
                0.00    150.92    -28.58   31.1468  530.4000    1608.5  0.000000  0.068672
0  395.000   7871.39   607694.     37.39      0.00   67.6321      0.01      0.00      0.00
      0.00      3.30    473.27    -79.80  0.000000    0.9281   5529.48      0.00  0.000000
                0.00    150.97    -29.44   28.9814  530.4000    1619.9  0.000000  0.068672
0  400.000   7947.42   587905.     37.31      0.00   67.8853      0.01      0.00      0.00
      0.00      3.38    479.30    -79.72  0.000000    0.9246   5529.54      0.00  0.000000
                0.00    151.01    -30.29   26.8056  530.4000    1630.6  0.000000  0.068672
1                         AEC SAFETY ANALYSIS     
 SAGINAW_EJECTA_I: Cd=0.4 10497.16fps @ 5000ft AMSL 138.2964az 42.34  1/ 5/2022

 TIME(SEC) VR(FPS)    ALT(FT)   LAT(DEG) Q(PSF)    BETA       QDCW      QDRAD     QDFM    
 GSEC      MACH      RANGE(NM)  LON(DEG) RN*10-6   CD         QCW       QRAD      DIFMD   
           P(PSF)     AZ(DEG)   GAMMA    KNUD #    W(LBS)     HT(BTU/LB) PTS(ATM)  S(IN)  
0  405.000   8025.51   567420.     37.23      0.00   68.1606      0.01      0.00      0.00
      0.00      3.48    485.34    -79.64  0.000000    0.9209   5529.60      0.00  0.000000
                0.00    151.06    -31.12   24.6431  530.4000    1641.5  0.000000  0.068672
0  410.000   8105.62   546237.     37.15      0.00   68.5087      0.02      0.00      0.00
      0.00      3.59    491.39    -79.57  0.000000    0.9162   5529.67      0.00  0.000000
                0.00    151.10    -31.93   22.4381  530.4000    1648.2  0.000000  0.068672
0  415.000   8187.72   524356.     37.07      0.00   68.9466      0.02      0.00      0.00
      0.00      3.74    497.46    -79.49  0.000000    0.9104   5529.75      0.00  0.000000
                0.00    151.14    -32.73   20.1913  530.4000    1651.0  0.000000  0.068673
0  420.000   8271.75   501775.     36.99      0.00   69.6435      0.02      0.00      0.00
      0.00      3.97    503.53    -79.41  0.000000    0.9013   5529.85      0.00  0.000000
                0.00    151.18    -33.51   17.7548  530.4000    1640.0  0.000000  0.068673
0  425.000   8357.70   478493.     36.91      0.00   69.7436      0.03      0.00      0.00
      0.00      4.29    509.62    -79.34  0.000000    0.9000   5529.96      0.00  0.000000
                0.00    151.23    -34.28   15.1787  530.4000    1620.1  0.000000  0.068673
0  430.000   8445.51   454508.     36.83      0.00   69.7436      0.03      0.00      0.00
      0.00      4.75    515.73    -79.26  0.000000    0.9000   5530.10      0.00  0.000000
                0.00    151.27    -35.03   12.4492  530.4000    1593.2  0.000000  0.068673
0  435.000   8535.17   429819.     36.75      0.00   69.7436      0.04      0.00      0.01
      0.00      5.38    521.85    -79.18  0.000000    0.9000   5530.29      0.00  0.000001
                0.00    151.30    -35.77    9.6469  530.4000    1565.0  0.000000  0.068673
0  440.000   8626.62   404424.     36.67      0.00   69.7436      0.06      0.00      0.01
      0.00      6.35    527.98    -79.11  0.000001    0.9000   5530.54      0.00  0.000001
                0.00    151.34    -36.49    6.7883  530.4000    1535.0  0.000001  0.068674
0  445.000   8719.85   378321.     36.58      0.00   69.7436      0.11      0.00      0.04
      0.00      7.48    534.13    -79.03  0.000003    0.9000   5530.95      0.00  0.000004
                0.00    151.38    -37.20    4.2487  530.4000    1522.4  0.000003  0.068675
1                         AEC SAFETY ANALYSIS     
 SAGINAW_EJECTA_I: Cd=0.4 10497.16fps @ 5000ft AMSL 138.2964az 42.34  1/ 5/2022

 TIME(SEC) VR(FPS)    ALT(FT)   LAT(DEG) Q(PSF)    BETA       QDCW      QDRAD     QDFM    
 GSEC      MACH      RANGE(NM)  LON(DEG) RN*10-6   CD         QCW       QRAD      DIFMD   
           P(PSF)     AZ(DEG)   GAMMA    KNUD #    W(LBS)     HT(BTU/LB) PTS(ATM)  S(IN)  
0  450.000   8814.80   351510.     36.50      0.01   69.7436      0.20      0.00      0.13
      0.00      8.54    540.29    -78.95  0.000013    0.9000   5531.70      0.00  0.000011
                0.00    151.42    -37.89    2.3860  530.4000    1528.6  0.000010  0.068678
0  455.000   8911.42   323987.     36.42      0.05   69.7436      0.43      0.00      0.54
      0.00      9.42    546.47    -78.88  0.000061    0.9000   5533.20      0.00  0.000038
                0.00    151.46    -38.57    1.2083  530.4000    1546.7  0.000043  0.068691
0  460.000   9009.51   295753.     36.34      0.24   69.7436      0.99      0.00      2.81
      0.00     10.18    552.67    -78.80  0.000343    0.9000   5536.52      0.00  0.000123
                0.00    151.49    -39.24    0.5494  530.4000    1570.8  0.000221  0.068730
0  465.000   9108.10   266806.     36.25      1.26   69.7436      2.31      0.00     14.76
      0.02     10.30    558.88    -78.72  0.001769    0.9000   5544.31      0.00  0.000311
                0.02    151.53    -39.89    0.2450  530.4000    1606.3  0.001149  0.068842
0  470.000   9203.10   237154.     36.17      5.26   69.7436      4.83      0.00     62.21
      0.08      9.64    565.11    -78.65  0.006395    0.9000   5561.64      0.00  0.000634
                0.08    151.56    -40.52    0.1205  530.4000    1654.1  0.004793  0.069094
0  475.000   9282.40   206829.     36.09     17.68   69.7436      9.02      0.00    210.91
      0.25      8.98    571.35    -78.57  0.018696    0.9000   5595.43      0.00  0.001154
                0.31    151.60    -41.15    0.0657  530.4000    1699.0  0.016110  0.069571
0  480.000   9310.75   175933.     36.00     55.51   69.7436     16.08      0.00    664.32
      0.80      8.64    577.58    -78.49  0.054775    0.9000   5656.68      0.00  0.002034
                1.06    151.63    -41.77    0.0369  530.4000    1718.7  0.050588  0.070419
0  485.000   9175.14   144793.     35.92    181.10   69.7436     28.15      0.00   2135.75
      2.60      8.62    583.74    -78.42  0.184927    0.9000   5764.41      0.00  0.003673
                3.48    151.66    -42.38    0.0201  530.4000    1665.8  0.165041  0.071921
0  489.968   8474.90   114712.     35.84    592.99   69.7436     42.94      0.00   6459.54
      8.50      8.38    589.60    -78.35  0.711752    0.9000   5943.23      0.00  0.006629
               12.06    151.69    -43.02    0.0099  530.4000    1408.0  0.540404  0.074657
1                         AEC SAFETY ANALYSIS     
 SAGINAW_EJECTA_I: Cd=0.4 10497.16fps @ 5000ft AMSL 138.2964az 42.34  1/ 5/2022

 TIME(SEC) VR(FPS)    ALT(FT)   LAT(DEG) Q(PSF)    BETA       QDCW      QDRAD     QDFM    
 GSEC      MACH      RANGE(NM)  LON(DEG) RN*10-6   CD         QCW       QRAD      DIFMD   
           P(PSF)     AZ(DEG)   GAMMA    KNUD #    W(LBS)     HT(BTU/LB) PTS(ATM)  S(IN)  
0  492.943   7448.00    98344.     35.80    994.46   69.7436     42.13      0.00   9520.20
     14.26      7.52    592.77    -78.30  1.407022    0.9000   6073.30      0.00  0.008501
               25.09    151.71    -43.46    0.0063  530.4000    1077.1  0.906273  0.077132
0  494.827   6537.61    89216.     35.78   1178.75   69.7436     34.65      0.00   9905.17
     16.90      6.65    594.55    -78.28  1.919412    0.9000   6146.26      0.00  0.009167
               38.13    151.71    -43.78    0.0048  530.4000     821.6  1.074224  0.078956
0  496.348   5720.10    82725.     35.76   1230.15   69.7436     25.58      0.00   9044.46
     17.64      5.84    595.82    -78.26  2.306222    0.9000   6192.58      0.00  0.008958
               51.52    151.72    -44.08    0.0038  530.4000     620.6  1.121066  0.080481
0  497.713   4983.54    77616.     35.75   1193.89   69.7436     18.28      0.00   7647.54
     17.12      5.11    596.84    -78.25  2.584047    0.9000   6222.42      0.00  0.008593
               65.42    151.72    -44.40    0.0032  530.4000     462.4  1.088017  0.081792
0  499.019   4318.98    73347.     35.74   1102.85   69.7436     13.01      0.00   6122.36
     15.81      4.44    597.71    -78.24  2.767865    0.9000   6242.76      0.00  0.008359
               79.99    151.73    -44.75    0.0027  530.4000     338.4  0.960088  0.083002
0  500.326   3718.75    69631.     35.73    980.04   69.2243      8.40      0.00   4684.46
     14.16      3.83    598.48    -78.23  2.868956    0.9068   6256.63      0.00  0.007561
               95.38    151.73    -45.15    0.0023  530.4000     241.5  0.862103  0.084141
0  501.664   3176.26    66344.     35.72    839.89   67.5805      5.08      0.00   3428.93
     12.43      3.28    599.18    -78.22  2.889677    0.9288   6265.49      0.00  0.006634
              111.54    151.74    -45.64    0.0019  530.4000     166.4  0.748157  0.085177
0  503.082   2686.50    63358.     35.72    693.51   66.1428      2.90      0.00   2394.75
     10.49      2.78    599.84    -78.21  2.822769    0.9490   6271.01      0.00  0.005791
              128.65    151.74    -46.24    0.0017  530.4000     109.0  0.627962  0.086135
0  504.651   2244.37    60549.     35.71    553.53   64.8936      1.52      0.00   1596.81
      8.53      2.32    600.49    -78.19  2.696824    0.9673   6274.38      0.00  0.005064
              147.12    151.74    -47.03    0.0014  530.4000      65.4  0.512839  0.087061
1                         AEC SAFETY ANALYSIS     
 SAGINAW_EJECTA_I: Cd=0.4 10497.16fps @ 5000ft AMSL 138.2964az 42.34  1/ 5/2022

 TIME(SEC) VR(FPS)    ALT(FT)   LAT(DEG) Q(PSF)    BETA       QDCW      QDRAD     QDFM    
 GSEC      MACH      RANGE(NM)  LON(DEG) RN*10-6   CD         QCW       QRAD      DIFMD   
           P(PSF)     AZ(DEG)   GAMMA    KNUD #    W(LBS)     HT(BTU/LB) PTS(ATM)  S(IN)  
0  506.465   1845.51    57817.     35.70    426.49   63.8064      0.66      0.00   1011.69
      6.68      1.91    601.16    -78.18  2.526979    0.9837   6276.28      0.00  0.004402
              167.65    151.74    -48.12    0.0012  530.4000      32.8  0.409119  0.087996
0  508.674   1486.33    55055.     35.70    315.67   62.8581      0.15      0.00    603.07
      5.02      1.54    601.88    -78.17  2.322313    0.9986   6277.11      0.00  0.003771
              191.30    151.75    -49.72    0.0010  530.4000       8.9  0.320687  0.088977
0  511.656   1165.99    52009.     35.69    224.72   66.7127     -0.12      0.00    336.79
      3.37      1.20    602.76    -78.15  2.107430    0.9409   6277.09      0.00  0.003529
              221.29    151.75    -52.32    0.0008  530.4000      -8.1  0.253236  0.090139
0  516.165    894.15    48278.     35.69    157.97   74.8221     -0.24      0.00    181.55
      2.11      0.92    603.95    -78.13  1.931812    0.8389   6276.22      0.00  0.003529
              264.52    151.76    -57.01    0.0007  530.4000     -19.2  0.216950  0.091875
0  521.165    750.19    44760.     35.68    131.58   87.1860     -0.29      0.00    126.88
      1.51      0.77    605.16    -78.11  1.917916    0.7199   6274.86      0.00  0.003529
              313.02    151.77    -62.63    0.0006  530.4000     -24.0  0.219993  0.093800
0  526.165    673.16    41540.     35.68    123.60   95.6427     -0.32      0.00    106.94
      1.29      0.70    606.31    -78.08  2.007744    0.6563   6273.34      0.00  0.003529
              365.17    151.78    -67.97    0.0005  530.4000     -26.2  0.238370  0.095725
0  531.165    624.14    38491.     35.68    122.96  101.9345     -0.34      0.00     98.64
      1.21      0.64    607.43    -78.06  2.154195    0.6158   6271.68      0.00  0.003529
              422.58    151.78    -72.67    0.0004  530.4000     -27.4  0.264081  0.097650
0  536.165    588.03    35570.     35.67    124.86  107.3612     -0.36      0.00     94.37
      1.16      0.61    608.51    -78.04  2.311589    0.5847   6269.91      0.00  0.003529
              486.00    151.78    -76.60    0.0004  530.4000     -27.8  0.294271  0.099575
0  541.165    561.43    32759.     35.67    126.69  112.7017     -0.35      0.00     91.42
      1.12      0.57    609.58    -78.02  2.405502    0.5570   6268.14      0.00  0.003529
              554.71    151.78    -79.79    0.0004  530.4000     -26.0  0.327032  0.101500
1                         AEC SAFETY ANALYSIS     
 SAGINAW_EJECTA_I: Cd=0.4 10497.16fps @ 5000ft AMSL 138.2964az 42.34  1/ 5/2022

 TIME(SEC) VR(FPS)    ALT(FT)   LAT(DEG) Q(PSF)    BETA       QDCW      QDRAD     QDFM    
 GSEC      MACH      RANGE(NM)  LON(DEG) RN*10-6   CD         QCW       QRAD      DIFMD   
           P(PSF)     AZ(DEG)   GAMMA    KNUD #    W(LBS)     HT(BTU/LB) PTS(ATM)  S(IN)  
0  546.165    540.52    30038.     35.67    129.93  117.3851     -0.34      0.00     90.27
      1.11      0.54    610.63    -78.00  2.512652    0.5347   6266.43      0.00  0.003529
              628.59    151.78    -82.31    0.0003  530.4000     -24.2  0.363101  0.103425
0  551.165    522.50    27398.     35.67    133.64  121.7575     -0.32      0.00     89.75
      1.10      0.52    611.68    -77.97  2.624337    0.5155   6264.79      0.00  0.003529
              707.67    151.77    -84.25    0.0003  530.4000     -22.3  0.401928  0.105350
0  556.165    506.22    24836.     35.67    137.41  125.6461     -0.31      0.00     89.41
      1.09      0.50    612.71    -77.95  2.736820    0.4996   6263.23      0.00  0.003529
              792.00    151.76    -85.73    0.0003  530.4000     -20.4  0.443307  0.107275
0  561.165    489.28    22351.     35.67    139.98  126.7384     -0.29      0.00     88.03
      1.10      0.48    613.74    -77.93  2.837082    0.4953   6261.74      0.00  0.003529
              881.35    151.76    -86.85    0.0003  530.4000     -18.7  0.486459  0.109200
0  566.165    471.73    19951.     35.67    141.24  127.8478     -0.27      0.00     85.64
      1.10      0.45    614.77    -77.91  2.923148    0.4910   6260.35      0.00  0.003529
              975.30    151.76    -87.68    0.0003  530.4000     -16.9  0.531131  0.111125
0  571.165    454.71    17637.     35.67    141.82  128.9188     -0.25      0.00     82.89
      1.10      0.43    615.80    -77.89  3.000670    0.4869   6259.06      0.00  0.003529
             1073.42    151.79    -88.30    0.0003  530.4000     -15.3  0.577471  0.113051
0  576.165    438.69    15404.     35.67    142.08  129.9283     -0.23      0.00     80.11
      1.09      0.42    616.82    -77.87  3.073062    0.4831   6257.87      0.00  0.003529
             1175.51    151.85    -88.75    0.0002  530.4000     -13.7  0.625561  0.114976
0  581.165    423.82    13249.     35.67    142.21  130.8692     -0.21      0.00     77.47
      1.09      0.40    617.84    -77.85  3.142313    0.4796   6256.78      0.00  0.003529
             1281.45    151.99    -89.08    0.0002  530.4000     -12.1  0.675443  0.116901
0  586.165    410.08    11165.     35.67    142.29  131.7429     -0.18      0.00     75.00
      1.08      0.38    618.86    -77.83  3.209319    0.4765   6255.81      0.00  0.003529
             1391.08    152.22    -89.31    0.0002  530.4000     -10.5  0.727070  0.118826
1                         AEC SAFETY ANALYSIS     
 SAGINAW_EJECTA_I: Cd=0.4 10497.16fps @ 5000ft AMSL 138.2964az 42.34  1/ 5/2022

 TIME(SEC) VR(FPS)    ALT(FT)   LAT(DEG) Q(PSF)    BETA       QDCW      QDRAD     QDFM    
 GSEC      MACH      RANGE(NM)  LON(DEG) RN*10-6   CD         QCW       QRAD      DIFMD   
           P(PSF)     AZ(DEG)   GAMMA    KNUD #    W(LBS)     HT(BTU/LB) PTS(ATM)  S(IN)  
0  591.165    397.39     9146.     35.67    142.37  132.5540     -0.16      0.00     72.72
      1.07      0.37    619.88    -77.81  3.274812    0.4735   6254.95      0.00  0.003529
             1504.43    152.59    -89.47    0.0002  530.4000      -9.0  0.780485  0.120751
0  596.165    385.65     7189.     35.67    142.46  133.3081     -0.14      0.00     70.61
      1.07      0.35    620.90    -77.78  3.338833    0.4709   6254.21      0.00  0.003529
             1621.30    153.10    -89.58    0.0002  530.4000      -7.5  0.835582  0.122676
0  601.165    374.76     5289.     35.67    142.57  134.0111     -0.11      0.00     68.68
      1.06      0.34    621.92    -77.76  3.401963    0.4684   6253.59      0.00  0.003529
             1741.93    153.75    -89.66    0.0002  530.4000      -6.0  0.892496  0.124601
0  606.165    364.62     3440.     35.67    142.70  134.6679     -0.09      0.00     66.88
      1.06      0.33    622.94    -77.74  3.463961    0.4661   6253.09      0.00  0.003529
             1866.07    154.51    -89.71    0.0002  530.4000      -4.6  0.951086  0.126526
0  611.165    355.16     1641.     35.67    142.84  135.2831     -0.06      0.00     65.21
      1.06      0.32    623.96    -77.72  3.524919    0.4640   6252.72      0.00  0.003529
             1993.69    155.33    -89.74    0.0002  530.4000      -3.2  1.011338  0.128451
0  615.839    346.86        1.     35.67    142.97  135.8241     -0.04      0.00     63.74
      1.05      0.31    624.91    -77.70  3.580974    0.4621   6252.49      0.00  0.003529
             2116.08    156.09    -89.76    0.0002  530.4000      -1.9  1.069137  0.130251
0

      CROSS RANGE=    50.968      DOWN RANGE=    537.081
