1 SAGINAW_EJECTA_IF: Cd=0.4 10497.16fps @ 5000ft AMSL 138.2964az 42.3  1/ 5/2022
                      **** OPTION TABLES ****

        INPUT AERO TABLE 
     CD        ALTITUDE(FT)
  0.000100          0.00
  0.000100     500000.00
        LOW MACH NO. TABLE  
 SWITCH WHEN M <  25.00  OR WHEN ALTITUDE < 500000.0  AND GAMMA <  44.90
     CD        MACH 
  0.400000          0.00
  0.500000          0.50
  0.900000          1.00
  1.000000          1.50
  0.900000          4.00
  0.900000         25.00
1 SAGINAW_EJECTA_IF: Cd=0.4 10497.16fps @ 5000ft AMSL 138.2964az 42.3  1/ 5/2022
            INPUT VARIABLES 


     START OF SKIP    1
  INITIAL CONDITIONS
                         RELATIVE      INERTIAL
      VELOCITY(FPS)         10000.00     10497.16
      FLIGHT PATH(DEG)       45.0001      42.3469
      AZIMUTH(DEG)          145.0000     138.2964
      TIME(SEC)                 0.00
      TIME FINAL (SEC)        65.638
      WEIGHT(LBS)             530.40
      ALTITUDE(FT)           5000.00
      LATITUDE-GEOD(DEG)       43.68
      LONGITUDE(DEG)          -83.82
      REF AREA(FT**2)        8.45000
      REF LENGTH(FT)            1.64
      L/D SUPERSONIC          0.0000
      L/D SUBSONIC            0.0000
      Y/D SUPERSONIC          0.0000
      Y/D SUBSONIC            0.0000
      Q STAG. FACTOR          1.2600
      GRAP. DENS(PCF)       110.0000
               1962 STANDARD ATMOSPHERE
               CIRCULAR VELOCITY(FPS) =    25944.91
               OBLATE EARTH MODEL, POLAR & EQUATORIAL RADII(FT) =
                               0.20855487E+08 0.20925646E+08
               ROTATING EARTH, WE(RAD/SEC) =   0.72921150E-04
               PRINT EVERY  10 TIME STEP 
               MAX TIME STEP =  0.5000  MIN TIME STEP =  0.1000
               CUTOFF ALT(FT) =      1.0 OR 10000000.0
               RADIATIVE FLUX-MODIFIED CALLIS  
1                         AEC SAFETY ANALYSIS     
 SAGINAW_EJECTA_IF: Cd=0.4 10497.16fps @ 5000ft AMSL 138.2964az 42.3  1/ 5/2022

 TIME(SEC) VR(FPS)    ALT(FT)   LAT(DEG) Q(PSF)    BETA       QDCW      QDRAD     QDFM    
 GSEC      MACH      RANGE(NM)  LON(DEG) RN*10-6   CD         QCW       QRAD      DIFMD   
           P(PSF)     AZ(DEG)   GAMMA    KNUD #    W(LBS)     HT(BTU/LB) PTS(ATM)  S(IN)  
0    0.000  10000.00     5000.     43.49 102407.59**********    805.44      0.001316292.62
      0.16      9.12      0.00    -84.09 91.427376    0.0001      0.00      0.00  0.088020
             1760.83    145.00     45.00    0.0010  530.4000    1988.9 93.326477  0.000000
0    2.310    776.31    14970.     43.47    451.26   91.3277     -0.12      0.00    450.28
      4.94      0.73      1.92    -84.06  5.500867    0.6873    939.17      0.00  0.005908
             1196.18    145.08     43.43    0.0003  530.4000      -5.1  0.808782  0.011941
0    4.529    527.79    15894.     43.46    202.39  125.3635     -0.23      0.00    137.30
      1.61      0.50      2.44    -84.05  3.649395    0.5007    938.75      0.00  0.005908
             1152.46    145.12     38.50    0.0003  530.4000     -12.4  0.646370  0.013372
0    8.785    327.02    16812.     43.46     75.39  135.7793     -0.23      0.00     31.69
      0.56      0.31      3.38    -84.03  2.206459    0.4623    937.75      0.00  0.005908
             1110.31    145.20     21.88    0.0002  530.4000     -16.6  0.561160  0.016114
0   13.785    247.27    16977.     43.46     42.86  140.3829     -0.21      0.00     13.62
      0.31      0.24      4.43    -84.01  1.660904    0.4471    936.65      0.00  0.005908
             1102.76    145.30    -11.02    0.0002  530.4000     -17.6  0.541637  0.019337
0   18.785    269.87    16385.     43.45     52.06  139.0798     -0.22      0.00     18.06
      0.37      0.26      5.46    -83.98  1.841688    0.4513    935.58      0.00  0.005908
             1129.70    145.40    -42.78    0.0002  530.4000     -16.9  0.558838  0.022559
0   23.785    322.82    15199.     43.45     77.45  136.1271     -0.22      0.00     32.14
      0.57      0.31      6.45    -83.96  2.273691    0.4611    934.50      0.00  0.005908
             1185.26    145.49    -61.44    0.0002  530.4000     -15.2  0.597546  0.025782
0   28.785    362.68    13612.     43.45    102.93  134.0536     -0.21      0.00     47.98
      0.77      0.34      7.43    -83.94  2.663510    0.4682    933.43      0.00  0.005908
             1263.02    145.59    -71.79    0.0002  530.4000     -13.3  0.646898  0.029004
0   33.785    382.19    11804.     43.45    121.12  133.1486     -0.19      0.00     59.50
      0.91      0.36      8.39    -83.92  2.942232    0.4714    932.43      0.00  0.005908
             1356.76    145.71    -78.03    0.0002  530.4000     -11.5  0.700202  0.032226
1                         AEC SAFETY ANALYSIS     
 SAGINAW_EJECTA_IF: Cd=0.4 10497.16fps @ 5000ft AMSL 138.2964az 42.3  1/ 5/2022

 TIME(SEC) VR(FPS)    ALT(FT)   LAT(DEG) Q(PSF)    BETA       QDCW      QDRAD     QDFM    
 GSEC      MACH      RANGE(NM)  LON(DEG) RN*10-6   CD         QCW       QRAD      DIFMD   
           P(PSF)     AZ(DEG)   GAMMA    KNUD #    W(LBS)     HT(BTU/LB) PTS(ATM)  S(IN)  
0   38.785    386.97     9904.     43.45    131.85  133.0395     -0.17      0.00     65.58
      0.99      0.36      9.33    -83.89  3.128089    0.4718    931.52      0.00  0.005908
             1461.08    145.86    -82.02    0.0002  530.4000      -9.8  0.754755  0.035449
0   43.785    383.59     7987.     43.45    137.52  133.3576     -0.15      0.00     67.80
      1.03      0.35     10.26    -83.87  3.255161    0.4707    930.73      0.00  0.005908
             1572.83    146.07    -84.67    0.0002  530.4000      -8.2  0.810263  0.038671
0   48.785    376.39     6092.     43.45    140.35  133.8694     -0.12      0.00     67.90
      1.05      0.34     11.18    -83.85  3.349464    0.4689    930.06      0.00  0.005908
             1690.20    146.36    -86.44    0.0002  530.4000      -6.7  0.866999  0.041893
0   53.785    367.74     4233.     43.45    141.73  134.4506     -0.10      0.00     66.99
      1.05      0.33     12.10    -83.83  3.426241    0.4669    929.51      0.00  0.005908
             1811.88    146.80    -87.62    0.0002  530.4000      -5.2  0.925049  0.045116
0   58.785    358.77     2418.     43.45    142.44  135.0424     -0.07      0.00     65.69
      1.05      0.32     13.01    -83.81  3.494370    0.4648    929.08      0.00  0.005908
             1937.71    147.44    -88.40    0.0002  530.4000      -3.8  0.984740  0.048338
0   63.785    349.98      646.     43.45    142.84  135.6189     -0.05      0.00     64.26
      1.05      0.31     13.93    -83.79  3.557861    0.4628    928.78      0.00  0.005908
             2067.26    148.37    -88.91    0.0002  530.4000      -2.4  1.046043  0.051561
0   65.638    346.81        1.     43.45    142.94  135.8263     -0.04      0.00     63.72
      1.05      0.31     14.27    -83.78  3.580540    0.4621    928.70      0.00  0.005908
             2116.08    148.81    -89.05    0.0002  530.4000      -1.9  1.069120  0.052755
0

      CROSS RANGE=     0.010      DOWN RANGE=      2.953
