1 SAGINAW_EJECTA_O: Cd=0.1 10497.16fps @ 5000ft AMSL 138.2964az 42.34 17/ 4/2022
                      **** OPTION TABLES ****

        INPUT AERO TABLE 
     CD        ALTITUDE(FT)
  0.000100          0.00
  0.000100     500000.00
        LOW MACH NO. TABLE  
 SWITCH WHEN M <  25.00  OR WHEN ALTITUDE < 500000.0  AND GAMMA <   0.00
     CD        MACH 
  0.080000          0.00
  0.100000          0.50
  0.200000          1.00
  0.200000          1.50
  0.100000          4.00
  0.100000         25.00
1 SAGINAW_EJECTA_O: Cd=0.1 10497.16fps @ 5000ft AMSL 138.2964az 42.34 17/ 4/2022
            INPUT VARIABLES 


     START OF SKIP    1
  INITIAL CONDITIONS
                         RELATIVE      INERTIAL
      VELOCITY(FPS)         10000.00     10497.16
      FLIGHT PATH(DEG)       45.0001      42.3469
      AZIMUTH(DEG)          145.0000     138.2964
      TIME(SEC)                 0.00
      TIME FINAL (SEC)        -1.000
      WEIGHT(LBS)             530.40
      ALTITUDE(FT)           5000.00
      LATITUDE-GEOD(DEG)       43.68
      LONGITUDE(DEG)          -83.82
      REF AREA(FT**2)        8.45000
      REF LENGTH(FT)            1.64
      L/D SUPERSONIC          0.0000
      L/D SUBSONIC            0.0000
      Y/D SUPERSONIC          0.0000
      Y/D SUBSONIC            0.0000
      Q STAG. FACTOR          1.2600
      GRAP. DENS(PCF)       110.0000
               1962 STANDARD ATMOSPHERE
               CIRCULAR VELOCITY(FPS) =    25944.91
               OBLATE EARTH MODEL, POLAR & EQUATORIAL RADII(FT) =
                               0.20855487E+08 0.20925646E+08
               ROTATING EARTH, WE(RAD/SEC) =   0.72921150E-04
               PRINT EVERY  10 TIME STEP 
               MAX TIME STEP =  0.5000  MIN TIME STEP =  0.1000
               CUTOFF ALT(FT) =      1.0 OR 10000000.0
               RADIATIVE FLUX-MODIFIED CALLIS  
1                         AEC SAFETY ANALYSIS     
 SAGINAW_EJECTA_O: Cd=0.1 10497.16fps @ 5000ft AMSL 138.2964az 42.34 17/ 4/2022

 TIME(SEC) VR(FPS)    ALT(FT)   LAT(DEG) Q(PSF)    BETA       QDCW      QDRAD     QDFM    
 GSEC      MACH      RANGE(NM)  LON(DEG) RN*10-6   CD         QCW       QRAD      DIFMD   
           P(PSF)     AZ(DEG)   GAMMA    KNUD #    W(LBS)     HT(BTU/LB) PTS(ATM)  S(IN)  
0    0.000  10000.00     5000.     43.49 102407.59**********    805.44      0.001316292.62
      0.16      9.12      0.00    -83.82 91.427376    0.0001      0.00      0.00  0.088020
             1760.83    145.00     45.00    0.0010  530.4000    1988.9 93.326477  0.000000
0    5.000   9871.94    39860.     43.41  28810.86**********    415.54      0.00 365577.09
      0.05     10.20      6.36    -83.74 31.912582    0.0001   3002.12      0.00  0.047251
              395.79    145.11     44.45    0.0018  530.4000    1911.4 26.256023  0.036466
0   10.000   9757.18    73959.     43.33   5464.06**********    176.47      0.00  68526.80
      0.01     10.02     12.70    -83.67  6.065879    0.0001   4398.33      0.00  0.020539
               77.71    145.22     43.90    0.0041  530.4000    1867.5  4.979531  0.053964
0   15.000   9646.82   107323.     43.25   1093.69**********     77.04      0.00  13561.25
      0.00      9.67     19.02    -83.59  1.178875    0.0001   4996.27      0.00  0.009153
               16.72    145.32     43.33    0.0089  530.4000    1829.5  0.996707  0.061624
0   20.000   9538.53   139959.     43.17    240.70**********     35.28      0.00   2951.07
      0.00      9.03     25.31    -83.52  0.239399    0.0001   5261.50      0.00  0.004260
                4.21    145.43     42.74    0.0185  530.4000    1799.9  0.219357  0.065086
0   25.000   9431.88   171871.     43.09     65.89**********     18.02      0.00    798.80
      0.00      8.72     31.59    -83.44  0.063741    0.0001   5388.69      0.00  0.002218
                1.24    145.53     42.15    0.0345  530.4000    1765.1  0.060047  0.066775
0   30.000   9326.80   203061.     43.02     20.45**********      9.80      0.00    245.18
      0.00      8.94     37.85    -83.37  0.021216    0.0001   5456.28      0.00  0.001240
                0.37    145.64     41.54    0.0614  530.4000    1717.4  0.018639  0.067694
0   35.000   9223.31   233530.     42.94      6.16**********      5.25      0.00     72.98
      0.00      9.56     44.09    -83.30  0.007342    0.0001   5492.96      0.00  0.000686
                0.10    145.74     40.92    0.1116  530.4000    1663.4  0.005610  0.068208
0   40.000   9121.43   263281.     42.86      1.54**********      2.56      0.00     18.07
      0.00     10.32     50.31    -83.23  0.002160    0.0001   5511.89      0.00  0.000345
                0.02    145.84     40.28    0.2220  530.4000    1611.2  0.001405  0.068481
1                         AEC SAFETY ANALYSIS     
 SAGINAW_EJECTA_O: Cd=0.1 10497.16fps @ 5000ft AMSL 138.2964az 42.34 17/ 4/2022

 TIME(SEC) VR(FPS)    ALT(FT)   LAT(DEG) Q(PSF)    BETA       QDCW      QDRAD     QDFM    
 GSEC      MACH      RANGE(NM)  LON(DEG) RN*10-6   CD         QCW       QRAD      DIFMD   
           P(PSF)     AZ(DEG)   GAMMA    KNUD #    W(LBS)     HT(BTU/LB) PTS(ATM)  S(IN)  
0   45.000   9021.17   292315.     42.78      0.30**********      1.10      0.00      3.43
      0.00     10.21     56.51    -83.15  0.000419    0.0001   5520.51      0.00  0.000139
                0.00    145.94     39.63    0.4988  530.4000    1574.8  0.000269  0.068606
0   50.000   8922.56   320635.     42.70      0.06**********      0.47      0.00      0.65
      0.00      9.50     62.70    -83.08  0.000074    0.0001   5524.19      0.00  0.000044
                0.00    146.04     38.97    1.1066  530.4000    1549.4  0.000052  0.068652
0   55.000   8825.64   348242.     42.63      0.01**********      0.22      0.00      0.15
      0.00      8.64     68.87    -83.01  0.000015    0.0001   5525.83      0.00  0.000013
                0.00    146.14     38.29    2.2144  530.4000    1530.4  0.000012  0.068666
0   60.000   8730.42   375138.     42.55      0.00**********      0.12      0.00      0.04
      0.00      7.61     75.03    -82.94  0.000004    0.0001   5526.64      0.00  0.000004
                0.00    146.24     37.60    3.9910  530.4000    1522.2  0.000003  0.068670
0   65.000   8636.95   401325.     42.47      0.00**********      0.07      0.00      0.01
      0.00      6.51     81.17    -82.87  0.000001    0.0001   5527.08      0.00  0.000001
                0.00    146.34     36.90    6.4422  530.4000    1531.0  0.000001  0.068671
0   70.000   8545.24   426805.     42.39      0.00**********      0.04      0.00      0.01
      0.00      5.48     87.30    -82.80  0.000000    0.0001   5527.35      0.00  0.000001
                0.00    146.43     36.18    9.3055  530.4000    1561.2  0.000000  0.068672
0   75.000   8455.34   451578.     42.32      0.00**********      0.03      0.00      0.00
      0.00      4.81     93.41    -82.73  0.000000    0.0001   5527.53      0.00  0.000000
                0.00    146.53     35.44   12.1154  530.4000    1589.6  0.000000  0.068672
0   80.000   8367.27   475647.     42.24      0.00**********      0.03      0.00      0.00
      0.00      4.34     99.51    -82.66  0.000000    0.0001   5527.68      0.00  0.000000
                0.00    146.62     34.69   14.8540  530.4000    1616.6  0.000000  0.068672
0   85.000   8281.08   499013.     42.16      0.00**********      0.02      0.00      0.00
      0.00      4.00    105.59    -82.59  0.000000    0.0001   5527.80      0.00  0.000000
                0.00    146.72     33.93   17.4594  530.4000    1638.3  0.000000  0.068672
1                         AEC SAFETY ANALYSIS     
 SAGINAW_EJECTA_O: Cd=0.1 10497.16fps @ 5000ft AMSL 138.2964az 42.34 17/ 4/2022

 TIME(SEC) VR(FPS)    ALT(FT)   LAT(DEG) Q(PSF)    BETA       QDCW      QDRAD     QDFM    
 GSEC      MACH      RANGE(NM)  LON(DEG) RN*10-6   CD         QCW       QRAD      DIFMD   
           P(PSF)     AZ(DEG)   GAMMA    KNUD #    W(LBS)     HT(BTU/LB) PTS(ATM)  S(IN)  
0   90.000   8196.79   521678.     42.09      0.00**********      0.02      0.00      0.00
      0.00      3.76    111.67    -82.53  0.000000    0.0001   5527.89      0.00  0.000000
                0.00    146.81     33.14   19.8987  530.4000    1649.4  0.000000  0.068672
0   95.000   8114.44   543643.     42.01      0.00**********      0.02      0.00      0.00
      0.00      3.61    117.73    -82.46  0.000000    0.0001   5527.98      0.00  0.000000
                0.00    146.90     32.35   22.1669  530.4000    1648.3  0.000000  0.068672
0  100.000   8034.07   564909.     41.93      0.00**********      0.01      0.00      0.00
      0.00      3.49    123.77    -82.39  0.000000    0.0001   5528.05      0.00  0.000000
                0.00    146.99     31.54   24.3829  530.4000    1642.5  0.000000  0.068672
0  105.000   7955.73   585477.     41.86      0.00**********      0.01      0.00      0.00
      0.00      3.39    129.81    -82.33  0.000000    0.0001   5528.11      0.00  0.000000
                0.00    147.09     30.71   26.5429  530.4000    1631.6  0.000000  0.068672
0  110.000   7879.44   605350.     41.78      0.00**********      0.01      0.00      0.00
      0.00      3.31    135.83    -82.26  0.000000    0.0001   5528.17      0.00  0.000000
                0.00    147.18     29.86   28.7174  530.4000    1620.8  0.000000  0.068672
0  115.000   7805.25   624527.     41.70      0.00**********      0.01      0.00      0.00
      0.00      3.23    141.85    -82.19  0.000000    0.0001   5528.22      0.00  0.000000
                0.00    147.26     29.01   30.8918  530.4000    1610.0  0.000000  0.068672
0  120.000   7733.20   643011.     41.63      0.00**********      0.01      0.00      0.00
      0.00      3.16    147.85    -82.13  0.000000    0.0001   5528.26      0.00  0.000000
                0.00    147.35     28.13   32.9972  530.4000    1595.2  0.000000  0.068672
0  125.000   7663.32   660803.     41.55      0.00**********      0.01      0.00      0.00
      0.00      3.11    153.84    -82.06  0.000000    0.0001   5528.30      0.00  0.000000
                0.00    147.44     27.24   35.1029  530.4000    1580.9  0.000000  0.068672
0  130.000   7595.67   677902.     41.47      0.00**********      0.01      0.00      0.00
      0.00      3.05    159.83    -82.00  0.000000    0.0001   5528.34      0.00  0.000000
                0.00    147.53     26.33   37.2002  530.4000    1567.1  0.000000  0.068672
1                         AEC SAFETY ANALYSIS     
 SAGINAW_EJECTA_O: Cd=0.1 10497.16fps @ 5000ft AMSL 138.2964az 42.34 17/ 4/2022

 TIME(SEC) VR(FPS)    ALT(FT)   LAT(DEG) Q(PSF)    BETA       QDCW      QDRAD     QDFM    
 GSEC      MACH      RANGE(NM)  LON(DEG) RN*10-6   CD         QCW       QRAD      DIFMD   
           P(PSF)     AZ(DEG)   GAMMA    KNUD #    W(LBS)     HT(BTU/LB) PTS(ATM)  S(IN)  
0  135.000   7530.29   694312.     41.40      0.00**********      0.01      0.00      0.00
      0.00      3.00    165.80    -81.93  0.000000    0.0001   5528.38      0.00  0.000000
                0.00    147.61     25.41   39.2805  530.4000    1553.7  0.000000  0.068672
0  140.000   7467.21   710032.     41.32      0.00**********      0.01      0.00      0.00
      0.00      2.95    171.77    -81.87  0.000000    0.0001   5528.41      0.00  0.000000
                0.00    147.70     24.48   41.3356  530.4000    1540.7  0.000000  0.068672
0  145.000   7406.48   725064.     41.24      0.00**********      0.01      0.00      0.00
      0.00      2.90    177.72    -81.80  0.000000    0.0001   5528.44      0.00  0.000000
                0.00    147.78     23.52   43.3576  530.4000    1528.3  0.000000  0.068672
0  150.000   7348.14   739408.     41.17      0.00**********      0.01      0.00      0.00
      0.00      2.86    183.67    -81.74  0.000000    0.0001   5528.47      0.00  0.000000
                0.00    147.86     22.56   45.3388  530.4000    1516.3  0.000000  0.068672
0  155.000   7292.24   753065.     41.09      0.00**********      0.01      0.00      0.00
      0.00      2.82    189.62    -81.68  0.000000    0.0001   5528.49      0.00  0.000000
                0.00    147.95     21.57   47.2719  530.4000    1504.8  0.000000  0.068672
0  160.000   7238.81   766036.     41.02      0.00**********      0.00      0.00      0.00
      0.00      2.78    195.55    -81.61  0.000000    0.0001   5528.52      0.00  0.000000
                0.00    148.03     20.58   49.1211  530.4000    1492.6  0.000000  0.068672
0  165.000   7187.90   778323.     40.94      0.00**********      0.00      0.00      0.00
      0.00      2.75    201.48    -81.55  0.000000    0.0001   5528.54      0.00  0.000000
                0.00    148.11     19.57   50.9087  530.4000    1480.8  0.000000  0.068672
0  170.000   7139.55   789925.     40.86      0.00**********      0.00      0.00      0.00
      0.00      2.72    207.40    -81.49  0.000000    0.0001   5528.56      0.00  0.000000
                0.00    148.19     18.54   52.6331  530.4000    1469.6  0.000000  0.068672
0  175.000   7093.79   800843.     40.79      0.00**********      0.00      0.00      0.00
      0.00      2.69    213.32    -81.43  0.000000    0.0001   5528.58      0.00  0.000000
                0.00    148.27     17.51   54.2882  530.4000    1459.1  0.000000  0.068672
1                         AEC SAFETY ANALYSIS     
 SAGINAW_EJECTA_O: Cd=0.1 10497.16fps @ 5000ft AMSL 138.2964az 42.34 17/ 4/2022

 TIME(SEC) VR(FPS)    ALT(FT)   LAT(DEG) Q(PSF)    BETA       QDCW      QDRAD     QDFM    
 GSEC      MACH      RANGE(NM)  LON(DEG) RN*10-6   CD         QCW       QRAD      DIFMD   
           P(PSF)     AZ(DEG)   GAMMA    KNUD #    W(LBS)     HT(BTU/LB) PTS(ATM)  S(IN)  
0  180.000   7050.68   811078.     40.71      0.00**********      0.00      0.00      0.00
      0.00      2.66    219.22    -81.37  0.000000    0.0001   5528.60      0.00  0.000000
                0.00    148.34     16.46   55.8681  530.4000    1449.2  0.000000  0.068672
0  185.000   7010.23   820631.     40.64      0.00**********      0.00      0.00      0.00
      0.00      2.64    225.13    -81.30  0.000000    0.0001   5528.62      0.00  0.000000
                0.00    148.42     15.39   57.3675  530.4000    1439.9  0.000000  0.068672
0  190.000   6972.50   829503.     40.56      0.00**********      0.00      0.00      0.00
      0.00      2.62    231.03    -81.24  0.000000    0.0001   5528.64      0.00  0.000000
                0.00    148.50     14.32   58.7813  530.4000    1431.2  0.000000  0.068672
0  195.000   6937.52   837692.     40.48      0.00**********      0.00      0.00      0.00
      0.00      2.60    236.92    -81.18  0.000000    0.0001   5528.66      0.00  0.000000
                0.00    148.57     13.23   60.1049  530.4000    1423.3  0.000000  0.068672
0  200.000   6905.31   845202.     40.41      0.00**********      0.00      0.00      0.00
      0.00      2.58    242.82    -81.12  0.000000    0.0001   5528.67      0.00  0.000000
                0.00    148.65     12.14   61.3338  530.4000    1415.9  0.000000  0.068672
0  205.000   6875.91   852030.     40.33      0.00**********      0.00      0.00      0.00
      0.00      2.56    248.70    -81.06  0.000000    0.0001   5528.69      0.00  0.000000
                0.00    148.72     11.04   62.4641  530.4000    1409.2  0.000000  0.068672
0  210.000   6849.35   858179.     40.26      0.00**********      0.00      0.00      0.00
      0.00      2.54    254.59    -81.00  0.000000    0.0001   5528.70      0.00  0.000000
                0.00    148.80      9.92   63.4923  530.4000    1403.2  0.000000  0.068672
0  215.000   6825.66   863648.     40.18      0.00**********      0.00      0.00      0.00
      0.00      2.53    260.47    -80.94  0.000000    0.0001   5528.72      0.00  0.000000
                0.00    148.87      8.80   64.4152  530.4000    1397.8  0.000000  0.068672
0  220.000   6804.85   868438.     40.10      0.00**********      0.00      0.00      0.00
      0.00      2.52    266.34    -80.88  0.000000    0.0001   5528.73      0.00  0.000000
                0.00    148.94      7.67   65.2297  530.4000    1393.1  0.000000  0.068672
1                         AEC SAFETY ANALYSIS     
 SAGINAW_EJECTA_O: Cd=0.1 10497.16fps @ 5000ft AMSL 138.2964az 42.34 17/ 4/2022

 TIME(SEC) VR(FPS)    ALT(FT)   LAT(DEG) Q(PSF)    BETA       QDCW      QDRAD     QDFM    
 GSEC      MACH      RANGE(NM)  LON(DEG) RN*10-6   CD         QCW       QRAD      DIFMD   
           P(PSF)     AZ(DEG)   GAMMA    KNUD #    W(LBS)     HT(BTU/LB) PTS(ATM)  S(IN)  
0  225.000   6786.96   872549.     40.03      0.00**********      0.00      0.00      0.00
      0.00      2.51    272.22    -80.82  0.000000    0.0001   5528.75      0.00  0.000000
                0.00    149.01      6.54   65.9336  530.4000    1389.1  0.000000  0.068672
0  230.000   6771.99   875982.     39.95      0.00**********      0.00      0.00      0.00
      0.00      2.50    278.09    -80.76  0.000000    0.0001   5528.76      0.00  0.000000
                0.00    149.08      5.40   66.5246  530.4000    1385.7  0.000000  0.068672
0  235.000   6759.97   878735.     39.88      0.00**********      0.00      0.00      0.00
      0.00      2.49    283.97    -80.70  0.000000    0.0001   5528.78      0.00  0.000000
                0.00    149.15      4.25   67.0010  530.4000    1383.0  0.000000  0.068672
0  240.000   6750.90   880811.     39.80      0.00**********      0.00      0.00      0.00
      0.00      2.49    289.84    -80.64  0.000000    0.0001   5528.79      0.00  0.000000
                0.00    149.22      3.10   67.3614  530.4000    1381.0  0.000000  0.068672
0  245.000   6744.80   882208.     39.72      0.00**********      0.00      0.00      0.00
      0.00      2.48    295.71    -80.58  0.000000    0.0001   5528.81      0.00  0.000000
                0.00    149.29      1.95   67.6047  530.4000    1379.6  0.000000  0.068672
0  250.000   6741.68   882927.     39.65      0.00**********      0.00      0.00      0.00
      0.00      2.48    301.58    -80.52  0.000000    0.0001   5528.82      0.00  0.000000
                0.00    149.35      0.80   67.7301  530.4000    1378.9  0.000000  0.068672
0  255.000   6741.53   882968.     39.57      0.00  390.4336      0.00      0.00      0.00
      0.00      2.48    307.45    -80.46  0.000000    0.1608   5528.83      0.00  0.000000
                0.00    149.42     -0.35   67.7375  530.4000    1378.9  0.000000  0.068672
0  260.000   6744.35   882330.     39.50      0.00  390.5895      0.00      0.00      0.00
      0.00      2.48    313.32    -80.41  0.000000    0.1607   5528.85      0.00  0.000000
                0.00    149.49     -1.50   67.6265  530.4000    1379.5  0.000000  0.068672
0  265.000   6750.15   881015.     39.42      0.00  390.9109      0.00      0.00      0.00
      0.00      2.49    319.19    -80.35  0.000000    0.1606   5528.86      0.00  0.000000
                0.00    149.55     -2.65   67.3977  530.4000    1380.8  0.000000  0.068672
1                         AEC SAFETY ANALYSIS     
 SAGINAW_EJECTA_O: Cd=0.1 10497.16fps @ 5000ft AMSL 138.2964az 42.34 17/ 4/2022

 TIME(SEC) VR(FPS)    ALT(FT)   LAT(DEG) Q(PSF)    BETA       QDCW      QDRAD     QDFM    
 GSEC      MACH      RANGE(NM)  LON(DEG) RN*10-6   CD         QCW       QRAD      DIFMD   
           P(PSF)     AZ(DEG)   GAMMA    KNUD #    W(LBS)     HT(BTU/LB) PTS(ATM)  S(IN)  
0  270.000   6758.92   879022.     39.34      0.00  391.3989      0.00      0.00      0.00
      0.00      2.49    325.06    -80.29  0.000000    0.1604   5528.88      0.00  0.000000
                0.00    149.62     -3.80   67.0516  530.4000    1382.8  0.000000  0.068672
0  275.000   6770.64   876350.     39.27      0.00  392.0551      0.00      0.00      0.00
      0.00      2.50    330.93    -80.23  0.000000    0.1601   5528.89      0.00  0.000000
                0.00    149.68     -4.95   66.5894  530.4000    1385.4  0.000000  0.068672
0  280.000   6785.31   872999.     39.19      0.00  392.8820      0.00      0.00      0.00
      0.00      2.51    336.81    -80.17  0.000000    0.1598   5528.91      0.00  0.000000
                0.00    149.74     -6.09   66.0124  530.4000    1388.7  0.000000  0.068672
0  285.000   6802.91   868970.     39.11      0.00  393.8828      0.00      0.00      0.00
      0.00      2.52    342.68    -80.12  0.000000    0.1594   5528.92      0.00  0.000000
                0.00    149.80     -7.22   65.3223  530.4000    1392.7  0.000000  0.068672
0  290.000   6823.42   864262.     39.04      0.00  395.0610      0.00      0.00      0.00
      0.00      2.53    348.56    -80.06  0.000000    0.1589   5528.94      0.00  0.000000
                0.00    149.86     -8.35   64.5211  530.4000    1397.4  0.000000  0.068672
0  295.000   6846.82   858875.     38.96      0.00  396.4212      0.00      0.00      0.00
      0.00      2.54    354.45    -80.00  0.000000    0.1583   5528.95      0.00  0.000000
                0.00    149.92     -9.47   63.6115  530.4000    1402.7  0.000000  0.068672
0  300.000   6873.09   852808.     38.88      0.00  397.9686      0.00      0.00      0.00
      0.00      2.56    360.33    -79.94  0.000000    0.1577   5528.97      0.00  0.000000
                0.00    149.98    -10.59   62.5960  530.4000    1408.6  0.000000  0.068672
0  305.000   6902.19   846061.     38.80      0.00  399.7095      0.00      0.00      0.00
      0.00      2.57    366.22    -79.89  0.000000    0.1570   5528.98      0.00  0.000000
                0.00    150.04    -11.69   61.4779  530.4000    1415.2  0.000000  0.068672
0  310.000   6934.11   838634.     38.73      0.00  401.6508      0.00      0.00      0.00
      0.00      2.59    372.11    -79.83  0.000000    0.1563   5529.00      0.00  0.000000
                0.00    150.10    -12.79   60.2608  530.4000    1422.5  0.000000  0.068672
1                         AEC SAFETY ANALYSIS     
 SAGINAW_EJECTA_O: Cd=0.1 10497.16fps @ 5000ft AMSL 138.2964az 42.34 17/ 4/2022

 TIME(SEC) VR(FPS)    ALT(FT)   LAT(DEG) Q(PSF)    BETA       QDCW      QDRAD     QDFM    
 GSEC      MACH      RANGE(NM)  LON(DEG) RN*10-6   CD         QCW       QRAD      DIFMD   
           P(PSF)     AZ(DEG)   GAMMA    KNUD #    W(LBS)     HT(BTU/LB) PTS(ATM)  S(IN)  
0  315.000   6968.81   830526.     38.65      0.00  403.8008      0.00      0.00      0.00
      0.00      2.61    378.01    -79.77  0.000000    0.1554   5529.01      0.00  0.000000
                0.00    150.16    -13.88   58.9486  530.4000    1430.4  0.000000  0.068672
0  320.000   7006.25   821737.     38.57      0.00  406.1687      0.00      0.00      0.00
      0.00      2.64    383.91    -79.72  0.000000    0.1545   5529.03      0.00  0.000000
                0.00    150.21    -14.95   57.5455  530.4000    1439.0  0.000000  0.068672
0  325.000   7046.41   812266.     38.49      0.00  408.7650      0.00      0.00      0.00
      0.00      2.66    389.82    -79.66  0.000000    0.1536   5529.05      0.00  0.000000
                0.00    150.27    -16.01   56.0562  530.4000    1448.2  0.000000  0.068672
0  330.000   7089.24   802113.     38.42      0.00  411.6017      0.00      0.00      0.00
      0.00      2.69    395.73    -79.60  0.000000    0.1525   5529.07      0.00  0.000000
                0.00    150.32    -17.06   54.4857  530.4000    1458.1  0.000000  0.068672
0  335.000   7134.72   791277.     38.34      0.00  414.6924      0.00      0.00      0.00
      0.00      2.72    401.65    -79.55  0.000000    0.1514   5529.09      0.00  0.000000
                0.00    150.38    -18.10   52.8394  530.4000    1468.5  0.000000  0.068672
0  340.000   7182.79   779757.     38.26      0.00  418.0526      0.00      0.00      0.00
      0.00      2.75    407.57    -79.49  0.000000    0.1501   5529.11      0.00  0.000000
                0.00    150.43    -19.13   51.1230  530.4000    1479.7  0.000000  0.068672
0  345.000   7233.42   767553.     38.18      0.00  421.6996      0.00      0.00      0.00
      0.00      2.78    413.51    -79.43  0.000000    0.1488   5529.14      0.00  0.000000
                0.00    150.48    -20.14   49.3426  530.4000    1491.4  0.000000  0.068672
0  350.000   7286.58   754664.     38.11      0.00  425.6536      0.00      0.00      0.00
      0.00      2.81    419.44    -79.38  0.000000    0.1475   5529.16      0.00  0.000000
                0.00    150.54    -21.14   47.5047  530.4000    1503.7  0.000000  0.068672
0  355.000   7342.21   741089.     38.03      0.00  430.3887      0.01      0.00      0.00
      0.00      2.85    425.39    -79.32  0.000000    0.1458   5529.19      0.00  0.000000
                0.00    150.59    -22.12   45.5772  530.4000    1515.2  0.000000  0.068672
1                         AEC SAFETY ANALYSIS     
 SAGINAW_EJECTA_O: Cd=0.1 10497.16fps @ 5000ft AMSL 138.2964az 42.34 17/ 4/2022

 TIME(SEC) VR(FPS)    ALT(FT)   LAT(DEG) Q(PSF)    BETA       QDCW      QDRAD     QDFM    
 GSEC      MACH      RANGE(NM)  LON(DEG) RN*10-6   CD         QCW       QRAD      DIFMD   
           P(PSF)     AZ(DEG)   GAMMA    KNUD #    W(LBS)     HT(BTU/LB) PTS(ATM)  S(IN)  
0  360.000   7400.27   726828.     37.95      0.00  435.5518      0.01      0.00      0.00
      0.00      2.90    431.34    -79.27  0.000000    0.1441   5529.21      0.00  0.000000
                0.00    150.64    -23.09   43.6013  530.4000    1527.1  0.000000  0.068672
0  365.000   7460.74   711879.     37.87      0.00  441.1823      0.01      0.00      0.00
      0.00      2.94    437.30    -79.21  0.000000    0.1423   5529.24      0.00  0.000000
                0.00    150.69    -24.04   41.5837  530.4000    1539.5  0.000000  0.068672
0  370.000   7523.55   696241.     37.79      0.00  447.3289      0.01      0.00      0.00
      0.00      2.99    443.27    -79.15  0.000000    0.1403   5529.28      0.00  0.000000
                0.00    150.74    -24.98   39.5320  530.4000    1552.4  0.000000  0.068672
0  375.000   7588.67   679915.     37.71      0.00  454.0485      0.01      0.00      0.00
      0.00      3.04    449.25    -79.10  0.000000    0.1382   5529.31      0.00  0.000000
                0.00    150.78    -25.91   37.4541  530.4000    1565.7  0.000000  0.068672
0  380.000   7656.05   662898.     37.63      0.00  461.4080      0.01      0.00      0.00
      0.00      3.10    455.24    -79.04  0.000000    0.1360   5529.35      0.00  0.000000
                0.00    150.83    -26.81   35.3583  530.4000    1579.5  0.000000  0.068672
0  385.000   7725.66   645189.     37.55      0.00  469.4866      0.01      0.00      0.00
      0.00      3.16    461.24    -78.99  0.000000    0.1337   5529.39      0.00  0.000000
                0.00    150.88    -27.71   33.2530  530.4000    1593.8  0.000000  0.068672
0  390.000   7797.46   626789.     37.47      0.00  478.3788      0.01      0.00      0.00
      0.00      3.22    467.25    -78.93  0.000000    0.1312   5529.43      0.00  0.000000
                0.00    150.92    -28.58   31.1468  530.4000    1608.5  0.000000  0.068672
0  395.000   7871.39   607694.     37.39      0.00  490.0104      0.01      0.00      0.00
      0.00      3.30    473.27    -78.87  0.000000    0.1281   5529.48      0.00  0.000000
                0.00    150.97    -29.44   28.9814  530.4000    1619.9  0.000000  0.068672
0  400.000   7947.42   587905.     37.31      0.00  503.6183      0.01      0.00      0.00
      0.00      3.38    479.30    -78.82  0.000000    0.1246   5529.54      0.00  0.000000
                0.00    151.01    -30.29   26.8056  530.4000    1630.6  0.000000  0.068672
1                         AEC SAFETY ANALYSIS     
 SAGINAW_EJECTA_O: Cd=0.1 10497.16fps @ 5000ft AMSL 138.2964az 42.34 17/ 4/2022

 TIME(SEC) VR(FPS)    ALT(FT)   LAT(DEG) Q(PSF)    BETA       QDCW      QDRAD     QDFM    
 GSEC      MACH      RANGE(NM)  LON(DEG) RN*10-6   CD         QCW       QRAD      DIFMD   
           P(PSF)     AZ(DEG)   GAMMA    KNUD #    W(LBS)     HT(BTU/LB) PTS(ATM)  S(IN)  
0  405.000   8025.51   567420.     37.23      0.00  519.1766      0.01      0.00      0.00
      0.00      3.48    485.34    -78.76  0.000000    0.1209   5529.60      0.00  0.000000
                0.00    151.06    -31.12   24.6431  530.4000    1641.5  0.000000  0.068672
0  410.000   8105.62   546237.     37.15      0.00  540.0784      0.02      0.00      0.00
      0.00      3.59    491.39    -78.71  0.000000    0.1162   5529.67      0.00  0.000000
                0.00    151.10    -31.93   22.4381  530.4000    1648.2  0.000000  0.068672
0  415.000   8187.72   524356.     37.07      0.00  568.5458      0.02      0.00      0.00
      0.00      3.74    497.46    -78.65  0.000000    0.1104   5529.75      0.00  0.000000
                0.00    151.14    -32.73   20.1913  530.4000    1651.0  0.000000  0.068673
0  420.000   8271.76   501775.     36.99      0.00  619.6794      0.02      0.00      0.00
      0.00      3.97    503.53    -78.60  0.000000    0.1013   5529.85      0.00  0.000000
                0.00    151.18    -33.51   17.7548  530.4000    1640.0  0.000000  0.068673
0  425.000   8357.70   478493.     36.91      0.00  627.6924      0.03      0.00      0.00
      0.00      4.29    509.62    -78.54  0.000000    0.1000   5529.96      0.00  0.000000
                0.00    151.23    -34.28   15.1787  530.4000    1620.1  0.000000  0.068673
0  430.000   8445.52   454508.     36.83      0.00  627.6924      0.03      0.00      0.00
      0.00      4.75    515.73    -78.48  0.000000    0.1000   5530.10      0.00  0.000000
                0.00    151.27    -35.03   12.4492  530.4000    1593.2  0.000000  0.068673
0  435.000   8535.17   429819.     36.75      0.00  627.6924      0.04      0.00      0.01
      0.00      5.38    521.85    -78.43  0.000000    0.1000   5530.29      0.00  0.000001
                0.00    151.30    -35.77    9.6469  530.4000    1565.0  0.000000  0.068673
0  440.000   8626.63   404424.     36.67      0.00  627.6924      0.06      0.00      0.01
      0.00      6.35    527.98    -78.37  0.000001    0.1000   5530.54      0.00  0.000001
                0.00    151.34    -36.49    6.7882  530.4000    1535.0  0.000001  0.068674
0  445.000   8719.85   378321.     36.58      0.00  627.6924      0.11      0.00      0.04
      0.00      7.48    534.13    -78.32  0.000003    0.1000   5530.95      0.00  0.000004
                0.00    151.38    -37.20    4.2487  530.4000    1522.4  0.000003  0.068675
1                         AEC SAFETY ANALYSIS     
 SAGINAW_EJECTA_O: Cd=0.1 10497.16fps @ 5000ft AMSL 138.2964az 42.34 17/ 4/2022

 TIME(SEC) VR(FPS)    ALT(FT)   LAT(DEG) Q(PSF)    BETA       QDCW      QDRAD     QDFM    
 GSEC      MACH      RANGE(NM)  LON(DEG) RN*10-6   CD         QCW       QRAD      DIFMD   
           P(PSF)     AZ(DEG)   GAMMA    KNUD #    W(LBS)     HT(BTU/LB) PTS(ATM)  S(IN)  
0  450.000   8814.82   351510.     36.50      0.01  627.6924      0.20      0.00      0.13
      0.00      8.54    540.29    -78.26  0.000013    0.1000   5531.70      0.00  0.000011
                0.00    151.42    -37.89    2.3860  530.4000    1528.6  0.000010  0.068678
0  455.000   8911.49   323987.     36.42      0.05  627.6924      0.43      0.00      0.54
      0.00      9.42    546.47    -78.21  0.000061    0.1000   5533.20      0.00  0.000038
                0.00    151.46    -38.57    1.2083  530.4000    1546.7  0.000043  0.068691
0  460.000   9009.82   295752.     36.34      0.24  627.6924      0.99      0.00      2.81
      0.00     10.18    552.67    -78.15  0.000343    0.1000   5536.52      0.00  0.000123
                0.00    151.49    -39.24    0.5494  530.4000    1570.9  0.000221  0.068730
0  465.000   9109.67   266803.     36.25      1.26  627.6924      2.31      0.00     14.77
      0.00     10.31    558.88    -78.09  0.001769    0.1000   5544.31      0.00  0.000311
                0.02    151.53    -39.89    0.2450  530.4000    1606.9  0.001149  0.068842
0  470.000   9210.57   237139.     36.17      5.27  627.6924      4.84      0.00     62.40
      0.01      9.65    565.11    -78.04  0.006404    0.1000   5561.67      0.00  0.000635
                0.08    151.56    -40.52    0.1205  530.4000    1656.8  0.004803  0.069094
0  475.000   9311.14   206762.     36.09     17.83  627.6924      9.12      0.00    213.39
      0.03      9.01    571.36    -77.98  0.018794    0.1000   5595.68      0.00  0.001159
                0.31    151.60    -41.15    0.0657  530.4000    1709.7  0.016249  0.069572
0  480.000   9407.29   175681.     36.00     57.18  627.6924     16.69      0.00    691.44
      0.09      8.73    577.62    -77.93  0.055823    0.1000   5658.35      0.00  0.002067
                1.07    151.63    -41.76    0.0369  530.4000    1754.9  0.052113  0.070429
0  485.000   9484.94   143934.     35.92    200.73  627.6924     31.83      0.00   2447.22
      0.32      8.93    583.89    -77.87  0.198717    0.1000   5774.57      0.00  0.003884
                3.60    151.66    -42.36    0.0200  530.4000    1781.0  0.182932  0.071984
0  490.000   9478.33   111668.     35.84    856.85  627.6924     65.66      0.00  10438.94
      1.37      9.42    590.15    -77.81  0.927855    0.1000   6007.59      0.00  0.008078
               13.78    151.69    -42.95    0.0098  530.4000    1766.7  0.780867  0.075091
1                         AEC SAFETY ANALYSIS     
 SAGINAW_EJECTA_O: Cd=0.1 10497.16fps @ 5000ft AMSL 138.2964az 42.34 17/ 4/2022

 TIME(SEC) VR(FPS)    ALT(FT)   LAT(DEG) Q(PSF)    BETA       QDCW      QDRAD     QDFM    
 GSEC      MACH      RANGE(NM)  LON(DEG) RN*10-6   CD         QCW       QRAD      DIFMD   
           P(PSF)     AZ(DEG)   GAMMA    KNUD #    W(LBS)     HT(BTU/LB) PTS(ATM)  S(IN)  
0  495.000   9089.46    79573.     35.75   3614.10  627.6924    123.23      0.00  42223.96
      5.76      9.30    596.27    -77.76  4.279243    0.1000   6474.73      0.00  0.016566
               59.69    151.72    -43.55    0.0045  530.4000    1616.9  3.293618  0.081595
0  498.798   8026.08    56803.     35.70   8466.99  627.6924    144.35      0.00  87348.00
     13.49      8.29    600.57    -77.72 11.535417    0.1000   7002.16      0.00  0.025069
              175.97    151.74    -44.05    0.0024  530.4000    1251.5  7.716167  0.090253
0  500.825   7055.83    46086.     35.67  10924.75  627.6924    124.29      0.00  99078.61
     17.40      7.29    602.60    -77.70 16.930590    0.1000   7278.21      0.00  0.028164
              293.79    151.75    -44.37    0.0018  530.4000     959.2  9.955989  0.096172
0  502.362   6186.99    38926.     35.65  11834.05  627.6924     97.53      0.00  94109.39
     18.85      6.39    603.97    -77.69 20.915203    0.1000   7449.40      0.00  0.029061
              413.90    151.76    -44.65    0.0014  530.4000     729.4 10.784647  0.100988
0  503.706   5405.87    33424.     35.64  11454.69  627.6924     68.55      0.00  79591.95
     18.25      5.52    605.03    -77.68 22.699722    0.1000   7560.89      0.00  0.027049
              537.82    151.76    -44.93    0.0012  530.4000     550.9 10.438934  0.105130
0  505.018   4701.92    28721.     35.63  10316.31  627.6924     48.76      0.00  62347.66
     16.44      4.70    605.96    -77.68 22.720989    0.1000   7636.64      0.00  0.025676
              667.04    151.77    -45.25    0.0010  530.4000     412.7  8.937246  0.108875
0  506.366   4066.16    24507.     35.62   8968.38  626.0934     32.80      0.00  46872.61
     14.32      3.99    606.80    -77.67 22.188301    0.1003   7691.30      0.00  0.023377
              803.31    151.77    -45.63    0.0008  530.4000     305.0  7.852065  0.112504
0  507.654   3485.73    21009.     35.61   7439.54  502.1797     20.44      0.00  33331.97
     14.81      3.38    607.52    -77.66 20.979959    0.1250   7725.28      0.00  0.020157
              932.95    151.77    -46.05    0.0007  530.4000     220.4  6.597648  0.115568
0  508.841   2963.68    18238.     35.60   5905.20  428.5538     12.33      0.00  22495.00
     13.78      2.84    608.11    -77.66 19.242216    0.1465   7744.39      0.00  0.017238
             1047.17    151.78    -46.51    0.0006  530.4000     155.5  5.323358  0.117984
1                         AEC SAFETY ANALYSIS     
 SAGINAW_EJECTA_O: Cd=0.1 10497.16fps @ 5000ft AMSL 138.2964az 42.34 17/ 4/2022

 TIME(SEC) VR(FPS)    ALT(FT)   LAT(DEG) Q(PSF)    BETA       QDCW      QDRAD     QDFM    
 GSEC      MACH      RANGE(NM)  LON(DEG) RN*10-6   CD         QCW       QRAD      DIFMD   
           P(PSF)     AZ(DEG)   GAMMA    KNUD #    W(LBS)     HT(BTU/LB) PTS(ATM)  S(IN)  
0  510.044   2493.20    15846.     35.60   4523.31  379.5577      7.23      0.00  14495.50
     11.92      2.37    608.64    -77.66 17.261131    0.1654   7755.90      0.00  0.014787
             1154.68    151.78    -47.06    0.0006  530.4000     106.3  4.170522  0.120080
0  511.353   2068.93    13649.     35.59   3345.34  344.6339      4.04      0.00   8896.24
      9.71      1.95    609.16    -77.65 15.179051    0.1821   7763.07      0.00  0.012632
             1261.12    151.78    -47.76    0.0005  530.4000      69.5  3.189444  0.122033
0  512.878   1686.45    11520.     35.59   2379.45  318.5703      2.09      0.00   5157.86
      7.47      1.57    609.69    -77.65 13.077474    0.1970   7767.57      0.00  0.010643
             1371.79    151.78    -48.75    0.0004  530.4000      42.6  2.394280  0.123961
0  514.824   1343.22     9293.     35.58   1619.21  313.8462      0.97      0.00   2795.57
      5.16      1.24    610.30    -77.65 11.028194    0.2000   7770.38      0.00  0.008828
             1495.99    151.79    -50.29    0.0004  530.4000      23.8  1.791648  0.126014
0  517.678   1037.48     6659.     35.58   1048.01  329.9148      0.39      0.00   1397.56
      3.18      0.95    611.10    -77.64  9.102812    0.1903   7772.15      0.00  0.007326
             1654.39    151.79    -53.05    0.0003  530.4000      11.5  1.399397  0.128500
0  522.442    817.21     3081.     35.57    724.60  424.2014      0.19      0.00    761.12
      1.71      0.74    612.32    -77.64  7.832339    0.1480   7773.37      0.00  0.006535
             1891.08    151.80    -58.45    0.0003  530.4000       6.4  1.285466  0.132051
0  527.022    728.68        1.     35.57    631.01  480.8540      0.18      0.00    591.01
      1.31      0.65    613.41    -77.64  7.522982    0.1305   7774.21      0.00  0.006392
             2116.08    151.81    -63.71    0.0002  530.4000       6.3  1.331230  0.135268
0

      CROSS RANGE=    52.036      DOWN RANGE=    543.543
