1 SAGINAW_EJECTA_N: Cd=0.4 10497.16fps @ 5000ft AMSL 138.2964az 42.34  1/ 5/2022
                      **** OPTION TABLES ****

        INPUT AERO TABLE 
     CD        ALTITUDE(FT)
  0.000100          0.00
  0.000100     500000.00
        LOW MACH NO. TABLE  
 SWITCH WHEN M <  25.00  OR WHEN ALTITUDE < 500000.0  AND GAMMA <   0.00
     CD        MACH 
  0.400000          0.00
  0.500000          0.50
  0.900000          1.00
  1.000000          1.50
  0.900000          4.00
  0.900000         25.00
1 SAGINAW_EJECTA_N: Cd=0.4 10497.16fps @ 5000ft AMSL 138.2964az 42.34  1/ 5/2022
            INPUT VARIABLES 


     START OF SKIP    1
  INITIAL CONDITIONS
                         RELATIVE      INERTIAL
      VELOCITY(FPS)         10497.16     10497.16
      FLIGHT PATH(DEG)       42.3469      42.3469
      AZIMUTH(DEG)          138.2964     138.2964
      TIME(SEC)                 0.00
      TIME FINAL (SEC)        -1.000
      WEIGHT(LBS)             530.40
      ALTITUDE(FT)           5000.00
      LATITUDE-GEOD(DEG)       43.68
      LONGITUDE(DEG)          -83.82
      REF AREA(FT**2)        8.45000
      REF LENGTH(FT)            1.64
      L/D SUPERSONIC          0.0000
      L/D SUBSONIC            0.0000
      Y/D SUPERSONIC          0.0000
      Y/D SUBSONIC            0.0000
      Q STAG. FACTOR          1.2600
      GRAP. DENS(PCF)       110.0000
               1962 STANDARD ATMOSPHERE
               CIRCULAR VELOCITY(FPS) =    25944.91
               OBLATE EARTH MODEL, POLAR & EQUATORIAL RADII(FT) =
                               0.20855487E+08 0.20925646E+08
               STATIONARY EARTH
               PRINT EVERY  10 TIME STEP 
               MAX TIME STEP =  0.5000  MIN TIME STEP =  0.1000
               CUTOFF ALT(FT) =      1.0 OR 10000000.0
               RADIATIVE FLUX-MODIFIED CALLIS  
1                         AEC SAFETY ANALYSIS     
 SAGINAW_EJECTA_N: Cd=0.4 10497.16fps @ 5000ft AMSL 138.2964az 42.34  1/ 5/2022

 TIME(SEC) VR(FPS)    ALT(FT)   LAT(DEG) Q(PSF)    BETA       QDCW      QDRAD     QDFM    
 GSEC      MACH      RANGE(NM)  LON(DEG) RN*10-6   CD         QCW       QRAD      DIFMD   
           P(PSF)     AZ(DEG)   GAMMA    KNUD #    W(LBS)     HT(BTU/LB) PTS(ATM)  S(IN)  
0    0.000  10497.16     5000.     43.49 112843.34**********    938.45      0.001522538.00
      0.18      9.57      0.00    -83.82 95.972801    0.0001      0.00      0.00  0.093034
             1760.83    138.30     42.35    0.0010  530.4000    2192.4102.836815  0.000000
0    5.000  10372.55    39858.     43.41  31809.90**********    485.63      0.00 424100.12
      0.05     10.71      6.36    -83.72 33.533958    0.0001   3502.45      0.00  0.049932
              395.83    138.36     41.80    0.0019  530.4000    2113.9 28.989120  0.038536
0   10.000  10262.50    73954.     43.33   6045.81**********    206.91      0.00  79749.44
      0.01     10.54     12.70    -83.63  6.381246    0.0001   5136.42      0.00  0.021730
               77.73    138.43     41.24    0.0042  530.4000    2069.6  5.509686  0.057037
0   15.000  10157.18   107314.     43.25   1213.04**********     90.65      0.00  15836.80
      0.00     10.18     19.01    -83.53  1.241854    0.0001   5838.55      0.00  0.009699
               16.72    138.50     40.66    0.0091  530.4000    2031.4  1.105469  0.065147
0   20.000  10054.02   139947.     43.17    267.55**********     41.65      0.00   3457.57
      0.00      9.52     25.31    -83.44  0.252470    0.0001   6151.09      0.00  0.004522
                4.21    138.57     40.08    0.0190  530.4000    2001.7  0.243828  0.068818
0   25.000   9952.54   171856.     43.09     73.41**********     21.35      0.00    939.07
      0.00      9.20     31.58    -83.34  0.067299    0.0001   6301.48      0.00  0.002359
                1.24    138.63     39.48    0.0355  530.4000    1966.7  0.066898  0.070612
0   30.000   9852.68   203041.     43.02     22.84**********     11.65      0.00    289.26
      0.00      9.45     37.84    -83.25  0.022428    0.0001   6381.69      0.00  0.001320
                0.37    138.70     38.88    0.0631  530.4000    1918.9  0.020816  0.071590
0   35.000   9754.43   233507.     42.94      6.89**********      6.26      0.00     86.40
      0.00     10.11     44.07    -83.15  0.007771    0.0001   6425.38      0.00  0.000730
                0.10    138.76     38.26    0.1147  530.4000    1864.7  0.006280  0.072137
0   40.000   9657.81   263254.     42.86      1.73**********      3.07      0.00     21.48
      0.00     10.93     50.29    -83.06  0.002290    0.0001   6448.00      0.00  0.000367
                0.02    138.83     37.63    0.2283  530.4000    1812.4  0.001577  0.072428
1                         AEC SAFETY ANALYSIS     
 SAGINAW_EJECTA_N: Cd=0.4 10497.16fps @ 5000ft AMSL 138.2964az 42.34  1/ 5/2022

 TIME(SEC) VR(FPS)    ALT(FT)   LAT(DEG) Q(PSF)    BETA       QDCW      QDRAD     QDFM    
 GSEC      MACH      RANGE(NM)  LON(DEG) RN*10-6   CD         QCW       QRAD      DIFMD   
           P(PSF)     AZ(DEG)   GAMMA    KNUD #    W(LBS)     HT(BTU/LB) PTS(ATM)  S(IN)  
0   45.000   9562.83   292284.     42.78      0.33**********      1.32      0.00      4.09
      0.00     10.82     56.50    -82.97  0.000444    0.0001   6458.35      0.00  0.000148
                0.00    138.89     36.99    0.5132  530.4000    1775.9  0.000303  0.072561
0   50.000   9469.53   320600.     42.70      0.06**********      0.57      0.00      0.78
      0.00     10.09     62.68    -82.87  0.000078    0.0001   6462.78      0.00  0.000047
                0.00    138.96     36.34    1.1390  530.4000    1750.3  0.000059  0.072610
0   55.000   9377.92   348204.     42.63      0.02**********      0.27      0.00      0.18
      0.00      9.18     68.85    -82.78  0.000016    0.0001   6464.77      0.00  0.000014
                0.00    139.02     35.67    2.2806  530.4000    1731.2  0.000014  0.072624
0   60.000   9288.03   375096.     42.55      0.00**********      0.14      0.00      0.05
      0.00      8.10     75.01    -82.69  0.000004    0.0001   6465.75      0.00  0.000004
                0.00    139.08     34.99    4.1129  530.4000    1722.9  0.000004  0.072629
0   65.000   9199.88   401279.     42.47      0.00**********      0.08      0.00      0.02
      0.00      6.93     81.15    -82.60  0.000001    0.0001   6466.29      0.00  0.000002
                0.00    139.14     34.30    6.6434  530.4000    1731.4  0.000001  0.072630
0   70.000   9113.50   426754.     42.39      0.00**********      0.05      0.00      0.01
      0.00      5.84     87.27    -82.51  0.000000    0.0001   6466.61      0.00  0.000001
                0.00    139.21     33.60    9.6039  530.4000    1761.6  0.000001  0.072631
0   75.000   9028.92   451524.     42.32      0.00**********      0.04      0.00      0.00
      0.00      5.14     93.38    -82.42  0.000000    0.0001   6466.83      0.00  0.000000
                0.00    139.27     32.88   12.5130  530.4000    1789.8  0.000000  0.072631
0   80.000   8946.17   475589.     42.24      0.00**********      0.03      0.00      0.00
      0.00      4.64     99.48    -82.33  0.000000    0.0001   6467.01      0.00  0.000000
                0.00    139.33     32.16   15.3521  530.4000    1816.7  0.000000  0.072631
0   85.000   8865.27   498951.     42.16      0.00**********      0.03      0.00      0.00
      0.00      4.28    105.56    -82.24  0.000000    0.0001   6467.15      0.00  0.000000
                0.00    139.39     31.42   18.0576  530.4000    1838.3  0.000000  0.072632
1                         AEC SAFETY ANALYSIS     
 SAGINAW_EJECTA_N: Cd=0.4 10497.16fps @ 5000ft AMSL 138.2964az 42.34  1/ 5/2022

 TIME(SEC) VR(FPS)    ALT(FT)   LAT(DEG) Q(PSF)    BETA       QDCW      QDRAD     QDFM    
 GSEC      MACH      RANGE(NM)  LON(DEG) RN*10-6   CD         QCW       QRAD      DIFMD   
           P(PSF)     AZ(DEG)   GAMMA    KNUD #    W(LBS)     HT(BTU/LB) PTS(ATM)  S(IN)  
0   90.000   8786.25   521611.     42.09      0.00**********      0.02      0.00      0.00
      0.00      4.04    111.63    -82.15  0.000000    0.0001   6467.27      0.00  0.000000
                0.00    139.45     30.66   20.5939  530.4000    1849.3  0.000000  0.072632
0   95.000   8709.15   543571.     42.01      0.00**********      0.02      0.00      0.00
      0.00      3.88    117.69    -82.06  0.000000    0.0001   6467.37      0.00  0.000000
                0.00    139.51     29.90   22.9568  530.4000    1848.1  0.000000  0.072632
0  100.000   8633.99   564833.     41.93      0.00**********      0.02      0.00      0.00
      0.00      3.75    123.74    -81.98  0.000000    0.0001   6467.46      0.00  0.000000
                0.00    139.57     29.12   25.2684  530.4000    1842.2  0.000000  0.072632
0  105.000   8560.81   585397.     41.86      0.00**********      0.01      0.00      0.00
      0.00      3.65    129.77    -81.89  0.000000    0.0001   6467.53      0.00  0.000000
                0.00    139.63     28.32   27.5243  530.4000    1831.2  0.000000  0.072632
0  110.000   8489.63   605265.     41.78      0.00**********      0.01      0.00      0.00
      0.00      3.56    135.79    -81.80  0.000000    0.0001   6467.60      0.00  0.000000
                0.00    139.69     27.52   29.7982  530.4000    1820.3  0.000000  0.072632
0  115.000   8420.49   624438.     41.70      0.00**********      0.01      0.00      0.00
      0.00      3.48    141.81    -81.71  0.000000    0.0001   6467.66      0.00  0.000000
                0.00    139.75     26.70   32.0752  530.4000    1809.3  0.000000  0.072632
0  120.000   8353.43   642918.     41.63      0.00**********      0.01      0.00      0.00
      0.00      3.42    147.81    -81.63  0.000000    0.0001   6467.72      0.00  0.000000
                0.00    139.81     25.87   34.2828  530.4000    1794.5  0.000000  0.072632
0  125.000   8288.47   660705.     41.55      0.00**********      0.01      0.00      0.00
      0.00      3.36    153.80    -81.54  0.000000    0.0001   6467.77      0.00  0.000000
                0.00    139.87     25.03   36.4934  530.4000    1780.1  0.000000  0.072632
0  130.000   8225.64   677800.     41.47      0.00**********      0.01      0.00      0.00
      0.00      3.30    159.78    -81.46  0.000000    0.0001   6467.82      0.00  0.000000
                0.00    139.92     24.17   38.6978  530.4000    1766.1  0.000000  0.072632
1                         AEC SAFETY ANALYSIS     
 SAGINAW_EJECTA_N: Cd=0.4 10497.16fps @ 5000ft AMSL 138.2964az 42.34  1/ 5/2022

 TIME(SEC) VR(FPS)    ALT(FT)   LAT(DEG) Q(PSF)    BETA       QDCW      QDRAD     QDFM    
 GSEC      MACH      RANGE(NM)  LON(DEG) RN*10-6   CD         QCW       QRAD      DIFMD   
           P(PSF)     AZ(DEG)   GAMMA    KNUD #    W(LBS)     HT(BTU/LB) PTS(ATM)  S(IN)  
0  135.000   8164.99   694205.     41.40      0.00**********      0.01      0.00      0.00
      0.00      3.25    165.75    -81.37  0.000000    0.0001   6467.86      0.00  0.000000
                0.00    139.98     23.31   40.8869  530.4000    1752.6  0.000000  0.072632
0  140.000   8106.54   709920.     41.32      0.00**********      0.01      0.00      0.00
      0.00      3.20    171.72    -81.28  0.000000    0.0001   6467.90      0.00  0.000000
                0.00    140.04     22.43   43.0521  530.4000    1739.6  0.000000  0.072632
0  145.000   8050.33   724947.     41.25      0.00**********      0.01      0.00      0.00
      0.00      3.15    177.67    -81.20  0.000000    0.0001   6467.94      0.00  0.000000
                0.00    140.10     21.54   45.1849  530.4000    1727.0  0.000000  0.072632
0  150.000   7996.38   739286.     41.17      0.00**********      0.01      0.00      0.00
      0.00      3.11    183.62    -81.12  0.000000    0.0001   6467.97      0.00  0.000000
                0.00    140.15     20.63   47.2771  530.4000    1714.9  0.000000  0.072632
0  155.000   7944.74   752939.     41.09      0.00**********      0.01      0.00      0.00
      0.00      3.07    189.56    -81.03  0.000000    0.0001   6468.01      0.00  0.000000
                0.00    140.21     19.72   49.3209  530.4000    1703.4  0.000000  0.072632
0  160.000   7895.43   765906.     41.02      0.00**********      0.01      0.00      0.00
      0.00      3.04    195.50    -80.95  0.000000    0.0001   6468.04      0.00  0.000000
                0.00    140.27     18.79   51.2790  530.4000    1691.1  0.000000  0.072632
0  165.000   7848.48   778187.     40.94      0.00**********      0.01      0.00      0.00
      0.00      3.00    201.42    -80.86  0.000000    0.0001   6468.07      0.00  0.000000
                0.00    140.32     17.85   53.1737  530.4000    1679.2  0.000000  0.072632
0  170.000   7803.94   789784.     40.86      0.00**********      0.01      0.00      0.00
      0.00      2.97    207.34    -80.78  0.000000    0.0001   6468.09      0.00  0.000000
                0.00    140.38     16.91   55.0032  530.4000    1667.9  0.000000  0.072632
0  175.000   7761.81   800698.     40.79      0.00**********      0.01      0.00      0.00
      0.00      2.94    213.26    -80.70  0.000000    0.0001   6468.12      0.00  0.000000
                0.00    140.43     15.95   56.7611  530.4000    1657.3  0.000000  0.072632
1                         AEC SAFETY ANALYSIS     
 SAGINAW_EJECTA_N: Cd=0.4 10497.16fps @ 5000ft AMSL 138.2964az 42.34  1/ 5/2022

 TIME(SEC) VR(FPS)    ALT(FT)   LAT(DEG) Q(PSF)    BETA       QDCW      QDRAD     QDFM    
 GSEC      MACH      RANGE(NM)  LON(DEG) RN*10-6   CD         QCW       QRAD      DIFMD   
           P(PSF)     AZ(DEG)   GAMMA    KNUD #    W(LBS)     HT(BTU/LB) PTS(ATM)  S(IN)  
0  180.000   7722.14   810928.     40.71      0.00**********      0.00      0.00      0.00
      0.00      2.92    219.16    -80.61  0.000000    0.0001   6468.14      0.00  0.000000
                0.00    140.49     14.98   58.4407  530.4000    1647.3  0.000000  0.072632
0  185.000   7684.96   820476.     40.64      0.00**********      0.00      0.00      0.00
      0.00      2.89    225.07    -80.53  0.000000    0.0001   6468.17      0.00  0.000000
                0.00    140.54     14.00   60.0363  530.4000    1637.9  0.000000  0.072632
0  190.000   7650.28   829342.     40.56      0.00**********      0.00      0.00      0.00
      0.00      2.87    230.96    -80.45  0.000000    0.0001   6468.19      0.00  0.000000
                0.00    140.60     13.02   61.5420  530.4000    1629.2  0.000000  0.072632
0  195.000   7618.14   837527.     40.49      0.00**********      0.00      0.00      0.00
      0.00      2.85    236.86    -80.37  0.000000    0.0001   6468.21      0.00  0.000000
                0.00    140.65     12.03   62.9527  530.4000    1621.1  0.000000  0.072632
0  200.000   7588.56   845030.     40.41      0.00**********      0.00      0.00      0.00
      0.00      2.83    242.75    -80.29  0.000000    0.0001   6468.23      0.00  0.000000
                0.00    140.71     11.02   64.2636  530.4000    1613.7  0.000000  0.072632
0  205.000   7561.56   851854.     40.33      0.00**********      0.00      0.00      0.00
      0.00      2.81    248.63    -80.20  0.000000    0.0001   6468.25      0.00  0.000000
                0.00    140.76     10.02   65.4701  530.4000    1606.9  0.000000  0.072632
0  210.000   7537.16   857997.     40.26      0.00**********      0.00      0.00      0.00
      0.00      2.80    254.51    -80.12  0.000000    0.0001   6468.27      0.00  0.000000
                0.00    140.81      9.00   66.5682  530.4000    1600.8  0.000000  0.072632
0  215.000   7515.39   863461.     40.18      0.00**********      0.00      0.00      0.00
      0.00      2.79    260.39    -80.04  0.000000    0.0001   6468.29      0.00  0.000000
                0.00    140.87      7.98   67.5541  530.4000    1595.4  0.000000  0.072632
0  220.000   7496.26   868246.     40.11      0.00**********      0.00      0.00      0.00
      0.00      2.77    266.27    -79.96  0.000000    0.0001   6468.31      0.00  0.000000
                0.00    140.92      6.95   68.4247  530.4000    1590.6  0.000000  0.072632
1                         AEC SAFETY ANALYSIS     
 SAGINAW_EJECTA_N: Cd=0.4 10497.16fps @ 5000ft AMSL 138.2964az 42.34  1/ 5/2022

 TIME(SEC) VR(FPS)    ALT(FT)   LAT(DEG) Q(PSF)    BETA       QDCW      QDRAD     QDFM    
 GSEC      MACH      RANGE(NM)  LON(DEG) RN*10-6   CD         QCW       QRAD      DIFMD   
           P(PSF)     AZ(DEG)   GAMMA    KNUD #    W(LBS)     HT(BTU/LB) PTS(ATM)  S(IN)  
0  225.000   7479.78   872351.     40.03      0.00**********      0.00      0.00      0.00
      0.00      2.76    272.14    -79.88  0.000000    0.0001   6468.33      0.00  0.000000
                0.00    140.97      5.92   69.1770  530.4000    1586.5  0.000000  0.072632
0  230.000   7465.97   875778.     39.95      0.00**********      0.00      0.00      0.00
      0.00      2.75    278.02    -79.80  0.000000    0.0001   6468.35      0.00  0.000000
                0.00    141.03      4.89   69.8087  530.4000    1583.1  0.000000  0.072632
0  235.000   7454.84   878526.     39.88      0.00**********      0.00      0.00      0.00
      0.00      2.75    283.89    -79.72  0.000000    0.0001   6468.37      0.00  0.000000
                0.00    141.08      3.85   70.3176  530.4000    1580.3  0.000000  0.072632
0  240.000   7446.40   880596.     39.80      0.00**********      0.00      0.00      0.00
      0.00      2.74    289.76    -79.64  0.000000    0.0001   6468.39      0.00  0.000000
                0.00    141.13      2.81   70.7022  530.4000    1578.2  0.000000  0.072632
0  245.000   7440.66   881988.     39.72      0.00**********      0.00      0.00      0.00
      0.00      2.74    295.63    -79.56  0.000000    0.0001   6468.41      0.00  0.000000
                0.00    141.18      1.76   70.9611  530.4000    1576.7  0.000000  0.072632
0  250.000   7437.62   882701.     39.65      0.00**********      0.00      0.00      0.00
      0.00      2.74    301.49    -79.48  0.000000    0.0001   6468.43      0.00  0.000000
                0.00    141.24      0.72   71.0936  530.4000    1576.0  0.000000  0.072632
0  255.000   7437.28   882736.     39.57      0.00   66.0369      0.00      0.00      0.00
      0.00      2.74    307.36    -79.40  0.000000    0.9505   6468.45      0.00  0.000000
                0.00    141.29     -0.33   71.0992  530.4000    1575.9  0.000000  0.072632
0  260.000   7439.65   882093.     39.50      0.00   66.0411      0.00      0.00      0.00
      0.00      2.74    313.23    -79.32  0.000000    0.9505   6468.47      0.00  0.000000
                0.00    141.34     -1.37   70.9780  530.4000    1576.5  0.000000  0.072632
0  265.000   7444.72   880772.     39.42      0.00   66.0498      0.00      0.00      0.00
      0.00      2.74    319.10    -79.24  0.000000    0.9503   6468.49      0.00  0.000000
                0.00    141.39     -2.41   70.7303  530.4000    1577.7  0.000000  0.072632
1                         AEC SAFETY ANALYSIS     
 SAGINAW_EJECTA_N: Cd=0.4 10497.16fps @ 5000ft AMSL 138.2964az 42.34  1/ 5/2022

 TIME(SEC) VR(FPS)    ALT(FT)   LAT(DEG) Q(PSF)    BETA       QDCW      QDRAD     QDFM    
 GSEC      MACH      RANGE(NM)  LON(DEG) RN*10-6   CD         QCW       QRAD      DIFMD   
           P(PSF)     AZ(DEG)   GAMMA    KNUD #    W(LBS)     HT(BTU/LB) PTS(ATM)  S(IN)  
0  270.000   7452.49   878772.     39.34      0.00   66.0633      0.00      0.00      0.00
      0.00      2.75    324.97    -79.16  0.000000    0.9501   6468.50      0.00  0.000000
                0.00    141.44     -3.46   70.3569  530.4000    1579.6  0.000000  0.072632
0  275.000   7462.95   876094.     39.27      0.00   66.0813      0.00      0.00      0.00
      0.00      2.75    330.84    -79.09  0.000000    0.9499   6468.52      0.00  0.000000
                0.00    141.49     -4.50   69.8591  530.4000    1582.2  0.000000  0.072632
0  280.000   7476.10   872738.     39.19      0.00   66.1041      0.00      0.00      0.00
      0.00      2.76    336.71    -79.01  0.000000    0.9496   6468.54      0.00  0.000000
                0.00    141.54     -5.53   69.2383  530.4000    1585.5  0.000000  0.072632
0  285.000   7491.91   868703.     39.11      0.00   66.1316      0.00      0.00      0.00
      0.00      2.77    342.59    -78.93  0.000000    0.9492   6468.56      0.00  0.000000
                0.00    141.59     -6.56   68.4967  530.4000    1589.4  0.000000  0.072632
0  290.000   7510.39   863989.     39.04      0.00   66.1638      0.00      0.00      0.00
      0.00      2.78    348.47    -78.85  0.000000    0.9487   6468.58      0.00  0.000000
                0.00    141.64     -7.59   67.6367  530.4000    1594.0  0.000000  0.072632
0  295.000   7531.51   858595.     38.96      0.00   66.2009      0.00      0.00      0.00
      0.00      2.80    354.35    -78.77  0.000000    0.9482   6468.60      0.00  0.000000
                0.00    141.69     -8.62   66.6611  530.4000    1599.3  0.000000  0.072632
0  300.000   7555.26   852522.     38.88      0.00   66.2429      0.00      0.00      0.00
      0.00      2.81    360.23    -78.69  0.000000    0.9476   6468.62      0.00  0.000000
                0.00    141.74     -9.63   65.5731  530.4000    1605.2  0.000000  0.072632
0  305.000   7581.61   845769.     38.80      0.00   66.2899      0.00      0.00      0.00
      0.00      2.83    366.12    -78.62  0.000000    0.9469   6468.64      0.00  0.000000
                0.00    141.79    -10.64   64.3764  530.4000    1611.7  0.000000  0.072632
0  310.000   7610.56   838336.     38.73      0.00   66.3419      0.00      0.00      0.00
      0.00      2.85    372.01    -78.54  0.000000    0.9461   6468.66      0.00  0.000000
                0.00    141.84    -11.65   63.0750  530.4000    1619.0  0.000000  0.072632
1                         AEC SAFETY ANALYSIS     
 SAGINAW_EJECTA_N: Cd=0.4 10497.16fps @ 5000ft AMSL 138.2964az 42.34  1/ 5/2022

 TIME(SEC) VR(FPS)    ALT(FT)   LAT(DEG) Q(PSF)    BETA       QDCW      QDRAD     QDFM    
 GSEC      MACH      RANGE(NM)  LON(DEG) RN*10-6   CD         QCW       QRAD      DIFMD   
           P(PSF)     AZ(DEG)   GAMMA    KNUD #    W(LBS)     HT(BTU/LB) PTS(ATM)  S(IN)  
0  315.000   7642.07   830221.     38.65      0.00   66.3991      0.00      0.00      0.00
      0.00      2.87    377.91    -78.46  0.000000    0.9453   6468.68      0.00  0.000000
                0.00    141.89    -12.64   61.6734  530.4000    1626.9  0.000000  0.072632
0  320.000   7676.12   821426.     38.57      0.00   66.4616      0.00      0.00      0.00
      0.00      2.89    383.81    -78.38  0.000000    0.9444   6468.71      0.00  0.000000
                0.00    141.94    -13.63   60.1764  530.4000    1635.4  0.000000  0.072632
0  325.000   7712.69   811948.     38.50      0.00   66.5295      0.00      0.00      0.00
      0.00      2.91    389.71    -78.30  0.000000    0.9435   6468.73      0.00  0.000000
                0.00    141.99    -14.61   58.5891  530.4000    1644.6  0.000000  0.072632
0  330.000   7751.74   801789.     38.42      0.00   66.6029      0.01      0.00      0.00
      0.00      2.94    395.62    -78.23  0.000000    0.9424   6468.75      0.00  0.000000
                0.00    142.04    -15.58   56.9173  530.4000    1654.4  0.000000  0.072632
0  335.000   7793.27   790946.     38.34      0.00   66.6821      0.01      0.00      0.00
      0.00      2.97    401.54    -78.15  0.000000    0.9413   6468.78      0.00  0.000000
                0.00    142.09    -16.54   55.1668  530.4000    1664.8  0.000000  0.072632
0  340.000   7837.22   779420.     38.26      0.00   66.7671      0.01      0.00      0.00
      0.00      3.00    407.46    -78.07  0.000000    0.9401   6468.81      0.00  0.000000
                0.00    142.14    -17.49   53.3440  530.4000    1675.9  0.000000  0.072632
0  345.000   7883.58   767209.     38.18      0.00   66.8582      0.01      0.00      0.00
      0.00      3.03    413.39    -78.00  0.000000    0.9388   6468.84      0.00  0.000000
                0.00    142.19    -18.43   51.4555  530.4000    1687.6  0.000000  0.072632
0  350.000   7932.31   754313.     38.11      0.00   66.9558      0.01      0.00      0.00
      0.00      3.06    419.33    -77.92  0.000000    0.9375   6468.86      0.00  0.000000
                0.00    142.24    -19.36   49.5069  530.4000    1699.9  0.000000  0.072632
0  355.000   7983.38   740731.     38.03      0.00   67.0718      0.01      0.00      0.00
      0.00      3.10    425.27    -77.84  0.000000    0.9359   6468.90      0.00  0.000000
                0.00    142.29    -20.27   47.4686  530.4000    1711.3  0.000000  0.072632
1                         AEC SAFETY ANALYSIS     
 SAGINAW_EJECTA_N: Cd=0.4 10497.16fps @ 5000ft AMSL 138.2964az 42.34  1/ 5/2022

 TIME(SEC) VR(FPS)    ALT(FT)   LAT(DEG) Q(PSF)    BETA       QDCW      QDRAD     QDFM    
 GSEC      MACH      RANGE(NM)  LON(DEG) RN*10-6   CD         QCW       QRAD      DIFMD   
           P(PSF)     AZ(DEG)   GAMMA    KNUD #    W(LBS)     HT(BTU/LB) PTS(ATM)  S(IN)  
0  360.000   8036.77   726463.     37.95      0.00   67.1958      0.01      0.00      0.00
      0.00      3.15    431.22    -77.76  0.000000    0.9341   6468.93      0.00  0.000000
                0.00    142.33    -21.18   45.3812  530.4000    1723.2  0.000000  0.072632
0  365.000   8092.43   711507.     37.87      0.00   67.3285      0.01      0.00      0.00
      0.00      3.19    437.18    -77.69  0.000000    0.9323   6468.97      0.00  0.000000
                0.00    142.38    -22.07   43.2526  530.4000    1735.6  0.000000  0.072632
0  370.000   8150.33   695863.     37.79      0.00   67.4703      0.01      0.00      0.00
      0.00      3.24    443.15    -77.61  0.000000    0.9303   6469.01      0.00  0.000000
                0.00    142.43    -22.96   41.0908  530.4000    1748.5  0.000000  0.072632
0  375.000   8210.45   679529.     37.71      0.00   67.6218      0.01      0.00      0.00
      0.00      3.29    449.13    -77.53  0.000000    0.9282   6469.05      0.00  0.000000
                0.00    142.48    -23.83   38.9042  530.4000    1761.8  0.000000  0.072632
0  380.000   8272.75   662505.     37.63      0.00   67.7835      0.01      0.00      0.00
      0.00      3.35    455.12    -77.46  0.000000    0.9260   6469.10      0.00  0.000000
                0.00    142.53    -24.69   36.7017  530.4000    1775.6  0.000000  0.072632
0  385.000   8337.20   644789.     37.55      0.00   67.9563      0.01      0.00      0.00
      0.00      3.41    461.11    -77.38  0.000000    0.9237   6469.15      0.00  0.000000
                0.00    142.57    -25.53   34.4920  530.4000    1789.9  0.000000  0.072632
0  390.000   8403.76   626381.     37.47      0.00   68.1410      0.01      0.00      0.00
      0.00      3.47    467.12    -77.30  0.000000    0.9212   6469.20      0.00  0.000000
                0.00    142.62    -26.37   32.2844  530.4000    1804.5  0.000000  0.072632
0  395.000   8472.39   607279.     37.39      0.00   68.3776      0.01      0.00      0.00
      0.00      3.55    473.14    -77.23  0.000000    0.9180   6469.26      0.00  0.000000
                0.00    142.67    -27.19   30.0162  530.4000    1815.8  0.000000  0.072632
0  400.000   8543.08   587483.     37.31      0.00   68.6423      0.01      0.00      0.00
      0.00      3.64    479.17    -77.15  0.000000    0.9144   6469.33      0.00  0.000000
                0.00    142.72    -27.99   27.7420  530.4000    1826.5  0.000000  0.072632
1                         AEC SAFETY ANALYSIS     
 SAGINAW_EJECTA_N: Cd=0.4 10497.16fps @ 5000ft AMSL 138.2964az 42.34  1/ 5/2022

 TIME(SEC) VR(FPS)    ALT(FT)   LAT(DEG) Q(PSF)    BETA       QDCW      QDRAD     QDFM    
 GSEC      MACH      RANGE(NM)  LON(DEG) RN*10-6   CD         QCW       QRAD      DIFMD   
           P(PSF)     AZ(DEG)   GAMMA    KNUD #    W(LBS)     HT(BTU/LB) PTS(ATM)  S(IN)  
0  405.000   8615.78   566990.     37.23      0.00   68.9306      0.02      0.00      0.00
      0.00      3.73    485.21    -77.07  0.000000    0.9106   6469.41      0.00  0.000000
                0.00    142.76    -28.79   25.4848  530.4000    1837.4  0.000000  0.072632
0  410.000   8690.47   545800.     37.15      0.00   69.3000      0.02      0.00      0.00
      0.00      3.86    491.26    -77.00  0.000000    0.9058   6469.50      0.00  0.000000
                0.00    142.81    -29.57   23.1840  530.4000    1843.9  0.000000  0.072632
0  415.000   8767.11   523912.     37.07      0.00   69.7436      0.02      0.00      0.00
      0.00      4.01    497.32    -76.92  0.000000    0.9000   6469.60      0.00  0.000000
                0.00    142.86    -30.34   20.8413  530.4000    1846.5  0.000000  0.072632
0  420.000   8845.67   501323.     36.99      0.00   69.7436      0.03      0.00      0.00
      0.00      4.25    503.40    -76.84  0.000000    0.9000   6469.71      0.00  0.000000
                0.00    142.91    -31.10   18.3086  530.4000    1835.5  0.000000  0.072632
0  425.000   8926.13   478033.     36.91      0.00   69.7436      0.03      0.00      0.00
      0.00      4.59    509.49    -76.77  0.000000    0.9000   6469.85      0.00  0.000000
                0.00    142.95    -31.84   15.6307  530.4000    1815.2  0.000000  0.072632
0  430.000   9008.44   454040.     36.83      0.00   69.7436      0.04      0.00      0.00
      0.00      5.07    515.59    -76.69  0.000000    0.9000   6470.02      0.00  0.000000
                0.00    143.00    -32.57   12.8011  530.4000    1788.4  0.000000  0.072632
0  435.000   9092.59   429343.     36.75      0.00   69.7436      0.05      0.00      0.01
      0.00      5.75    521.71    -76.61  0.000000    0.9000   6470.24      0.00  0.000001
                0.00    143.05    -33.29    9.9004  530.4000    1760.2  0.000001  0.072632
0  440.000   9178.55   403940.     36.67      0.00   69.7436      0.08      0.00      0.02
      0.00      6.78    527.84    -76.54  0.000001    0.9000   6470.54      0.00  0.000001
                0.00    143.09    -34.00    6.9456  530.4000    1730.1  0.000001  0.072633
0  445.000   9266.27   377830.     36.59      0.00   69.7436      0.13      0.00      0.04
      0.00      7.97    533.99    -76.46  0.000003    0.9000   6471.05      0.00  0.000004
                0.00    143.14    -34.69    4.3379  530.4000    1718.1  0.000003  0.072634
1                         AEC SAFETY ANALYSIS     
 SAGINAW_EJECTA_N: Cd=0.4 10497.16fps @ 5000ft AMSL 138.2964az 42.34  1/ 5/2022

 TIME(SEC) VR(FPS)    ALT(FT)   LAT(DEG) Q(PSF)    BETA       QDCW      QDRAD     QDFM    
 GSEC      MACH      RANGE(NM)  LON(DEG) RN*10-6   CD         QCW       QRAD      DIFMD   
           P(PSF)     AZ(DEG)   GAMMA    KNUD #    W(LBS)     HT(BTU/LB) PTS(ATM)  S(IN)  
0  450.000   9355.74   351010.     36.50      0.01   69.7436      0.25      0.00      0.16
      0.00      9.08    540.15    -76.38  0.000014    0.9000   6471.96      0.00  0.000012
                0.00    143.19    -35.37    2.4302  530.4000    1724.6  0.000012  0.072638
0  455.000   9446.89   323479.     36.42      0.05   69.7436      0.52      0.00      0.67
      0.00     10.00    546.33    -76.31  0.000066    0.9000   6473.79      0.00  0.000041
                0.00    143.23    -36.04    1.2276  530.4000    1742.8  0.000050  0.072651
0  460.000   9539.49   295237.     36.34      0.28   69.7436      1.20      0.00      3.44
      0.00     10.79    552.52    -76.23  0.000376    0.9000   6477.83      0.00  0.000133
                0.00    143.28    -36.70    0.5567  530.4000    1767.0  0.000256  0.072694
0  465.000   9632.44   266282.     36.26      1.45   69.7436      2.80      0.00     17.98
      0.02     10.90    558.73    -76.15  0.001926    0.9000   6487.28      0.00  0.000335
                0.02    143.33    -37.34    0.2483  530.4000    1802.6  0.001323  0.072815
0  470.000   9721.10   236623.     36.17      6.00   69.7436      5.80      0.00     74.99
      0.09     10.17    564.96    -76.08  0.006892    0.9000   6508.16      0.00  0.000682
                0.08    143.37    -37.97    0.1225  530.4000    1850.1  0.005469  0.073086
0  475.000   9791.74   206294.     36.09     20.06   69.7436     10.77      0.00    252.43
      0.29      9.46    571.19    -76.00  0.020068    0.9000   6548.63      0.00  0.001237
                0.32    143.42    -38.59    0.0668  530.4000    1893.3  0.018278  0.073598
0  480.000   9804.64   175406.     36.01     62.73   69.7436     19.11      0.00    790.54
      0.90      9.10    577.41    -75.92  0.058726    0.9000   6621.61      0.00  0.002177
                1.08    143.47    -39.21    0.0375  530.4000    1907.4  0.057167  0.074506
0  485.000   9632.82   144307.     35.92    203.78   69.7436     33.15      0.00   2523.15
      2.92      9.06    583.55    -75.85  0.198450    0.9000   6749.08      0.00  0.003921
                3.55    143.51    -39.83    0.0203  530.4000    1837.6  0.185713  0.076113
0  489.924   8847.06   114624.     35.85    648.90   69.7436     49.27      0.00   7379.01
      9.30      8.75    589.28    -75.78  0.746293    0.9000   6955.20      0.00  0.006968
               12.11    143.55    -40.47    0.0101  530.4000    1536.7  0.591359  0.078986
1                         AEC SAFETY ANALYSIS     
 SAGINAW_EJECTA_N: Cd=0.4 10497.16fps @ 5000ft AMSL 138.2964az 42.34  1/ 5/2022

 TIME(SEC) VR(FPS)    ALT(FT)   LAT(DEG) Q(PSF)    BETA       QDCW      QDRAD     QDFM    
 GSEC      MACH      RANGE(NM)  LON(DEG) RN*10-6   CD         QCW       QRAD      DIFMD   
           P(PSF)     AZ(DEG)   GAMMA    KNUD #    W(LBS)     HT(BTU/LB) PTS(ATM)  S(IN)  
0  492.772   7785.77    99059.     35.81   1050.97   69.7436     47.64      0.00  10517.48
     15.07      7.86    592.24    -75.74  1.421348    0.9000   7096.74      0.00  0.008775
               24.29    143.58    -40.89    0.0066  530.4000    1180.0  0.957773  0.081451
0  494.618   6843.28    90153.     35.78   1235.39   69.7436     39.14      0.00  10866.51
     17.71      6.95    593.91    -75.72  1.919776    0.9000   7177.52      0.00  0.009416
               36.52    143.59    -41.21    0.0050  530.4000     903.4  1.125844  0.083291
0  496.118   5996.59    83767.     35.77   1285.93   69.7436     30.06      0.00   9911.57
     18.44      6.12    595.09    -75.71  2.296915    0.9000   7229.52      0.00  0.009532
               49.08    143.60    -41.51    0.0040  530.4000     685.4  1.171899  0.084846
0  497.466   5233.67    78724.     35.76   1248.32   69.7436     20.97      0.00   8397.52
     17.90      5.36    596.02    -75.70  2.569476    0.9000   7263.38      0.00  0.008875
               62.11    143.60    -41.82    0.0033  530.4000     513.6  1.137620  0.086188
0  498.754   4545.26    74504.     35.75   1154.72   69.7436     14.92      0.00   6746.11
     16.56      4.67    596.79    -75.69  2.750082    0.9000   7286.19      0.00  0.008567
               75.74    143.61    -42.17    0.0028  530.4000     378.6  1.001884  0.087406
0  500.041   3923.64    70826.     35.74   1029.09   69.7436      9.91      0.00   5189.96
     14.76      4.04    597.44    -75.68  2.851278    0.9000   7302.07      0.00  0.007890
               90.12    143.62    -42.57    0.0024  530.4000     273.0  0.901762  0.088568
0  501.363   3361.59    67551.     35.73    886.64   68.1334      6.09      0.00   3830.98
     13.01      3.47    598.02    -75.67  2.878274    0.9213   7312.48      0.00  0.006941
              105.30    143.62    -43.05    0.0020  530.4000     190.7  0.786053  0.089638
0  502.751   2854.03    64590.     35.72    737.98   66.6288      3.55      0.00   2707.20
     11.08      2.95    598.54    -75.67  2.827432    0.9421   7319.03      0.00  0.006046
              121.30    143.62    -43.64    0.0018  530.4000     127.5  0.663984  0.090619
0  504.271   2395.82    61819.     35.72    593.63   65.3161      1.93      0.00   1828.05
      9.09      2.47    599.01    -75.66  2.709362    0.9610   7323.07      0.00  0.005275
              138.46    143.63    -44.40    0.0015  530.4000      79.4  0.544992  0.091555
1                         AEC SAFETY ANALYSIS     
 SAGINAW_EJECTA_N: Cd=0.4 10497.16fps @ 5000ft AMSL 138.2964az 42.34  1/ 5/2022

 TIME(SEC) VR(FPS)    ALT(FT)   LAT(DEG) Q(PSF)    BETA       QDCW      QDRAD     QDFM    
 GSEC      MACH      RANGE(NM)  LON(DEG) RN*10-6   CD         QCW       QRAD      DIFMD   
           P(PSF)     AZ(DEG)   GAMMA    KNUD #    W(LBS)     HT(BTU/LB) PTS(ATM)  S(IN)  
0  506.007   1982.36    59141.     35.71    461.90   64.1753      0.91      0.00   1176.94
      7.20      2.05    599.45    -75.66  2.547855    0.9781   7325.45      0.00  0.004593
              157.36    143.63    -45.43    0.0013  530.4000      43.3  0.436842  0.092487
0  508.085   1609.83    56460.     35.70    346.26   63.1810      0.30      0.00    716.47
      5.48      1.66    599.87    -75.65  2.351957    0.9935   7326.63      0.00  0.003954
              178.88    143.64    -46.91    0.0011  530.4000      16.6  0.343391  0.093452
0  510.757   1276.26    53614.     35.70    249.36   65.1356     -0.04      0.00    409.05
      3.83      1.32    600.29    -75.65  2.136434    0.9637   7326.91      0.00  0.003467
              204.96    143.65    -49.20    0.0009  530.4000      -2.7  0.268641  0.094515
0  514.742    981.61    50150.     35.69    174.09   69.5276     -0.21      0.00    219.65
      2.50      1.01    600.74    -75.64  1.939294    0.9028   7326.34      0.00  0.003467
              241.89    143.66    -53.31    0.0007  530.4000     -16.0  0.219939  0.096022
0  519.742    794.41    46511.     35.69    135.70   82.9749     -0.27      0.00    138.56
      1.64      0.82    601.15    -75.63  1.867866    0.7565   7325.10      0.00  0.003467
              287.88    143.68    -59.14    0.0006  530.4000     -22.6  0.211692  0.097914
0  524.742    700.90    43228.     35.68    123.60   92.4149     -0.31      0.00    111.35
      1.34      0.72    601.43    -75.63  1.928220    0.6792   7323.65      0.00  0.003467
              336.83    143.71    -64.91    0.0005  530.4000     -25.4  0.225629  0.099805
0  529.742    644.71    40126.     35.68    121.32   99.1968     -0.33      0.00    100.54
      1.22      0.67    601.64    -75.63  2.057707    0.6328   7322.06      0.00  0.003467
              390.78    143.74    -70.11    0.0005  530.4000     -26.9  0.248629  0.101696
0  534.742    605.13    37151.     35.68    123.25  104.6036     -0.35      0.00     95.86
      1.18      0.63    601.80    -75.63  2.227090    0.6001   7320.35      0.00  0.003467
              450.61    143.79    -74.54    0.0004  530.4000     -27.9  0.277083  0.103588
0  539.742    574.57    34287.     35.68    125.23  109.9614     -0.35      0.00     92.48
      1.14      0.59    601.91    -75.63  2.349857    0.5708   7318.56      0.00  0.003467
              516.47    143.85    -78.18    0.0004  530.4000     -27.0  0.308531  0.105479
1                         AEC SAFETY ANALYSIS     
 SAGINAW_EJECTA_N: Cd=0.4 10497.16fps @ 5000ft AMSL 138.2964az 42.34  1/ 5/2022

 TIME(SEC) VR(FPS)    ALT(FT)   LAT(DEG) Q(PSF)    BETA       QDCW      QDRAD     QDFM    
 GSEC      MACH      RANGE(NM)  LON(DEG) RN*10-6   CD         QCW       QRAD      DIFMD   
           P(PSF)     AZ(DEG)   GAMMA    KNUD #    W(LBS)     HT(BTU/LB) PTS(ATM)  S(IN)  
0  544.742    551.55    31518.     35.68    128.09  114.8650     -0.34      0.00     90.81
      1.12      0.56    601.99    -75.62  2.453381    0.5465   7316.82      0.00  0.003467
              587.53    143.93    -81.09    0.0004  530.4000     -25.2  0.343018  0.107370
0  549.742    532.37    28833.     35.68    131.72  119.3429     -0.33      0.00     90.13
      1.10      0.53    602.05    -75.62  2.564231    0.5260   7315.14      0.00  0.003467
              663.74    144.05    -83.35    0.0003  530.4000     -23.3  0.380426  0.109262
0  554.742    515.30    26227.     35.67    135.54  123.6135     -0.31      0.00     89.77
      1.10      0.51    602.10    -75.62  2.677144    0.5078   7313.53      0.00  0.003467
              745.22    144.21    -85.08    0.0003  530.4000     -21.4  0.420465  0.111153
0  559.742    499.13    23698.     35.67    139.02  126.1141     -0.30      0.00     89.19
      1.10      0.49    602.13    -75.62  2.786859    0.4977   7312.00      0.00  0.003467
              831.96    144.43    -86.40    0.0003  530.4000     -19.6  0.462842  0.113044
0  564.742    481.74    21248.     35.67    140.93  127.2226     -0.28      0.00     87.26
      1.11      0.47    602.15    -75.62  2.880194    0.4934   7310.56      0.00  0.003467
              923.51    144.75    -87.38    0.0003  530.4000     -17.9  0.506696  0.114936
0  569.742    464.32    18885.     35.67    141.84  128.3196     -0.26      0.00     84.65
      1.11      0.45    602.16    -75.62  2.962196    0.4892   7309.21      0.00  0.003467
             1019.51    145.19    -88.12    0.0003  530.4000     -16.2  0.552181  0.116827
0  574.742    447.70    16606.     35.67    142.26  129.3654     -0.24      0.00     81.86
      1.10      0.43    602.17    -75.62  3.037397    0.4852   7307.96      0.00  0.003467
             1119.62    145.83    -88.65    0.0002  530.4000     -14.5  0.599396  0.118718
0  579.742    432.18    14407.     35.67    142.44  130.3451     -0.22      0.00     79.13
      1.09      0.41    602.18    -75.62  3.108267    0.4816   7306.82      0.00  0.003467
             1223.55    146.74    -89.04    0.0002  530.4000     -12.9  0.648331  0.120610
0  584.742    417.80    12283.     35.67    142.54  131.2562     -0.20      0.00     76.55
      1.09      0.39    602.19    -75.62  3.176495    0.4782   7305.79      0.00  0.003467
             1331.27    148.03    -89.32    0.0002  530.4000     -11.3  0.699047  0.122501
1                         AEC SAFETY ANALYSIS     
 SAGINAW_EJECTA_N: Cd=0.4 10497.16fps @ 5000ft AMSL 138.2964az 42.34  1/ 5/2022

 TIME(SEC) VR(FPS)    ALT(FT)   LAT(DEG) Q(PSF)    BETA       QDCW      QDRAD     QDFM    
 GSEC      MACH      RANGE(NM)  LON(DEG) RN*10-6   CD         QCW       QRAD      DIFMD   
           P(PSF)     AZ(DEG)   GAMMA    KNUD #    W(LBS)     HT(BTU/LB) PTS(ATM)  S(IN)  
0  589.742    404.53    10227.     35.67    142.62  132.1019     -0.17      0.00     74.16
      1.08      0.38    602.19    -75.62  3.243039    0.4752   7304.87      0.00  0.003467
             1442.81    149.83    -89.52    0.0002  530.4000      -9.8  0.751595  0.124392
0  594.742    392.27     8236.     35.67    142.71  132.8875     -0.15      0.00     71.96
      1.07      0.36    602.19    -75.62  3.308030    0.4723   7304.06      0.00  0.003467
             1557.96    152.26    -89.65    0.0002  530.4000      -8.3  0.805870  0.126284
0  599.742    380.91     6303.     35.67    142.81  133.6185     -0.13      0.00     69.92
      1.07      0.35    602.19    -75.62  3.371803    0.4698   7303.37      0.00  0.003467
             1676.71    155.39    -89.74    0.0002  530.4000      -6.8  0.861877  0.128175
0  604.742    370.36     4425.     35.67    142.93  134.3006     -0.10      0.00     68.04
      1.06      0.34    602.20    -75.62  3.434405    0.4674   7302.81      0.00  0.003467
             1799.00    159.15    -89.80    0.0002  530.4000      -5.4  0.919578  0.130066
0  609.742    360.52     2598.     35.67    143.07  134.9386     -0.08      0.00     66.30
      1.06      0.33    602.20    -75.62  3.496099    0.4652   7302.37      0.00  0.003467
             1924.93    163.28    -89.84    0.0002  530.4000      -4.0  0.979022  0.131957
0  614.742    351.33      819.     35.67    143.21  135.5370     -0.05      0.00     64.67
      1.06      0.32    602.20    -75.62  3.556797    0.4631   7302.06      0.00  0.003467
             2054.35    167.35    -89.87    0.0002  530.4000      -2.6  1.040139  0.133849
0  617.085    347.23        1.     35.67    143.28  135.8047     -0.04      0.00     63.95
      1.06      0.31    602.20    -75.62  3.584777    0.4622   7301.96      0.00  0.003467
             2116.08    169.13    -89.88    0.0002  530.4000      -1.9  1.069287  0.134735
0

      CROSS RANGE=    45.503      DOWN RANGE=    587.491
