1 SAGINAW_EJECTA_N: Cd=0.0 10532fps @ 5000ft AMSL 132.78az 42.4el     26/ 4/2022
                      **** OPTION TABLES ****

        INPUT AERO TABLE 
     CD        ALTITUDE(FT)
  0.000000          0.00
  0.000000     500000.00
        LOW MACH NO. TABLE  
 SWITCH WHEN M <  25.00  OR WHEN ALTITUDE < 500000.0  AND GAMMA <   0.00
     CD        MACH 
  0.000000          0.00
  0.000000         25.00
1 SAGINAW_EJECTA_N: Cd=0.0 10532fps @ 5000ft AMSL 132.78az 42.4el     26/ 4/2022
            INPUT VARIABLES 


     START OF SKIP    1
  INITIAL CONDITIONS
                         RELATIVE      INERTIAL
      VELOCITY(FPS)         10532.00     10532.00
      FLIGHT PATH(DEG)       42.4000      42.4000
      AZIMUTH(DEG)          132.7800     132.7800
      TIME(SEC)                 0.00
      TIME FINAL (SEC)        -1.000
      WEIGHT(LBS)             530.40
      ALTITUDE(FT)           5000.00
      LATITUDE-GEOD(DEG)       42.53
      LONGITUDE(DEG)          -84.05
      REF AREA(FT**2)        8.45000
      REF LENGTH(FT)            1.64
      L/D SUPERSONIC          0.0000
      L/D SUBSONIC            0.0000
      Y/D SUPERSONIC          0.0000
      Y/D SUBSONIC            0.0000
      Q STAG. FACTOR          1.2600
      GRAP. DENS(PCF)       110.0000
               1962 STANDARD ATMOSPHERE
               CIRCULAR VELOCITY(FPS) =    25945.31
               OBLATE EARTH MODEL, POLAR & EQUATORIAL RADII(FT) =
                               0.20855487E+08 0.20925646E+08
               STATIONARY EARTH
               PRINT EVERY  10 TIME STEP 
               MAX TIME STEP =  0.5000  MIN TIME STEP =  0.1000
               CUTOFF ALT(FT) =      1.0 OR 10000000.0
               RADIATIVE FLUX-MODIFIED CALLIS  
1                         AEC SAFETY ANALYSIS     
 SAGINAW_EJECTA_N: Cd=0.0 10532fps @ 5000ft AMSL 132.78az 42.4el     26/ 4/2022

 TIME(SEC) VR(FPS)    ALT(FT)   LAT(DEG) Q(PSF)    BETA       QDCW      QDRAD     QDFM    
 GSEC      MACH      RANGE(NM)  LON(DEG) RN*10-6   CD         QCW       QRAD      DIFMD   
           P(PSF)     AZ(DEG)   GAMMA    KNUD #    W(LBS)     HT(BTU/LB) PTS(ATM)  S(IN)  
0    0.000  10532.00     5000.     42.33 113593.63  Infinity    948.30      0.001537748.38
      0.00      9.60      0.00    -84.05 96.291336    0.0000      0.00      0.00  0.093387
             1760.83    132.78     42.40    0.0010  530.4000    2207.1103.520576  0.000000
0    5.000  10424.28    40054.     42.26  31825.05  Infinity    490.97      0.00 426418.06
      0.00     10.77      6.38    -83.95 33.383446    0.0000   3543.63      0.00  0.049973
              392.10    132.85     41.85    0.0019  530.4000    2135.4 29.002926  0.038659
0   10.000  10318.07    74379.     42.19   5987.01  Infinity    208.31      0.00  79401.50
      0.00     10.60     12.75    -83.84  6.282083    0.0000   5192.95      0.00  0.021637
               76.19    132.92     41.30    0.0042  530.4000    2092.5  5.456103  0.057137
0   15.000  10213.38   107975.     42.12   1187.91  Infinity     90.78      0.00  15594.60
      0.00     10.22     19.09    -83.74  1.207032    0.0000   5898.40      0.00  0.009603
               16.24    133.00     40.73    0.0093  530.4000    2054.5  1.082573  0.065195
0   20.000  10110.23   140845.     42.05    260.30  Infinity     41.58      0.00   3382.63
      0.00      9.56     25.41    -83.63  0.243688    0.0000   6210.93      0.00  0.004463
                4.07    133.07     40.15    0.0194  530.4000    2024.6  0.237217  0.068825
0   25.000  10008.63   172991.     41.97     71.27  Infinity     21.29      0.00    916.89
      0.00      9.26     31.71    -83.53  0.065087    0.0000   6360.96      0.00  0.002326
                1.19    133.14     39.56    0.0363  530.4000    1988.8  0.064952  0.070594
0   30.000   9908.61   204416.     41.90     21.99  Infinity     11.57      0.00    280.01
      0.00      9.53     38.00    -83.43  0.021580    0.0000   6440.76      0.00  0.001296
                0.35    133.21     38.96    0.0649  530.4000    1940.3  0.020036  0.071556
0   35.000   9810.18   235121.     41.83      6.51  Infinity      6.16      0.00     82.13
      0.00     10.22     44.26    -83.32  0.007359    0.0000   6483.99      0.00  0.000711
                0.09    133.28     38.35    0.1191  530.4000    1885.7  0.005936  0.072091
0   40.000   9713.37   265108.     41.76      1.58  Infinity      2.97      0.00     19.69
      0.00     10.99     50.51    -83.22  0.002075    0.0000   6506.13      0.00  0.000350
                0.02    133.35     37.72    0.2412  530.4000    1833.9  0.001437  0.072373
1                         AEC SAFETY ANALYSIS     
 SAGINAW_EJECTA_N: Cd=0.0 10532fps @ 5000ft AMSL 132.78az 42.4el     26/ 4/2022

 TIME(SEC) VR(FPS)    ALT(FT)   LAT(DEG) Q(PSF)    BETA       QDCW      QDRAD     QDFM    
 GSEC      MACH      RANGE(NM)  LON(DEG) RN*10-6   CD         QCW       QRAD      DIFMD   
           P(PSF)     AZ(DEG)   GAMMA    KNUD #    W(LBS)     HT(BTU/LB) PTS(ATM)  S(IN)  
0   45.000   9618.19   294380.     41.69      0.30  Infinity      1.27      0.00      3.70
      0.00     10.88     56.74    -83.12  0.000397    0.0000   6516.11      0.00  0.000138
                0.00    133.41     37.09    0.5458  530.4000    1797.1  0.000273  0.072499
0   50.000   9524.67   322938.     41.62      0.06  Infinity      0.54      0.00      0.70
      0.00     10.09     62.96    -83.02  0.000069    0.0000   6520.34      0.00  0.000043
                0.00    133.48     36.44    1.2152  530.4000    1772.1  0.000052  0.072544
0   55.000   9432.83   350784.     41.55      0.01  Infinity      0.26      0.00      0.16
      0.00      9.16     69.15    -82.92  0.000014    0.0000   6522.24      0.00  0.000013
                0.00    133.55     35.78    2.4276  530.4000    1753.4  0.000012  0.072557
0   60.000   9342.70   377920.     41.48      0.00  Infinity      0.13      0.00      0.05
      0.00      8.03     75.33    -82.82  0.000003    0.0000   6523.18      0.00  0.000004
                0.00    133.62     35.11    4.3634  530.4000    1746.6  0.000003  0.072561
0   65.000   9254.29   404347.     41.40      0.00  Infinity      0.08      0.00      0.02
      0.00      6.82     81.50    -82.72  0.000001    0.0000   6523.70      0.00  0.000001
                0.00    133.69     34.43    7.0218  530.4000    1759.0  0.000001  0.072563
0   70.000   9167.64   430067.     41.33      0.00  Infinity      0.05      0.00      0.01
      0.00      5.78     87.65    -82.62  0.000000    0.0000   6524.01      0.00  0.000001
                0.00    133.75     33.73   10.0276  530.4000    1789.3  0.000001  0.072563
0   75.000   9082.78   455082.     41.26      0.00  Infinity      0.04      0.00      0.00
      0.00      5.09     93.79    -82.52  0.000000    0.0000   6524.23      0.00  0.000000
                0.00    133.82     33.02   12.9796  530.4000    1817.7  0.000000  0.072563
0   80.000   8999.72   479394.     41.19      0.00  Infinity      0.03      0.00      0.00
      0.00      4.60     99.91    -82.43  0.000000    0.0000   6524.40      0.00  0.000000
                0.00    133.88     32.30   15.8604  530.4000    1844.8  0.000000  0.072564
0   85.000   8918.50   503004.     41.12      0.00  Infinity      0.03      0.00      0.00
      0.00      4.27    106.02    -82.33  0.000000    0.0000   6524.54      0.00  0.000000
                0.00    133.95     31.57   18.5772  530.4000    1864.2  0.000000  0.072564
1                         AEC SAFETY ANALYSIS     
 SAGINAW_EJECTA_N: Cd=0.0 10532fps @ 5000ft AMSL 132.78az 42.4el     26/ 4/2022

 TIME(SEC) VR(FPS)    ALT(FT)   LAT(DEG) Q(PSF)    BETA       QDCW      QDRAD     QDFM    
 GSEC      MACH      RANGE(NM)  LON(DEG) RN*10-6   CD         QCW       QRAD      DIFMD   
           P(PSF)     AZ(DEG)   GAMMA    KNUD #    W(LBS)     HT(BTU/LB) PTS(ATM)  S(IN)  
0   90.000   8839.14   525912.     41.05      0.00  Infinity      0.02      0.00      0.00
      0.00      4.03    112.11    -82.23  0.000000    0.0000   6524.66      0.00  0.000000
                0.00    134.01     30.82   21.1545  530.4000    1874.6  0.000000  0.072564
0   95.000   8761.68   548122.     40.98      0.00  Infinity      0.02      0.00      0.00
      0.00      3.88    118.20    -82.14  0.000000    0.0000   6524.76      0.00  0.000000
                0.00    134.08     30.06   23.5433  530.4000    1871.2  0.000000  0.072564
0  100.000   8686.15   569634.     40.91      0.00  Infinity      0.02      0.00      0.00
      0.00      3.76    124.27    -82.04  0.000000    0.0000   6524.85      0.00  0.000000
                0.00    134.14     29.29   25.8894  530.4000    1863.5  0.000000  0.072564
0  105.000   8612.57   590449.     40.84      0.00  Infinity      0.01      0.00      0.00
      0.00      3.66    130.33    -81.94  0.000000    0.0000   6524.92      0.00  0.000000
                0.00    134.21     28.51   28.2083  530.4000    1852.3  0.000000  0.072564
0  110.000   8540.98   610569.     40.77      0.00  Infinity      0.01      0.00      0.00
      0.00      3.57    136.37    -81.85  0.000000    0.0000   6524.99      0.00  0.000000
                0.00    134.27     27.71   30.5470  530.4000    1841.3  0.000000  0.072564
0  115.000   8471.41   629995.     40.70      0.00  Infinity      0.01      0.00      0.00
      0.00      3.49    142.41    -81.75  0.000000    0.0000   6525.05      0.00  0.000000
                0.00    134.33     26.90   32.8676  530.4000    1828.8  0.000000  0.072564
0  120.000   8403.88   648729.     40.63      0.00  Infinity      0.01      0.00      0.00
      0.00      3.43    148.43    -81.66  0.000000    0.0000   6525.11      0.00  0.000000
                0.00    134.40     26.08   35.1458  530.4000    1813.8  0.000000  0.072564
0  125.000   8338.44   666770.     40.56      0.00  Infinity      0.01      0.00      0.00
      0.00      3.37    154.45    -81.56  0.000000    0.0000   6525.16      0.00  0.000000
                0.00    134.46     25.24   37.4290  530.4000    1799.1  0.000000  0.072564
0  130.000   8275.12   684121.     40.49      0.00  Infinity      0.01      0.00      0.00
      0.00      3.31    160.46    -81.47  0.000000    0.0000   6525.21      0.00  0.000000
                0.00    134.52     24.40   39.7078  530.4000    1784.9  0.000000  0.072564
1                         AEC SAFETY ANALYSIS     
 SAGINAW_EJECTA_N: Cd=0.0 10532fps @ 5000ft AMSL 132.78az 42.4el     26/ 4/2022

 TIME(SEC) VR(FPS)    ALT(FT)   LAT(DEG) Q(PSF)    BETA       QDCW      QDRAD     QDFM    
 GSEC      MACH      RANGE(NM)  LON(DEG) RN*10-6   CD         QCW       QRAD      DIFMD   
           P(PSF)     AZ(DEG)   GAMMA    KNUD #    W(LBS)     HT(BTU/LB) PTS(ATM)  S(IN)  
0  135.000   8213.94   700783.     40.42      0.00  Infinity      0.01      0.00      0.00
      0.00      3.26    166.45    -81.38  0.000000    0.0000   6525.25      0.00  0.000000
                0.00    134.58     23.54   41.9730  530.4000    1771.1  0.000000  0.072564
0  140.000   8154.94   716756.     40.35      0.00  Infinity      0.01      0.00      0.00
      0.00      3.21    172.44    -81.28  0.000000    0.0000   6525.29      0.00  0.000000
                0.00    134.65     22.67   44.2156  530.4000    1757.8  0.000000  0.072564
0  145.000   8098.15   732042.     40.28      0.00  Infinity      0.01      0.00      0.00
      0.00      3.16    178.42    -81.19  0.000000    0.0000   6525.33      0.00  0.000000
                0.00    134.71     21.78   46.4270  530.4000    1745.0  0.000000  0.072564
0  150.000   8043.61   746641.     40.21      0.00  Infinity      0.01      0.00      0.00
      0.00      3.12    184.39    -81.10  0.000000    0.0000   6525.36      0.00  0.000000
                0.00    134.77     20.89   48.5989  530.4000    1732.7  0.000000  0.072564
0  155.000   7991.35   760554.     40.14      0.00  Infinity      0.01      0.00      0.00
      0.00      3.08    190.35    -81.01  0.000000    0.0000   6525.39      0.00  0.000000
                0.00    134.83     19.98   50.7074  530.4000    1720.2  0.000000  0.072564
0  160.000   7941.39   773782.     40.07      0.00  Infinity      0.01      0.00      0.00
      0.00      3.04    196.31    -80.91  0.000000    0.0000   6525.42      0.00  0.000000
                0.00    134.89     19.07   52.7422  530.4000    1707.4  0.000000  0.072564
0  165.000   7893.77   786327.     40.00      0.00  Infinity      0.01      0.00      0.00
      0.00      3.01    202.26    -80.82  0.000000    0.0000   6525.45      0.00  0.000000
                0.00    134.95     18.14   54.7195  530.4000    1695.3  0.000000  0.072564
0  170.000   7848.52   798188.     39.93      0.00  Infinity      0.01      0.00      0.00
      0.00      2.98    208.20    -80.73  0.000000    0.0000   6525.48      0.00  0.000000
                0.00    135.01     17.20   56.6322  530.4000    1683.7  0.000000  0.072564
0  175.000   7805.68   809366.     39.86      0.00  Infinity      0.00      0.00      0.00
      0.00      2.95    214.13    -80.64  0.000000    0.0000   6525.50      0.00  0.000000
                0.00    135.07     16.25   58.4732  530.4000    1672.8  0.000000  0.072564
1                         AEC SAFETY ANALYSIS     
 SAGINAW_EJECTA_N: Cd=0.0 10532fps @ 5000ft AMSL 132.78az 42.4el     26/ 4/2022

 TIME(SEC) VR(FPS)    ALT(FT)   LAT(DEG) Q(PSF)    BETA       QDCW      QDRAD     QDFM    
 GSEC      MACH      RANGE(NM)  LON(DEG) RN*10-6   CD         QCW       QRAD      DIFMD   
           P(PSF)     AZ(DEG)   GAMMA    KNUD #    W(LBS)     HT(BTU/LB) PTS(ATM)  S(IN)  
0  180.000   7765.26   819863.     39.79      0.00  Infinity      0.00      0.00      0.00
      0.00      2.92    220.07    -80.55  0.000000    0.0000   6525.53      0.00  0.000000
                0.00    135.13     15.29   60.2359  530.4000    1662.6  0.000000  0.072564
0  185.000   7727.30   829678.     39.72      0.00  Infinity      0.00      0.00      0.00
      0.00      2.90    225.99    -80.46  0.000000    0.0000   6525.55      0.00  0.000000
                0.00    135.19     14.32   61.9142  530.4000    1652.9  0.000000  0.072564
0  190.000   7691.82   838812.     39.65      0.00  Infinity      0.00      0.00      0.00
      0.00      2.88    231.91    -80.37  0.000000    0.0000   6525.58      0.00  0.000000
                0.00    135.25     13.35   63.5021  530.4000    1643.9  0.000000  0.072564
0  195.000   7658.85   847267.     39.58      0.00  Infinity      0.00      0.00      0.00
      0.00      2.85    237.82    -80.28  0.000000    0.0000   6525.60      0.00  0.000000
                0.00    135.30     12.36   64.9941  530.4000    1635.6  0.000000  0.072564
0  200.000   7628.41   855041.     39.51      0.00  Infinity      0.00      0.00      0.00
      0.00      2.84    243.73    -80.19  0.000000    0.0000   6525.62      0.00  0.000000
                0.00    135.36     11.37   66.3852  530.4000    1627.9  0.000000  0.072564
0  205.000   7600.53   862137.     39.44      0.00  Infinity      0.00      0.00      0.00
      0.00      2.82    249.64    -80.10  0.000000    0.0000   6525.64      0.00  0.000000
                0.00    135.42     10.37   67.6708  530.4000    1620.8  0.000000  0.072564
0  210.000   7575.23   868553.     39.37      0.00  Infinity      0.00      0.00      0.00
      0.00      2.80    255.54    -80.01  0.000000    0.0000   6525.66      0.00  0.000000
                0.00    135.48      9.36   68.8463  530.4000    1614.5  0.000000  0.072564
0  215.000   7552.52   874291.     39.30      0.00  Infinity      0.00      0.00      0.00
      0.00      2.79    261.44    -79.92  0.000000    0.0000   6525.67      0.00  0.000000
                0.00    135.54      8.35   69.9081  530.4000    1608.7  0.000000  0.072564
0  220.000   7532.44   879351.     39.23      0.00  Infinity      0.00      0.00      0.00
      0.00      2.78    267.34    -79.83  0.000000    0.0000   6525.69      0.00  0.000000
                0.00    135.59      7.33   70.8525  530.4000    1603.7  0.000000  0.072564
1                         AEC SAFETY ANALYSIS     
 SAGINAW_EJECTA_N: Cd=0.0 10532fps @ 5000ft AMSL 132.78az 42.4el     26/ 4/2022

 TIME(SEC) VR(FPS)    ALT(FT)   LAT(DEG) Q(PSF)    BETA       QDCW      QDRAD     QDFM    
 GSEC      MACH      RANGE(NM)  LON(DEG) RN*10-6   CD         QCW       QRAD      DIFMD   
           P(PSF)     AZ(DEG)   GAMMA    KNUD #    W(LBS)     HT(BTU/LB) PTS(ATM)  S(IN)  
0  225.000   7514.98   883734.     39.16      0.00  Infinity      0.00      0.00      0.00
      0.00      2.76    273.24    -79.74  0.000000    0.0000   6525.71      0.00  0.000000
                0.00    135.65      6.31   71.6767  530.4000    1599.3  0.000000  0.072564
0  230.000   7500.16   887438.     39.09      0.00  Infinity      0.00      0.00      0.00
      0.00      2.76    279.13    -79.65  0.000000    0.0000   6525.73      0.00  0.000000
                0.00    135.71      5.28   72.3778  530.4000    1595.6  0.000000  0.072564
0  235.000   7488.01   890466.     39.02      0.00  Infinity      0.00      0.00      0.00
      0.00      2.75    285.02    -79.57  0.000000    0.0000   6525.75      0.00  0.000000
                0.00    135.77      4.25   72.9536  530.4000    1592.5  0.000000  0.072564
0  240.000   7478.52   892816.     38.95      0.00  Infinity      0.00      0.00      0.00
      0.00      2.74    290.91    -79.48  0.000000    0.0000   6525.77      0.00  0.000000
                0.00    135.82      3.21   73.4025  530.4000    1590.1  0.000000  0.072564
0  245.000   7471.71   894490.     38.88      0.00  Infinity      0.00      0.00      0.00
      0.00      2.74    296.80    -79.39  0.000000    0.0000   6525.79      0.00  0.000000
                0.00    135.88      2.18   73.7227  530.4000    1588.4  0.000000  0.072564
0  250.000   7467.58   895486.     38.80      0.00  Infinity      0.00      0.00      0.00
      0.00      2.74    302.68    -79.30  0.000000    0.0000   6525.81      0.00  0.000000
                0.00    135.93      1.14   73.9135  530.4000    1587.4  0.000000  0.072564
0  255.000   7466.13   895806.     38.73      0.00  Infinity      0.00      0.00      0.00
      0.00      2.73    308.57    -79.21  0.000000    0.0000   6525.83      0.00  0.000000
                0.00    135.99      0.10   73.9742  530.4000    1587.0  0.000000  0.072564
0  260.000   7467.37   895449.     38.66      0.00  Infinity      0.00      0.00      0.00
      0.00      2.74    314.46    -79.13  0.000000    0.0000   6525.84      0.00  0.000000
                0.00    136.05     -0.94   73.9045  530.4000    1587.3  0.000000  0.072564
0  265.000   7471.29   894415.     38.59      0.00  Infinity      0.00      0.00      0.00
      0.00      2.74    320.35    -79.04  0.000000    0.0000   6525.86      0.00  0.000000
                0.00    136.10     -1.98   73.7047  530.4000    1588.3  0.000000  0.072564
1                         AEC SAFETY ANALYSIS     
 SAGINAW_EJECTA_N: Cd=0.0 10532fps @ 5000ft AMSL 132.78az 42.4el     26/ 4/2022

 TIME(SEC) VR(FPS)    ALT(FT)   LAT(DEG) Q(PSF)    BETA       QDCW      QDRAD     QDFM    
 GSEC      MACH      RANGE(NM)  LON(DEG) RN*10-6   CD         QCW       QRAD      DIFMD   
           P(PSF)     AZ(DEG)   GAMMA    KNUD #    W(LBS)     HT(BTU/LB) PTS(ATM)  S(IN)  
0  270.000   7477.89   892704.     38.52      0.00  Infinity      0.00      0.00      0.00
      0.00      2.74    326.24    -78.95  0.000000    0.0000   6525.88      0.00  0.000000
                0.00    136.16     -3.01   73.3756  530.4000    1589.9  0.000000  0.072564
0  275.000   7487.17   890316.     38.45      0.00  Infinity      0.00      0.00      0.00
      0.00      2.75    332.13    -78.87  0.000000    0.0000   6525.90      0.00  0.000000
                0.00    136.21     -4.05   72.9180  530.4000    1592.2  0.000000  0.072564
0  280.000   7499.12   887251.     38.38      0.00  Infinity      0.00      0.00      0.00
      0.00      2.76    338.02    -78.78  0.000000    0.0000   6525.92      0.00  0.000000
                0.00    136.27     -5.08   72.3335  530.4000    1595.2  0.000000  0.072564
0  285.000   7513.72   883508.     38.31      0.00  Infinity      0.00      0.00      0.00
      0.00      2.76    343.91    -78.69  0.000000    0.0000   6525.94      0.00  0.000000
                0.00    136.32     -6.11   71.6239  530.4000    1598.9  0.000000  0.072564
0  290.000   7530.98   879089.     38.24      0.00  Infinity      0.00      0.00      0.00
      0.00      2.78    349.81    -78.61  0.000000    0.0000   6525.96      0.00  0.000000
                0.00    136.38     -7.13   70.7916  530.4000    1603.2  0.000000  0.072564
0  295.000   7550.86   873991.     38.17      0.00  Infinity      0.00      0.00      0.00
      0.00      2.79    355.71    -78.52  0.000000    0.0000   6525.98      0.00  0.000000
                0.00    136.43     -8.15   69.8391  530.4000    1608.2  0.000000  0.072564
0  300.000   7573.36   868215.     38.10      0.00  Infinity      0.00      0.00      0.00
      0.00      2.80    361.61    -78.43  0.000000    0.0000   6526.00      0.00  0.000000
                0.00    136.49     -9.16   68.7695  530.4000    1613.8  0.000000  0.072564
0  305.000   7598.47   861761.     38.02      0.00  Infinity      0.00      0.00      0.00
      0.00      2.82    367.51    -78.35  0.000000    0.0000   6526.02      0.00  0.000000
                0.00    136.54    -10.17   67.5865  530.4000    1620.1  0.000000  0.072564
0  310.000   7626.15   854628.     37.95      0.00  Infinity      0.00      0.00      0.00
      0.00      2.84    373.42    -78.26  0.000000    0.0000   6526.04      0.00  0.000000
                0.00    136.59    -11.17   66.2939  530.4000    1627.1  0.000000  0.072564
1                         AEC SAFETY ANALYSIS     
 SAGINAW_EJECTA_N: Cd=0.0 10532fps @ 5000ft AMSL 132.78az 42.4el     26/ 4/2022

 TIME(SEC) VR(FPS)    ALT(FT)   LAT(DEG) Q(PSF)    BETA       QDCW      QDRAD     QDFM    
 GSEC      MACH      RANGE(NM)  LON(DEG) RN*10-6   CD         QCW       QRAD      DIFMD   
           P(PSF)     AZ(DEG)   GAMMA    KNUD #    W(LBS)     HT(BTU/LB) PTS(ATM)  S(IN)  
0  315.000   7656.39   846816.     37.88      0.00  Infinity      0.00      0.00      0.00
      0.00      2.85    379.34    -78.18  0.000000    0.0000   6526.06      0.00  0.000000
                0.00    136.65    -12.16   64.8961  530.4000    1634.7  0.000000  0.072564
0  320.000   7689.16   838324.     37.81      0.00  Infinity      0.00      0.00      0.00
      0.00      2.88    385.25    -78.09  0.000000    0.0000   6526.08      0.00  0.000000
                0.00    136.70    -13.15   63.3977  530.4000    1643.0  0.000000  0.072564
0  325.000   7724.45   829151.     37.74      0.00  Infinity      0.00      0.00      0.00
      0.00      2.90    391.18    -78.00  0.000000    0.0000   6526.10      0.00  0.000000
                0.00    136.75    -14.13   61.8038  530.4000    1651.9  0.000000  0.072564
0  330.000   7762.22   819298.     37.67      0.00  Infinity      0.00      0.00      0.00
      0.00      2.92    397.10    -77.92  0.000000    0.0000   6526.13      0.00  0.000000
                0.00    136.81    -15.10   60.1201  530.4000    1661.5  0.000000  0.072564
0  335.000   7802.45   808764.     37.59      0.00  Infinity      0.00      0.00      0.00
      0.00      2.95    403.04    -77.83  0.000000    0.0000   6526.15      0.00  0.000000
                0.00    136.86    -16.06   58.3524  530.4000    1671.7  0.000000  0.072564
0  340.000   7845.12   797547.     37.52      0.00  Infinity      0.01      0.00      0.00
      0.00      2.98    408.98    -77.75  0.000000    0.0000   6526.18      0.00  0.000000
                0.00    136.91    -17.01   56.5068  530.4000    1682.5  0.000000  0.072564
0  345.000   7890.18   785648.     37.45      0.00  Infinity      0.01      0.00      0.00
      0.00      3.01    414.92    -77.66  0.000000    0.0000   6526.20      0.00  0.000000
                0.00    136.97    -17.94   54.5901  530.4000    1694.0  0.000000  0.072564
0  350.000   7937.62   773066.     37.38      0.00  Infinity      0.01      0.00      0.00
      0.00      3.04    420.88    -77.58  0.000000    0.0000   6526.23      0.00  0.000000
                0.00    137.02    -18.87   52.6092  530.4000    1706.1  0.000000  0.072564
0  355.000   7987.40   759799.     37.30      0.00  Infinity      0.01      0.00      0.00
      0.00      3.08    426.84    -77.49  0.000000    0.0000   6526.26      0.00  0.000000
                0.00    137.07    -19.79   50.5714  530.4000    1718.8  0.000000  0.072564
1                         AEC SAFETY ANALYSIS     
 SAGINAW_EJECTA_N: Cd=0.0 10532fps @ 5000ft AMSL 132.78az 42.4el     26/ 4/2022

 TIME(SEC) VR(FPS)    ALT(FT)   LAT(DEG) Q(PSF)    BETA       QDCW      QDRAD     QDFM    
 GSEC      MACH      RANGE(NM)  LON(DEG) RN*10-6   CD         QCW       QRAD      DIFMD   
           P(PSF)     AZ(DEG)   GAMMA    KNUD #    W(LBS)     HT(BTU/LB) PTS(ATM)  S(IN)  
0  360.000   8039.49   745848.     37.23      0.00  Infinity      0.01      0.00      0.00
      0.00      3.12    432.80    -77.41  0.000000    0.0000   6526.29      0.00  0.000000
                0.00    137.13    -20.70   48.4581  530.4000    1731.1  0.000000  0.072564
0  365.000   8093.87   731211.     37.16      0.00  Infinity      0.01      0.00      0.00
      0.00      3.16    438.78    -77.32  0.000000    0.0000   6526.33      0.00  0.000000
                0.00    137.18    -21.59   46.2841  530.4000    1743.3  0.000000  0.072564
0  370.000   8150.49   715887.     37.08      0.00  Infinity      0.01      0.00      0.00
      0.00      3.21    444.76    -77.24  0.000000    0.0000   6526.37      0.00  0.000000
                0.00    137.23    -22.48   44.0710  530.4000    1756.1  0.000000  0.072564
0  375.000   8209.32   699875.     37.01      0.00  Infinity      0.01      0.00      0.00
      0.00      3.26    450.76    -77.15  0.000000    0.0000   6526.40      0.00  0.000000
                0.00    137.28    -23.35   41.8273  530.4000    1769.3  0.000000  0.072564
0  380.000   8270.34   683175.     36.94      0.00  Infinity      0.01      0.00      0.00
      0.00      3.31    456.76    -77.07  0.000000    0.0000   6526.45      0.00  0.000000
                0.00    137.34    -24.21   39.5617  530.4000    1782.9  0.000000  0.072564
0  385.000   8333.51   665785.     36.86      0.00  Infinity      0.01      0.00      0.00
      0.00      3.37    462.77    -76.98  0.000000    0.0000   6526.50      0.00  0.000000
                0.00    137.39    -25.06   37.2831  530.4000    1797.1  0.000000  0.072564
0  390.000   8398.80   647705.     36.79      0.00  Infinity      0.01      0.00      0.00
      0.00      3.43    468.79    -76.90  0.000000    0.0000   6526.55      0.00  0.000000
                0.00    137.44    -25.89   35.0006  530.4000    1811.6  0.000000  0.072564
0  395.000   8466.17   628933.     36.72      0.00  Infinity      0.01      0.00      0.00
      0.00      3.49    474.82    -76.81  0.000000    0.0000   6526.60      0.00  0.000000
                0.00    137.49    -26.72   32.7237  530.4000    1826.6  0.000000  0.072564
0  400.000   8535.60   609468.     36.64      0.00  Infinity      0.01      0.00      0.00
      0.00      3.57    480.87    -76.73  0.000000    0.0000   6526.66      0.00  0.000000
                0.00    137.54    -27.53   30.3999  530.4000    1838.7  0.000000  0.072564
1                         AEC SAFETY ANALYSIS     
 SAGINAW_EJECTA_N: Cd=0.0 10532fps @ 5000ft AMSL 132.78az 42.4el     26/ 4/2022

 TIME(SEC) VR(FPS)    ALT(FT)   LAT(DEG) Q(PSF)    BETA       QDCW      QDRAD     QDFM    
 GSEC      MACH      RANGE(NM)  LON(DEG) RN*10-6   CD         QCW       QRAD      DIFMD   
           P(PSF)     AZ(DEG)   GAMMA    KNUD #    W(LBS)     HT(BTU/LB) PTS(ATM)  S(IN)  
0  405.000   8607.05   589309.     36.57      0.00  Infinity      0.01      0.00      0.00
      0.00      3.66    486.92    -76.64  0.000000    0.0000   6526.73      0.00  0.000000
                0.00    137.60    -28.32   28.0630  530.4000    1849.7  0.000000  0.072564
0  410.000   8680.49   568454.     36.49      0.00  Infinity      0.02      0.00      0.00
      0.00      3.76    492.99    -76.56  0.000000    0.0000   6526.81      0.00  0.000000
                0.00    137.65    -29.11   25.7466  530.4000    1860.8  0.000000  0.072564
0  415.000   8755.89   546903.     36.42      0.00  Infinity      0.02      0.00      0.00
      0.00      3.88    499.06    -76.47  0.000000    0.0000   6526.90      0.00  0.000000
                0.00    137.70    -29.88   23.3966  530.4000    1867.9  0.000000  0.072564
0  420.000   8833.21   524654.     36.34      0.00  Infinity      0.02      0.00      0.00
      0.00      4.03    505.15    -76.39  0.000000    0.0000   6527.00      0.00  0.000000
                0.00    137.75    -30.64   21.0073  530.4000    1871.0  0.000000  0.072564
0  425.000   8912.44   501706.     36.27      0.00  Infinity      0.03      0.00      0.00
      0.00      4.28    511.26    -76.30  0.000000    0.0000   6527.12      0.00  0.000000
                0.00    137.80    -31.39   18.4216  530.4000    1859.8  0.000000  0.072564
0  430.000   8993.53   478057.     36.19      0.00  Infinity      0.03      0.00      0.00
      0.00      4.62    517.37    -76.22  0.000000    0.0000   6527.26      0.00  0.000000
                0.00    137.85    -32.12   15.6924  530.4000    1839.4  0.000000  0.072564
0  435.000   9076.47   453705.     36.12      0.00  Infinity      0.04      0.00      0.00
      0.00      5.12    523.51    -76.13  0.000000    0.0000   6527.43      0.00  0.000000
                0.00    137.90    -32.85   12.8090  530.4000    1812.1  0.000000  0.072564
0  440.000   9161.22   428650.     36.04      0.00  Infinity      0.05      0.00      0.01
      0.00      5.82    529.65    -76.05  0.000000    0.0000   6527.66      0.00  0.000001
                0.00    137.95    -33.55    9.8550  530.4000    1783.5  0.000001  0.072564
0  445.000   9247.75   402890.     35.96      0.00  Infinity      0.08      0.00      0.02
      0.00      6.89    535.81    -75.96  0.000001    0.0000   6527.97      0.00  0.000001
                0.00    138.01    -34.25    6.8489  530.4000    1753.0  0.000001  0.072565
1                         AEC SAFETY ANALYSIS     
 SAGINAW_EJECTA_N: Cd=0.0 10532fps @ 5000ft AMSL 132.78az 42.4el     26/ 4/2022

 TIME(SEC) VR(FPS)    ALT(FT)   LAT(DEG) Q(PSF)    BETA       QDCW      QDRAD     QDFM    
 GSEC      MACH      RANGE(NM)  LON(DEG) RN*10-6   CD         QCW       QRAD      DIFMD   
           P(PSF)     AZ(DEG)   GAMMA    KNUD #    W(LBS)     HT(BTU/LB) PTS(ATM)  S(IN)  
0  450.000   9336.04   376423.     35.89      0.00  Infinity      0.14      0.00      0.05
      0.00      8.09    541.98    -75.88  0.000004    0.0000   6528.50      0.00  0.000004
                0.00    138.06    -34.94    4.2347  530.4000    1742.3  0.000004  0.072566
0  455.000   9426.06   349246.     35.81      0.01  Infinity      0.27      0.00      0.18
      0.00      9.20    548.18    -75.79  0.000015    0.0000   6529.48      0.00  0.000013
                0.00    138.11    -35.61    2.3424  530.4000    1749.9  0.000013  0.072571
0  460.000   9517.79   321360.     35.73      0.06  Infinity      0.57      0.00      0.76
      0.00     10.12    554.38    -75.71  0.000075    0.0000   6531.45      0.00  0.000046
                0.00    138.16    -36.27    1.1652  530.4000    1768.9  0.000057  0.072585
0  465.000   9611.21   292762.     35.66      0.33  Infinity      1.32      0.00      4.04
      0.00     10.87    560.61    -75.62  0.000435    0.0000   6535.87      0.00  0.000146
                0.00    138.21    -36.92    0.5214  530.4000    1794.4  0.000298  0.072633
0  470.000   9706.28   263449.     35.58      1.73  Infinity      3.10      0.00     21.57
      0.00     10.98    566.85    -75.54  0.002276    0.0000   6546.30      0.00  0.000367
                0.02    138.26    -37.55    0.2301  530.4000    1831.1  0.001575  0.072765
0  475.000   9803.00   233421.     35.50      6.99  Infinity      6.37      0.00     88.02
      0.00     10.16    573.10    -75.45  0.007835    0.0000   6569.26      0.00  0.000735
                0.10    138.31    -38.18    0.1148  530.4000    1883.7  0.006366  0.073058
0  480.000   9901.33   202674.     35.42     23.37  Infinity     11.91      0.00    297.45
      0.00      9.48    579.38    -75.37  0.022805    0.0000   6613.83      0.00  0.001336
                0.37    138.36    -38.79    0.0628  530.4000    1938.3  0.021300  0.073610
0  485.000  10001.26   171209.     35.34     75.97  Infinity     21.94      0.00    976.56
      0.00      9.24    585.68    -75.28  0.069306    0.0000   6696.08      0.00  0.002401
                1.27    138.41    -39.39    0.0351  530.4000    1986.1  0.069230  0.074603
0  490.000  10102.76   139021.     35.26    281.20  Infinity     43.14      0.00   3651.55
      0.00      9.58    591.99    -75.20  0.264710    0.0000   6851.29      0.00  0.004640
                4.37    138.46    -39.98    0.0186  530.4000    2020.9  0.256265  0.076436
1                         AEC SAFETY ANALYSIS     
 SAGINAW_EJECTA_N: Cd=0.0 10532fps @ 5000ft AMSL 132.78az 42.4el     26/ 4/2022

 TIME(SEC) VR(FPS)    ALT(FT)   LAT(DEG) Q(PSF)    BETA       QDCW      QDRAD     QDFM    
 GSEC      MACH      RANGE(NM)  LON(DEG) RN*10-6   CD         QCW       QRAD      DIFMD   
           P(PSF)     AZ(DEG)   GAMMA    KNUD #    W(LBS)     HT(BTU/LB) PTS(ATM)  S(IN)  
0  495.000  10205.83   106109.     35.19   1298.43  Infinity     94.76      0.00  17032.90
      0.00     10.25    598.32    -75.11  1.327786    0.0000   7176.65      0.00  0.010043
               17.65    138.51    -40.56    0.0089  530.4000    2050.8  1.183294  0.080222
0  500.000  10310.43    72471.     35.11   6558.65  Infinity    217.68      0.00  86918.35
      0.00     10.60    604.68    -75.03  6.902171    0.0000   7912.86      0.00  0.022648
               83.37    138.56    -41.13    0.0040  530.4000    2089.1  5.977051  0.088645
0  505.000  10416.56    38105.     35.03  34887.75  Infinity    513.23      0.00 467108.44
      0.00     10.76    611.05    -74.94 36.623245    0.0000   9636.44      0.00  0.052318
              430.47    138.61    -41.69    0.0018  530.4000    2132.2 31.794039  0.107984
0  510.000  10524.20     3008.     34.95 120431.37  Infinity    974.87      0.001629104.88
      0.00      9.53    617.45    -74.85101.043381    0.0000  13293.88      0.00  0.096072
             1896.11    138.67    -42.24    0.0009  530.4000    2205.5109.751961  0.147917
0  510.424  10533.39        1.     34.94 131854.69  Infinity   1021.97      0.001785188.00
      0.00      9.43    617.99    -74.85108.747429    0.0000  13716.79      0.00  0.100421
             2116.08    138.67    -42.28    0.0009  530.4000    2211.9120.162323  0.152457
0

      CROSS RANGE=    48.405      DOWN RANGE=    601.014
