1 SAGINAW_EJECTA_OR: Cd=0.0 10000fps @ 5000ft AMSL 145az 45el         26/ 4/2022
                      **** OPTION TABLES ****

        INPUT AERO TABLE 
     CD        ALTITUDE(FT)
  0.000000          0.00
  0.000000     500000.00
        LOW MACH NO. TABLE  
 SWITCH WHEN M <  25.00  OR WHEN ALTITUDE < 500000.0  AND GAMMA <   0.00
     CD        MACH 
  0.000000          0.00
  0.000000         25.00
1 SAGINAW_EJECTA_OR: Cd=0.0 10000fps @ 5000ft AMSL 145az 45el         26/ 4/2022
            INPUT VARIABLES 


     START OF SKIP    1
  INITIAL CONDITIONS
                         RELATIVE      INERTIAL
      VELOCITY(FPS)         10000.00     10497.16
      FLIGHT PATH(DEG)       45.0000      42.3469
      AZIMUTH(DEG)          145.0000     138.2964
      TIME(SEC)                 0.00
      TIME FINAL (SEC)        -1.000
      WEIGHT(LBS)             530.40
      ALTITUDE(FT)           5000.00
      LATITUDE-GEOD(DEG)       43.68
      LONGITUDE(DEG)          -83.82
      REF AREA(FT**2)        8.45000
      REF LENGTH(FT)            1.64
      L/D SUPERSONIC          0.0000
      L/D SUBSONIC            0.0000
      Y/D SUPERSONIC          0.0000
      Y/D SUBSONIC            0.0000
      Q STAG. FACTOR          1.2600
      GRAP. DENS(PCF)       110.0000
               1962 STANDARD ATMOSPHERE
               CIRCULAR VELOCITY(FPS) =    25944.91
               OBLATE EARTH MODEL, POLAR & EQUATORIAL RADII(FT) =
                               0.20855487E+08 0.20925646E+08
               ROTATING EARTH, WE(RAD/SEC) =   0.72921150E-04
               PRINT EVERY  10 TIME STEP 
               MAX TIME STEP =  0.5000  MIN TIME STEP =  0.1000
               CUTOFF ALT(FT) =      1.0 OR 10000000.0
               RADIATIVE FLUX-MODIFIED CALLIS  
1                         AEC SAFETY ANALYSIS     
 SAGINAW_EJECTA_OR: Cd=0.0 10000fps @ 5000ft AMSL 145az 45el         26/ 4/2022

 TIME(SEC) VR(FPS)    ALT(FT)   LAT(DEG) Q(PSF)    BETA       QDCW      QDRAD     QDFM    
 GSEC      MACH      RANGE(NM)  LON(DEG) RN*10-6   CD         QCW       QRAD      DIFMD   
           P(PSF)     AZ(DEG)   GAMMA    KNUD #    W(LBS)     HT(BTU/LB) PTS(ATM)  S(IN)  
0    0.000  10000.00     5000.     43.49 102407.62  Infinity    805.44      0.001316293.38
      0.00      9.12      0.00    -83.82 91.427399    0.0000      0.00      0.00  0.088020
             1760.83    145.00     45.00    0.0010  530.4000    1988.9 93.326492  0.000000
0    5.000   9887.37    39892.     43.41  28856.26  Infinity    417.27      0.00 366725.38
      0.00     10.21      6.37    -83.74 31.913000    0.0000   3009.54      0.00  0.047296
              395.18    145.11     44.46    0.0018  530.4000    1917.5 26.297394  0.036493
0   10.000   9776.20    74053.     43.33   5460.02  Infinity    177.15      0.00  68609.57
      0.00     10.04     12.72    -83.67  6.048929    0.0000   4411.60      0.00  0.020535
               77.36    145.22     43.90    0.0041  530.4000    1875.0  4.975845  0.054001
0   15.000   9666.53   107486.     43.25   1089.54  Infinity     77.24      0.00  13537.40
      0.00      9.68     19.04    -83.59  1.171432    0.0000   5011.54      0.00  0.009138
               16.60    145.32     43.33    0.0089  530.4000    1837.2  0.992926  0.061656
0   20.000   9558.37   140193.     43.17    239.27  Infinity     35.33      0.00   2939.67
      0.00      9.05     25.35    -83.52  0.237340    0.0000   5277.32      0.00  0.004248
                4.17    145.43     42.75    0.0186  530.4000    1807.6  0.218056  0.065111
0   25.000   9451.74   172175.     43.09     65.44  Infinity     18.04      0.00    794.98
      0.00      8.74     31.64    -83.44  0.063188    0.0000   5404.67      0.00  0.002212
                1.22    145.53     42.15    0.0348  530.4000    1772.5  0.059634  0.066794
0   30.000   9346.67   203436.     43.01     20.27  Infinity      9.80      0.00    243.47
      0.00      8.97     37.91    -83.37  0.021009    0.0000   5472.29      0.00  0.001235
                0.36    145.64     41.55    0.0619  530.4000    1724.6  0.018469  0.067710
0   35.000   9243.16   233976.     42.94      6.07  Infinity      5.23      0.00     72.09
      0.00      9.59     44.16    -83.30  0.007237    0.0000   5508.93      0.00  0.000681
                0.09    145.74     40.93    0.1128  530.4000    1670.5  0.005529  0.068221
0   40.000   9141.26   263799.     42.86      1.50  Infinity      2.54      0.00     17.67
      0.00     10.34     50.39    -83.22  0.002102    0.0000   5527.78      0.00  0.000340
                0.02    145.84     40.30    0.2255  530.4000    1618.4  0.001370  0.068492
1                         AEC SAFETY ANALYSIS     
 SAGINAW_EJECTA_OR: Cd=0.0 10000fps @ 5000ft AMSL 145az 45el         26/ 4/2022

 TIME(SEC) VR(FPS)    ALT(FT)   LAT(DEG) Q(PSF)    BETA       QDCW      QDRAD     QDFM    
 GSEC      MACH      RANGE(NM)  LON(DEG) RN*10-6   CD         QCW       QRAD      DIFMD   
           P(PSF)     AZ(DEG)   GAMMA    KNUD #    W(LBS)     HT(BTU/LB) PTS(ATM)  S(IN)  
0   45.000   9040.98   292905.     42.78      0.29  Infinity      1.09      0.00      3.34
      0.00     10.23     56.61    -83.15  0.000406    0.0000   5536.34      0.00  0.000136
                0.00    145.94     39.65    0.5077  530.4000    1582.0  0.000262  0.068615
0   50.000   8942.34   321297.     42.70      0.06  Infinity      0.47      0.00      0.64
      0.00      9.51     62.81    -83.08  0.000071    0.0000   5539.97      0.00  0.000043
                0.00    146.04     38.99    1.1275  530.4000    1556.7  0.000050  0.068660
0   55.000   8845.39   348977.     42.62      0.01  Infinity      0.22      0.00      0.15
      0.00      8.64     68.99    -83.01  0.000015    0.0000   5541.60      0.00  0.000013
                0.00    146.14     38.31    2.2550  530.4000    1537.8  0.000012  0.068674
0   60.000   8750.13   375946.     42.55      0.00  Infinity      0.11      0.00      0.04
      0.00      7.60     75.16    -82.94  0.000004    0.0000   5542.40      0.00  0.000004
                0.00    146.24     37.62    4.0608  530.4000    1530.1  0.000003  0.068678
0   65.000   8656.62   402206.     42.47      0.00  Infinity      0.07      0.00      0.01
      0.00      6.48     81.31    -82.87  0.000001    0.0000   5542.83      0.00  0.000001
                0.00    146.34     36.92    6.5490  530.4000    1539.9  0.000001  0.068679
0   70.000   8564.87   427758.     42.39      0.00  Infinity      0.04      0.00      0.01
      0.00      5.46     87.44    -82.80  0.000000    0.0000   5543.10      0.00  0.000001
                0.00    146.43     36.20    9.4260  530.4000    1570.2  0.000000  0.068680
0   75.000   8474.91   452605.     42.31      0.00  Infinity      0.03      0.00      0.00
      0.00      4.80     93.57    -82.73  0.000000    0.0000   5543.28      0.00  0.000000
                0.00    146.53     35.47   12.2490  530.4000    1598.6  0.000000  0.068680
0   80.000   8386.79   476748.     42.24      0.00  Infinity      0.03      0.00      0.00
      0.00      4.33     99.68    -82.66  0.000000    0.0000   5543.43      0.00  0.000000
                0.00    146.63     34.72   15.0004  530.4000    1625.7  0.000000  0.068680
0   85.000   8300.53   500189.     42.16      0.00  Infinity      0.02      0.00      0.00
      0.00      4.00    105.77    -82.59  0.000000    0.0000   5543.54      0.00  0.000000
                0.00    146.72     33.96   17.6098  530.4000    1646.8  0.000000  0.068680
1                         AEC SAFETY ANALYSIS     
 SAGINAW_EJECTA_OR: Cd=0.0 10000fps @ 5000ft AMSL 145az 45el         26/ 4/2022

 TIME(SEC) VR(FPS)    ALT(FT)   LAT(DEG) Q(PSF)    BETA       QDCW      QDRAD     QDFM    
 GSEC      MACH      RANGE(NM)  LON(DEG) RN*10-6   CD         QCW       QRAD      DIFMD   
           P(PSF)     AZ(DEG)   GAMMA    KNUD #    W(LBS)     HT(BTU/LB) PTS(ATM)  S(IN)  
0   90.000   8216.17   522928.     42.08      0.00  Infinity      0.02      0.00      0.00
      0.00      3.76    111.85    -82.52  0.000000    0.0000   5543.64      0.00  0.000000
                0.00    146.81     33.18   20.0641  530.4000    1657.9  0.000000  0.068680
0   95.000   8133.75   544967.     42.01      0.00  Infinity      0.02      0.00      0.00
      0.00      3.61    117.92    -82.46  0.000000    0.0000   5543.72      0.00  0.000000
                0.00    146.91     32.39   22.3380  530.4000    1656.0  0.000000  0.068680
0  100.000   8053.30   566309.     41.93      0.00  Infinity      0.01      0.00      0.00
      0.00      3.49    123.98    -82.39  0.000000    0.0000   5543.79      0.00  0.000000
                0.00    147.00     31.58   24.5645  530.4000    1649.6  0.000000  0.068680
0  105.000   7974.87   586953.     41.85      0.00  Infinity      0.01      0.00      0.00
      0.00      3.40    130.03    -82.32  0.000000    0.0000   5543.86      0.00  0.000000
                0.00    147.09     30.75   26.7430  530.4000    1638.7  0.000000  0.068680
0  110.000   7898.48   606901.     41.78      0.00  Infinity      0.01      0.00      0.00
      0.00      3.31    136.06    -82.26  0.000000    0.0000   5543.91      0.00  0.000000
                0.00    147.18     29.91   28.9366  530.4000    1627.9  0.000000  0.068680
0  115.000   7824.19   626155.     41.70      0.00  Infinity      0.01      0.00      0.00
      0.00      3.23    142.09    -82.19  0.000000    0.0000   5543.96      0.00  0.000000
                0.00    147.27     29.06   31.1241  530.4000    1616.6  0.000000  0.068680
0  120.000   7752.02   644715.     41.62      0.00  Infinity      0.01      0.00      0.00
      0.00      3.17    148.10    -82.12  0.000000    0.0000   5544.01      0.00  0.000000
                0.00    147.35     28.19   33.2502  530.4000    1601.8  0.000000  0.068680
0  125.000   7682.03   662584.     41.55      0.00  Infinity      0.01      0.00      0.00
      0.00      3.11    154.10    -82.06  0.000000    0.0000   5544.05      0.00  0.000000
                0.00    147.44     27.30   35.3773  530.4000    1587.4  0.000000  0.068680
0  130.000   7614.25   679761.     41.47      0.00  Infinity      0.01      0.00      0.00
      0.00      3.05    160.10    -81.99  0.000000    0.0000   5544.09      0.00  0.000000
                0.00    147.53     26.40   37.4964  530.4000    1573.4  0.000000  0.068680
1                         AEC SAFETY ANALYSIS     
 SAGINAW_EJECTA_OR: Cd=0.0 10000fps @ 5000ft AMSL 145az 45el         26/ 4/2022

 TIME(SEC) VR(FPS)    ALT(FT)   LAT(DEG) Q(PSF)    BETA       QDCW      QDRAD     QDFM    
 GSEC      MACH      RANGE(NM)  LON(DEG) RN*10-6   CD         QCW       QRAD      DIFMD   
           P(PSF)     AZ(DEG)   GAMMA    KNUD #    W(LBS)     HT(BTU/LB) PTS(ATM)  S(IN)  
0  135.000   7548.73   696248.     41.39      0.00  Infinity      0.01      0.00      0.00
      0.00      3.00    166.08    -81.93  0.000000    0.0000   5544.12      0.00  0.000000
                0.00    147.61     25.48   39.5991  530.4000    1560.0  0.000000  0.068680
0  140.000   7485.51   712046.     41.32      0.00  Infinity      0.01      0.00      0.00
      0.00      2.95    172.06    -81.87  0.000000    0.0000   5544.16      0.00  0.000000
                0.00    147.70     24.54   41.6769  530.4000    1546.9  0.000000  0.068680
0  145.000   7424.62   727156.     41.24      0.00  Infinity      0.01      0.00      0.00
      0.00      2.91    178.02    -81.80  0.000000    0.0000   5544.19      0.00  0.000000
                0.00    147.78     23.59   43.7219  530.4000    1534.4  0.000000  0.068680
0  150.000   7366.12   741579.     41.16      0.00  Infinity      0.01      0.00      0.00
      0.00      2.86    183.98    -81.74  0.000000    0.0000   5544.21      0.00  0.000000
                0.00    147.87     22.63   45.7264  530.4000    1522.4  0.000000  0.068680
0  155.000   7310.04   755315.     41.09      0.00  Infinity      0.01      0.00      0.00
      0.00      2.82    189.93    -81.67  0.000000    0.0000   5544.24      0.00  0.000000
                0.00    147.95     21.65   47.6818  530.4000    1510.7  0.000000  0.068680
0  160.000   7256.43   768366.     41.01      0.00  Infinity      0.00      0.00      0.00
      0.00      2.79    195.88    -81.61  0.000000    0.0000   5544.26      0.00  0.000000
                0.00    148.03     20.66   49.5501  530.4000    1498.2  0.000000  0.068680
0  165.000   7205.32   780732.     40.94      0.00  Infinity      0.00      0.00      0.00
      0.00      2.75    201.82    -81.55  0.000000    0.0000   5544.29      0.00  0.000000
                0.00    148.11     19.65   51.3618  530.4000    1486.4  0.000000  0.068680
0  170.000   7156.76   792414.     40.86      0.00  Infinity      0.00      0.00      0.00
      0.00      2.72    207.75    -81.49  0.000000    0.0000   5544.31      0.00  0.000000
                0.00    148.19     18.63   53.1103  530.4000    1475.1  0.000000  0.068680
0  175.000   7110.79   803413.     40.78      0.00  Infinity      0.00      0.00      0.00
      0.00      2.69    213.67    -81.42  0.000000    0.0000   5544.33      0.00  0.000000
                0.00    148.27     17.60   54.7895  530.4000    1464.5  0.000000  0.068680
1                         AEC SAFETY ANALYSIS     
 SAGINAW_EJECTA_OR: Cd=0.0 10000fps @ 5000ft AMSL 145az 45el         26/ 4/2022

 TIME(SEC) VR(FPS)    ALT(FT)   LAT(DEG) Q(PSF)    BETA       QDCW      QDRAD     QDFM    
 GSEC      MACH      RANGE(NM)  LON(DEG) RN*10-6   CD         QCW       QRAD      DIFMD   
           P(PSF)     AZ(DEG)   GAMMA    KNUD #    W(LBS)     HT(BTU/LB) PTS(ATM)  S(IN)  
0  180.000   7067.45   813729.     40.71      0.00  Infinity      0.00      0.00      0.00
      0.00      2.67    219.59    -81.36  0.000000    0.0000   5544.35      0.00  0.000000
                0.00    148.35     16.55   56.3935  530.4000    1454.5  0.000000  0.068680
0  185.000   7026.77   823364.     40.63      0.00  Infinity      0.00      0.00      0.00
      0.00      2.64    225.50    -81.30  0.000000    0.0000   5544.37      0.00  0.000000
                0.00    148.43     15.49   57.9169  530.4000    1445.1  0.000000  0.068680
0  190.000   6988.79   832317.     40.56      0.00  Infinity      0.00      0.00      0.00
      0.00      2.62    231.41    -81.24  0.000000    0.0000   5544.39      0.00  0.000000
                0.00    148.50     14.42   59.3544  530.4000    1436.4  0.000000  0.068680
0  195.000   6953.54   840589.     40.48      0.00  Infinity      0.00      0.00      0.00
      0.00      2.60    237.32    -81.18  0.000000    0.0000   5544.40      0.00  0.000000
                0.00    148.58     13.34   60.7013  530.4000    1428.3  0.000000  0.068680
0  200.000   6921.06   848180.     40.40      0.00  Infinity      0.00      0.00      0.00
      0.00      2.58    243.22    -81.12  0.000000    0.0000   5544.42      0.00  0.000000
                0.00    148.65     12.25   61.9533  530.4000    1420.9  0.000000  0.068680
0  205.000   6891.38   855092.     40.33      0.00  Infinity      0.00      0.00      0.00
      0.00      2.56    249.11    -81.05  0.000000    0.0000   5544.43      0.00  0.000000
                0.00    148.73     11.15   63.1064  530.4000    1414.1  0.000000  0.068680
0  210.000   6864.53   861324.     40.25      0.00  Infinity      0.00      0.00      0.00
      0.00      2.55    255.01    -80.99  0.000000    0.0000   5544.45      0.00  0.000000
                0.00    148.80     10.04   64.1568  530.4000    1408.0  0.000000  0.068680
0  215.000   6840.53   866877.     40.17      0.00  Infinity      0.00      0.00      0.00
      0.00      2.53    260.90    -80.93  0.000000    0.0000   5544.46      0.00  0.000000
                0.00    148.87      8.92   65.1012  530.4000    1402.6  0.000000  0.068680
0  220.000   6819.42   871751.     40.10      0.00  Infinity      0.00      0.00      0.00
      0.00      2.52    266.78    -80.87  0.000000    0.0000   5544.48      0.00  0.000000
                0.00    148.94      7.80   65.9369  530.4000    1397.8  0.000000  0.068680
1                         AEC SAFETY ANALYSIS     
 SAGINAW_EJECTA_OR: Cd=0.0 10000fps @ 5000ft AMSL 145az 45el         26/ 4/2022

 TIME(SEC) VR(FPS)    ALT(FT)   LAT(DEG) Q(PSF)    BETA       QDCW      QDRAD     QDFM    
 GSEC      MACH      RANGE(NM)  LON(DEG) RN*10-6   CD         QCW       QRAD      DIFMD   
           P(PSF)     AZ(DEG)   GAMMA    KNUD #    W(LBS)     HT(BTU/LB) PTS(ATM)  S(IN)  
0  225.000   6801.19   875947.     40.02      0.00  Infinity      0.00      0.00      0.00
      0.00      2.51    272.67    -80.81  0.000000    0.0000   5544.49      0.00  0.000000
                0.00    149.02      6.67   66.6612  530.4000    1393.6  0.000000  0.068680
0  230.000   6785.89   879464.     39.95      0.00  Infinity      0.00      0.00      0.00
      0.00      2.50    278.55    -80.75  0.000000    0.0000   5544.51      0.00  0.000000
                0.00    149.09      5.53   67.2719  530.4000    1390.2  0.000000  0.068680
0  235.000   6773.52   882304.     39.87      0.00  Infinity      0.00      0.00      0.00
      0.00      2.49    284.43    -80.69  0.000000    0.0000   5544.52      0.00  0.000000
                0.00    149.16      4.39   67.7673  530.4000    1387.4  0.000000  0.068680
0  240.000   6764.10   884465.     39.79      0.00  Infinity      0.00      0.00      0.00
      0.00      2.49    290.31    -80.64  0.000000    0.0000   5544.54      0.00  0.000000
                0.00    149.22      3.25   68.1458  530.4000    1385.3  0.000000  0.068680
0  245.000   6757.64   885949.     39.72      0.00  Infinity      0.00      0.00      0.00
      0.00      2.48    296.19    -80.58  0.000000    0.0000   5544.55      0.00  0.000000
                0.00    149.29      2.10   68.4064  530.4000    1383.8  0.000000  0.068680
0  250.000   6754.14   886754.     39.64      0.00  Infinity      0.00      0.00      0.00
      0.00      2.48    302.07    -80.52  0.000000    0.0000   5544.57      0.00  0.000000
                0.00    149.36      0.95   68.5482  530.4000    1383.0  0.000000  0.068680
0  255.000   6753.61   886883.     39.56      0.00  Infinity      0.00      0.00      0.00
      0.00      2.48    307.95    -80.46  0.000000    0.0000   5544.58      0.00  0.000000
                0.00    149.43     -0.20   68.5710  530.4000    1382.9  0.000000  0.068680
0  260.000   6756.04   886333.     39.49      0.00  Infinity      0.00      0.00      0.00
      0.00      2.48    313.83    -80.40  0.000000    0.0000   5544.60      0.00  0.000000
                0.00    149.49     -1.35   68.4745  530.4000    1383.4  0.000000  0.068680
0  265.000   6761.45   885106.     39.41      0.00  Infinity      0.00      0.00      0.00
      0.00      2.49    319.70    -80.34  0.000000    0.0000   5544.61      0.00  0.000000
                0.00    149.56     -2.50   68.2591  530.4000    1384.7  0.000000  0.068680
1                         AEC SAFETY ANALYSIS     
 SAGINAW_EJECTA_OR: Cd=0.0 10000fps @ 5000ft AMSL 145az 45el         26/ 4/2022

 TIME(SEC) VR(FPS)    ALT(FT)   LAT(DEG) Q(PSF)    BETA       QDCW      QDRAD     QDFM    
 GSEC      MACH      RANGE(NM)  LON(DEG) RN*10-6   CD         QCW       QRAD      DIFMD   
           P(PSF)     AZ(DEG)   GAMMA    KNUD #    W(LBS)     HT(BTU/LB) PTS(ATM)  S(IN)  
0  270.000   6769.81   883201.     39.33      0.00  Infinity      0.00      0.00      0.00
      0.00      2.49    325.58    -80.28  0.000000    0.0000   5544.62      0.00  0.000000
                0.00    149.62     -3.64   67.9253  530.4000    1386.6  0.000000  0.068680
0  275.000   6781.12   880618.     39.26      0.00  Infinity      0.00      0.00      0.00
      0.00      2.50    331.47    -80.23  0.000000    0.0000   5544.64      0.00  0.000000
                0.00    149.68     -4.79   67.4743  530.4000    1389.1  0.000000  0.068680
0  280.000   6795.37   877358.     39.18      0.00  Infinity      0.00      0.00      0.00
      0.00      2.51    337.35    -80.17  0.000000    0.0000   5544.65      0.00  0.000000
                0.00    149.75     -5.93   66.9073  530.4000    1392.3  0.000000  0.068680
0  285.000   6812.54   873419.     39.10      0.00  Infinity      0.00      0.00      0.00
      0.00      2.52    343.23    -80.11  0.000000    0.0000   5544.67      0.00  0.000000
                0.00    149.81     -7.06   66.2260  530.4000    1396.2  0.000000  0.068680
0  290.000   6832.62   868801.     39.03      0.00  Infinity      0.00      0.00      0.00
      0.00      2.53    349.12    -80.05  0.000000    0.0000   5544.68      0.00  0.000000
                0.00    149.87     -8.19   65.4324  530.4000    1400.8  0.000000  0.068680
0  295.000   6855.59   863505.     38.95      0.00  Infinity      0.00      0.00      0.00
      0.00      2.54    355.01    -80.00  0.000000    0.0000   5544.70      0.00  0.000000
                0.00    149.93     -9.31   64.5290  530.4000    1406.0  0.000000  0.068680
0  300.000   6881.41   857530.     38.87      0.00  Infinity      0.00      0.00      0.00
      0.00      2.56    360.91    -79.94  0.000000    0.0000   5544.71      0.00  0.000000
                0.00    149.99    -10.42   63.5185  530.4000    1411.9  0.000000  0.068680
0  305.000   6910.07   850876.     38.80      0.00  Infinity      0.00      0.00      0.00
      0.00      2.57    366.80    -79.88  0.000000    0.0000   5544.73      0.00  0.000000
                0.00    150.05    -11.52   62.4040  530.4000    1418.4  0.000000  0.068680
0  310.000   6941.54   843541.     38.72      0.00  Infinity      0.00      0.00      0.00
      0.00      2.59    372.70    -79.82  0.000000    0.0000   5544.74      0.00  0.000000
                0.00    150.11    -12.62   61.1892  530.4000    1425.6  0.000000  0.068680
1                         AEC SAFETY ANALYSIS     
 SAGINAW_EJECTA_OR: Cd=0.0 10000fps @ 5000ft AMSL 145az 45el         26/ 4/2022

 TIME(SEC) VR(FPS)    ALT(FT)   LAT(DEG) Q(PSF)    BETA       QDCW      QDRAD     QDFM    
 GSEC      MACH      RANGE(NM)  LON(DEG) RN*10-6   CD         QCW       QRAD      DIFMD   
           P(PSF)     AZ(DEG)   GAMMA    KNUD #    W(LBS)     HT(BTU/LB) PTS(ATM)  S(IN)  
0  315.000   6975.79   835527.     38.64      0.00  Infinity      0.00      0.00      0.00
      0.00      2.61    378.61    -79.77  0.000000    0.0000   5544.76      0.00  0.000000
                0.00    150.16    -13.70   59.8778  530.4000    1433.4  0.000000  0.068680
0  320.000   7012.78   826831.     38.56      0.00  Infinity      0.00      0.00      0.00
      0.00      2.63    384.52    -79.71  0.000000    0.0000   5544.78      0.00  0.000000
                0.00    150.22    -14.78   58.4741  530.4000    1441.9  0.000000  0.068680
0  325.000   7052.49   817455.     38.49      0.00  Infinity      0.00      0.00      0.00
      0.00      2.66    390.43    -79.65  0.000000    0.0000   5544.80      0.00  0.000000
                0.00    150.28    -15.84   56.9827  530.4000    1451.1  0.000000  0.068680
0  330.000   7094.87   807396.     38.41      0.00  Infinity      0.00      0.00      0.00
      0.00      2.68    396.35    -79.60  0.000000    0.0000   5544.82      0.00  0.000000
                0.00    150.33    -16.89   55.4086  530.4000    1460.8  0.000000  0.068680
0  335.000   7139.88   796656.     38.33      0.00  Infinity      0.00      0.00      0.00
      0.00      2.71    402.28    -79.54  0.000000    0.0000   5544.84      0.00  0.000000
                0.00    150.38    -17.93   53.7572  530.4000    1471.2  0.000000  0.068680
0  340.000   7187.50   785232.     38.25      0.00  Infinity      0.00      0.00      0.00
      0.00      2.74    408.21    -79.48  0.000000    0.0000   5544.86      0.00  0.000000
                0.00    150.44    -18.95   52.0342  530.4000    1482.3  0.000000  0.068680
0  345.000   7237.68   773125.     38.17      0.00  Infinity      0.00      0.00      0.00
      0.00      2.77    414.15    -79.43  0.000000    0.0000   5544.88      0.00  0.000000
                0.00    150.49    -19.96   50.2456  530.4000    1493.9  0.000000  0.068680
0  350.000   7290.37   760333.     38.10      0.00  Infinity      0.00      0.00      0.00
      0.00      2.81    420.10    -79.37  0.000000    0.0000   5544.90      0.00  0.000000
                0.00    150.54    -20.96   48.3978  530.4000    1506.2  0.000000  0.068680
0  355.000   7345.55   746856.     38.02      0.00  Infinity      0.01      0.00      0.00
      0.00      2.85    426.05    -79.31  0.000000    0.0000   5544.93      0.00  0.000000
                0.00    150.59    -21.95   46.4755  530.4000    1518.2  0.000000  0.068680
1                         AEC SAFETY ANALYSIS     
 SAGINAW_EJECTA_OR: Cd=0.0 10000fps @ 5000ft AMSL 145az 45el         26/ 4/2022

 TIME(SEC) VR(FPS)    ALT(FT)   LAT(DEG) Q(PSF)    BETA       QDCW      QDRAD     QDFM    
 GSEC      MACH      RANGE(NM)  LON(DEG) RN*10-6   CD         QCW       QRAD      DIFMD   
           P(PSF)     AZ(DEG)   GAMMA    KNUD #    W(LBS)     HT(BTU/LB) PTS(ATM)  S(IN)  
0  360.000   7403.16   732692.     37.94      0.00  Infinity      0.01      0.00      0.00
      0.00      2.89    432.01    -79.26  0.000000    0.0000   5544.96      0.00  0.000000
                0.00    150.64    -22.92   44.4882  530.4000    1530.1  0.000000  0.068680
0  365.000   7463.17   717842.     37.86      0.00  Infinity      0.01      0.00      0.00
      0.00      2.94    437.98    -79.20  0.000000    0.0000   5544.99      0.00  0.000000
                0.00    150.69    -23.87   42.4575  530.4000    1542.4  0.000000  0.068680
0  370.000   7525.53   702304.     37.78      0.00  Infinity      0.01      0.00      0.00
      0.00      2.98    443.96    -79.15  0.000000    0.0000   5545.02      0.00  0.000000
                0.00    150.74    -24.81   40.3910  530.4000    1555.3  0.000000  0.068680
0  375.000   7590.20   686078.     37.70      0.00  Infinity      0.01      0.00      0.00
      0.00      3.03    449.94    -79.09  0.000000    0.0000   5545.05      0.00  0.000000
                0.00    150.79    -25.73   38.2966  530.4000    1568.6  0.000000  0.068680
0  380.000   7657.13   669162.     37.62      0.00  Infinity      0.01      0.00      0.00
      0.00      3.09    455.94    -79.03  0.000000    0.0000   5545.09      0.00  0.000000
                0.00    150.84    -26.64   36.1825  530.4000    1582.4  0.000000  0.068680
0  385.000   7726.30   651555.     37.54      0.00  Infinity      0.01      0.00      0.00
      0.00      3.15    461.94    -78.98  0.000000    0.0000   5545.13      0.00  0.000000
                0.00    150.89    -27.53   34.0573  530.4000    1596.6  0.000000  0.068680
0  390.000   7797.65   633256.     37.46      0.00  Infinity      0.01      0.00      0.00
      0.00      3.21    467.96    -78.92  0.000000    0.0000   5545.17      0.00  0.000000
                0.00    150.93    -28.41   31.9295  530.4000    1611.2  0.000000  0.068680
0  395.000   7871.14   614264.     37.38      0.00  Infinity      0.01      0.00      0.00
      0.00      3.28    473.99    -78.87  0.000000    0.0000   5545.22      0.00  0.000000
                0.00    150.98    -29.27   29.7699  530.4000    1624.1  0.000000  0.068680
0  400.000   7946.73   594578.     37.30      0.00  Infinity      0.01      0.00      0.00
      0.00      3.37    480.02    -78.81  0.000000    0.0000   5545.27      0.00  0.000000
                0.00    151.02    -30.12   27.5730  530.4000    1634.9  0.000000  0.068680
1                         AEC SAFETY ANALYSIS     
 SAGINAW_EJECTA_OR: Cd=0.0 10000fps @ 5000ft AMSL 145az 45el         26/ 4/2022

 TIME(SEC) VR(FPS)    ALT(FT)   LAT(DEG) Q(PSF)    BETA       QDCW      QDRAD     QDFM    
 GSEC      MACH      RANGE(NM)  LON(DEG) RN*10-6   CD         QCW       QRAD      DIFMD   
           P(PSF)     AZ(DEG)   GAMMA    KNUD #    W(LBS)     HT(BTU/LB) PTS(ATM)  S(IN)  
0  405.000   8024.39   574197.     37.22      0.00  Infinity      0.01      0.00      0.00
      0.00      3.46    486.07    -78.75  0.000000    0.0000   5545.33      0.00  0.000000
                0.00    151.07    -30.95   25.3873  530.4000    1645.8  0.000000  0.068680
0  410.000   8104.07   553119.     37.14      0.00  Infinity      0.01      0.00      0.00
      0.00      3.56    492.13    -78.70  0.000000    0.0000   5545.40      0.00  0.000000
                0.00    151.11    -31.77   23.1936  530.4000    1654.9  0.000000  0.068680
0  415.000   8185.73   531343.     37.06      0.00  Infinity      0.02      0.00      0.00
      0.00      3.70    498.20    -78.64  0.000000    0.0000   5545.48      0.00  0.000000
                0.00    151.15    -32.56   20.9341  530.4000    1658.3  0.000000  0.068680
0  420.000   8269.34   508868.     36.98      0.00  Infinity      0.02      0.00      0.00
      0.00      3.90    504.29    -78.59  0.000000    0.0000   5545.57      0.00  0.000000
                0.00    151.19    -33.35   18.5415  530.4000    1651.4  0.000000  0.068680
0  425.000   8354.86   485692.     36.90      0.00  Infinity      0.02      0.00      0.00
      0.00      4.18    510.39    -78.53  0.000000    0.0000   5545.68      0.00  0.000000
                0.00    151.23    -34.12   16.0206  530.4000    1636.0  0.000000  0.068680
0  430.000   8442.26   461814.     36.82      0.00  Infinity      0.03      0.00      0.00
      0.00      4.61    516.50    -78.48  0.000000    0.0000   5545.81      0.00  0.000000
                0.00    151.27    -34.87   13.2988  530.4000    1609.3  0.000000  0.068680
0  435.000   8531.49   437233.     36.74      0.00  Infinity      0.04      0.00      0.00
      0.00      5.18    522.63    -78.42  0.000000    0.0000   5545.98      0.00  0.000000
                0.00    151.31    -35.61   10.5012  530.4000    1581.4  0.000000  0.068681
0  440.000   8622.54   411947.     36.66      0.00  Infinity      0.05      0.00      0.01
      0.00      6.04    528.77    -78.36  0.000001    0.0000   5546.21      0.00  0.000001
                0.00    151.35    -36.33    7.6412  530.4000    1551.9  0.000001  0.068681
0  445.000   8715.35   385954.     36.57      0.00  Infinity      0.09      0.00      0.03
      0.00      7.22    534.92    -78.31  0.000002    0.0000   5546.56      0.00  0.000003
                0.00    151.39    -37.04    4.9026  530.4000    1530.1  0.000002  0.068682
1                         AEC SAFETY ANALYSIS     
 SAGINAW_EJECTA_OR: Cd=0.0 10000fps @ 5000ft AMSL 145az 45el         26/ 4/2022

 TIME(SEC) VR(FPS)    ALT(FT)   LAT(DEG) Q(PSF)    BETA       QDCW      QDRAD     QDFM    
 GSEC      MACH      RANGE(NM)  LON(DEG) RN*10-6   CD         QCW       QRAD      DIFMD   
           P(PSF)     AZ(DEG)   GAMMA    KNUD #    W(LBS)     HT(BTU/LB) PTS(ATM)  S(IN)  
0  450.000   8809.91   359252.     36.49      0.01  Infinity      0.17      0.00      0.09
      0.00      8.34    541.09    -78.25  0.000009    0.0000   5547.19      0.00  0.000008
                0.00    151.43    -37.74    2.8329  530.4000    1531.5  0.000007  0.068685
0  455.000   8906.18   331840.     36.41      0.03  Infinity      0.35      0.00      0.36
      0.00      9.21    547.28    -78.20  0.000038    0.0000   5548.42      0.00  0.000027
                0.00    151.47    -38.42    1.4842  530.4000    1548.7  0.000028  0.068693
0  460.000   9004.14   303717.     36.33      0.15  Infinity      0.78      0.00      1.74
      0.00      9.97    553.48    -78.14  0.000206    0.0000   5551.07      0.00  0.000089
                0.00    151.50    -39.08    0.6951  530.4000    1572.0  0.000137  0.068722
0  465.000   9103.75   274880.     36.24      0.80  Infinity      1.84      0.00      9.36
      0.00     10.30    559.70    -78.09  0.001123    0.0000   5557.27      0.00  0.000245
                0.01    151.54    -39.73    0.3073  530.4000    1604.7  0.000729  0.068808
0  470.000   9205.00   245327.     36.16      3.68  Infinity      4.04      0.00     43.57
      0.00      9.87    565.94    -78.03  0.004660    0.0000   5571.50      0.00  0.000532
                0.05    151.57    -40.37    0.1446  530.4000    1650.6  0.003356  0.069015
0  475.000   9307.84   215058.     36.08     13.08  Infinity      7.80      0.00    156.53
      0.00      9.19    572.19    -77.97  0.014264    0.0000   5600.30      0.00  0.000995
                0.22    151.61    -41.00    0.0770  530.4000    1704.2  0.011924  0.069421
0  480.000   9412.27   184068.     35.99     42.24  Infinity     14.36      0.00    511.02
      0.00      8.82    578.46    -77.92  0.041835    0.0000   5654.02      0.00  0.001779
                0.78    151.64    -41.61    0.0431  530.4000    1754.6  0.038494  0.070156
0  485.000   9518.25   152358.     35.91    141.93  Infinity     26.97      0.00   1736.47
      0.00      8.84    584.76    -77.86  0.137069    0.0000   5753.42      0.00  0.003262
                2.60    151.67    -42.21    0.0239  530.4000    1796.7  0.129348  0.071481
0  490.000   9625.77   119924.     35.82    599.77  Infinity     56.79      0.00   7420.61
      0.00      9.43    591.07    -77.80  0.624356    0.0000   5952.18      0.00  0.006759
                9.63    151.70    -42.80    0.0119  530.4000    1826.0  0.546584  0.074080
1                         AEC SAFETY ANALYSIS     
 SAGINAW_EJECTA_OR: Cd=0.0 10000fps @ 5000ft AMSL 145az 45el         26/ 4/2022

 TIME(SEC) VR(FPS)    ALT(FT)   LAT(DEG) Q(PSF)    BETA       QDCW      QDRAD     QDFM    
 GSEC      MACH      RANGE(NM)  LON(DEG) RN*10-6   CD         QCW       QRAD      DIFMD   
           P(PSF)     AZ(DEG)   GAMMA    KNUD #    W(LBS)     HT(BTU/LB) PTS(ATM)  S(IN)  
0  495.000   9734.80    86765.     35.74   2937.03  Infinity    128.74      0.00  36749.93
      0.00      9.91    597.40    -77.75  3.220653    0.0000   6391.26      0.00  0.015040
               42.71    151.74    -43.37    0.0055  530.4000    1860.5  2.676589  0.079724
0  500.000   9845.33    52877.     35.65  15369.94  Infinity    301.75      0.00 194501.48
      0.00     10.17    603.75    -77.69 17.070648    0.0000   7406.56      0.00  0.034501
              212.29    151.77    -43.93    0.0025  530.4000    1901.0 14.006994  0.092509
0  505.000   9957.34    18260.     35.57  66608.25  Infinity    643.64      0.00 852494.62
      0.00      9.54    610.12    -77.64 64.609917    0.0000   9724.59      0.00  0.071355
             1046.18    151.80    -44.48    0.0012  530.4000    1960.5 60.701687  0.120978
0  507.596  10016.06        1.     35.52 119221.13  Infinity    872.05      0.001534865.88
      0.00      8.97    613.44    -77.61103.406487    0.0000  11682.60      0.00  0.094790
             2116.08    151.81    -44.76    0.0009  530.4000    1999.6108.649063  0.144414
0

      CROSS RANGE=    52.559      DOWN RANGE=    546.664
