1 SAGINAW_EJECTA_NR: Cd=0.0 10000fps @ 5000ft AMSL 145az 45el         26/ 4/2022
                      **** OPTION TABLES ****

        INPUT AERO TABLE 
     CD        ALTITUDE(FT)
  0.000000          0.00
  0.000000     500000.00
        LOW MACH NO. TABLE  
 SWITCH WHEN M <  25.00  OR WHEN ALTITUDE < 500000.0  AND GAMMA <   0.00
     CD        MACH 
  0.000000          0.00
  0.000000         25.00
1 SAGINAW_EJECTA_NR: Cd=0.0 10000fps @ 5000ft AMSL 145az 45el         26/ 4/2022
            INPUT VARIABLES 


     START OF SKIP    1
  INITIAL CONDITIONS
                         RELATIVE      INERTIAL
      VELOCITY(FPS)         10000.00     10000.00
      FLIGHT PATH(DEG)       45.0000      45.0000
      AZIMUTH(DEG)          145.0000     145.0000
      TIME(SEC)                 0.00
      TIME FINAL (SEC)        -1.000
      WEIGHT(LBS)             530.40
      ALTITUDE(FT)           5000.00
      LATITUDE-GEOD(DEG)       43.68
      LONGITUDE(DEG)          -83.82
      REF AREA(FT**2)        8.45000
      REF LENGTH(FT)            1.64
      L/D SUPERSONIC          0.0000
      L/D SUBSONIC            0.0000
      Y/D SUPERSONIC          0.0000
      Y/D SUBSONIC            0.0000
      Q STAG. FACTOR          1.2600
      GRAP. DENS(PCF)       110.0000
               1962 STANDARD ATMOSPHERE
               CIRCULAR VELOCITY(FPS) =    25944.91
               OBLATE EARTH MODEL, POLAR & EQUATORIAL RADII(FT) =
                               0.20855487E+08 0.20925646E+08
               STATIONARY EARTH
               PRINT EVERY  10 TIME STEP 
               MAX TIME STEP =  0.5000  MIN TIME STEP =  0.1000
               CUTOFF ALT(FT) =      1.0 OR 10000000.0
               RADIATIVE FLUX-MODIFIED CALLIS  
1                         AEC SAFETY ANALYSIS     
 SAGINAW_EJECTA_NR: Cd=0.0 10000fps @ 5000ft AMSL 145az 45el         26/ 4/2022

 TIME(SEC) VR(FPS)    ALT(FT)   LAT(DEG) Q(PSF)    BETA       QDCW      QDRAD     QDFM    
 GSEC      MACH      RANGE(NM)  LON(DEG) RN*10-6   CD         QCW       QRAD      DIFMD   
           P(PSF)     AZ(DEG)   GAMMA    KNUD #    W(LBS)     HT(BTU/LB) PTS(ATM)  S(IN)  
0    0.000  10000.00     5000.     43.49 102407.62  Infinity    805.44      0.001316293.38
      0.00      9.12      0.00    -83.82 91.427399    0.0000      0.00      0.00  0.088020
             1760.83    145.00     45.00    0.0010  530.4000    1988.9 93.326492  0.000000
0    5.000   9887.01    39886.     43.41  28859.47  Infinity    417.26      0.00 366753.19
      0.00     10.21      5.80    -83.74 31.917683    0.0000   3009.50      0.00  0.047299
              395.25    145.05     44.44    0.0018  530.4000    1917.4 26.300322  0.036494
0   10.000   9775.54    74029.     43.33   5465.87  Infinity    177.22      0.00  68678.48
      0.00     10.04     11.59    -83.67  6.056003    0.0000   4411.77      0.00  0.020546
               77.45    145.11     43.86    0.0041  530.4000    1874.7  4.981181  0.054007
0   15.000   9665.59   107432.     43.25   1092.26  Infinity     77.32      0.00  13569.87
      0.00      9.68     17.36    -83.59  1.174668    0.0000   5012.06      0.00  0.009149
               16.64    145.16     43.28    0.0089  530.4000    1836.8  0.995405  0.061667
0   20.000   9557.18   140096.     43.17    240.23  Infinity     35.39      0.00   2951.01
      0.00      9.05     23.10    -83.52  0.238375    0.0000   5278.19      0.00  0.004257
                4.19    145.21     42.68    0.0185  530.4000    1807.1  0.218924  0.065127
0   25.000   9450.35   172025.     43.09     65.77  Infinity     18.08      0.00    798.89
      0.00      8.73     28.84    -83.44  0.063501    0.0000   5405.79      0.00  0.002217
                1.23    145.26     42.06    0.0347  530.4000    1772.1  0.059937  0.066814
0   30.000   9345.10   203219.     43.02     20.42  Infinity      9.83      0.00    245.25
      0.00      8.96     34.55    -83.37  0.021152    0.0000   5473.61      0.00  0.001239
                0.36    145.32     41.44    0.0616  530.4000    1724.2  0.018607  0.067733
0   35.000   9241.47   233682.     42.94      6.14  Infinity      5.26      0.00     72.95
      0.00      9.58     40.25    -83.29  0.007316    0.0000   5510.40      0.00  0.000685
                0.10    145.37     40.80    0.1121  530.4000    1670.0  0.005596  0.068246
0   40.000   9139.48   263415.     42.86      1.54  Infinity      2.57      0.00     18.04
      0.00     10.34     45.93    -83.22  0.002147    0.0000   5529.38      0.00  0.000344
                0.02    145.42     40.15    0.2231  530.4000    1617.7  0.001399  0.068519
1                         AEC SAFETY ANALYSIS     
 SAGINAW_EJECTA_NR: Cd=0.0 10000fps @ 5000ft AMSL 145az 45el         26/ 4/2022

 TIME(SEC) VR(FPS)    ALT(FT)   LAT(DEG) Q(PSF)    BETA       QDCW      QDRAD     QDFM    
 GSEC      MACH      RANGE(NM)  LON(DEG) RN*10-6   CD         QCW       QRAD      DIFMD   
           P(PSF)     AZ(DEG)   GAMMA    KNUD #    W(LBS)     HT(BTU/LB) PTS(ATM)  S(IN)  
0   45.000   9039.15   292420.     42.78      0.29  Infinity      1.10      0.00      3.43
      0.00     10.23     51.59    -83.15  0.000417    0.0000   5538.03      0.00  0.000138
                0.00    145.47     39.48    0.5008  530.4000    1581.3  0.000269  0.068644
0   50.000   8940.52   320699.     42.70      0.06  Infinity      0.47      0.00      0.66
      0.00      9.52     57.25    -83.08  0.000074    0.0000   5541.72      0.00  0.000044
                0.00    145.52     38.80    1.1096  530.4000    1555.8  0.000052  0.068690
0   55.000   8843.60   348253.     42.63      0.01  Infinity      0.22      0.00      0.15
      0.00      8.65     62.88    -83.00  0.000015    0.0000   5543.38      0.00  0.000013
                0.00    145.57     38.11    2.2172  530.4000    1536.8  0.000012  0.068704
0   60.000   8748.43   375086.     42.55      0.00  Infinity      0.12      0.00      0.04
      0.00      7.63     68.50    -82.93  0.000004    0.0000   5544.19      0.00  0.000004
                0.00    145.62     37.40    3.9909  530.4000    1528.4  0.000003  0.068708
0   65.000   8655.04   401198.     42.47      0.00  Infinity      0.07      0.00      0.01
      0.00      6.53     74.11    -82.86  0.000001    0.0000   5544.63      0.00  0.000001
                0.00    145.67     36.67    6.4346  530.4000    1536.9  0.000001  0.068709
0   70.000   8563.47   426592.     42.39      0.00  Infinity      0.04      0.00      0.01
      0.00      5.50     79.71    -82.79  0.000000    0.0000   5544.90      0.00  0.000001
                0.00    145.72     35.94    9.2909  530.4000    1567.0  0.000000  0.068710
0   75.000   8473.74   451268.     42.32      0.00  Infinity      0.03      0.00      0.00
      0.00      4.83     85.29    -82.72  0.000000    0.0000   5545.09      0.00  0.000000
                0.00    145.77     35.18   12.0924  530.4000    1595.1  0.000000  0.068710
0   80.000   8385.89   475228.     42.24      0.00  Infinity      0.03      0.00      0.00
      0.00      4.35     90.86    -82.65  0.000000    0.0000   5545.24      0.00  0.000000
                0.00    145.82     34.41   14.8213  530.4000    1621.9  0.000000  0.068710
0   85.000   8299.96   498475.     42.16      0.00  Infinity      0.02      0.00      0.00
      0.00      4.01     96.41    -82.58  0.000000    0.0000   5545.36      0.00  0.000000
                0.00    145.87     33.63   17.4198  530.4000    1643.7  0.000000  0.068710
1                         AEC SAFETY ANALYSIS     
 SAGINAW_EJECTA_NR: Cd=0.0 10000fps @ 5000ft AMSL 145az 45el         26/ 4/2022

 TIME(SEC) VR(FPS)    ALT(FT)   LAT(DEG) Q(PSF)    BETA       QDCW      QDRAD     QDFM    
 GSEC      MACH      RANGE(NM)  LON(DEG) RN*10-6   CD         QCW       QRAD      DIFMD   
           P(PSF)     AZ(DEG)   GAMMA    KNUD #    W(LBS)     HT(BTU/LB) PTS(ATM)  S(IN)  
0   90.000   8215.98   521008.     42.09      0.00  Infinity      0.02      0.00      0.00
      0.00      3.78    101.96    -82.51  0.000000    0.0000   5545.45      0.00  0.000000
                0.00    145.91     32.83   19.8461  530.4000    1654.6  0.000000  0.068710
0   95.000   8133.98   542831.     42.01      0.00  Infinity      0.02      0.00      0.00
      0.00      3.62    107.49    -82.44  0.000000    0.0000   5545.54      0.00  0.000000
                0.00    145.96     32.01   22.1051  530.4000    1653.8  0.000000  0.068710
0  100.000   8054.02   563944.     41.93      0.00  Infinity      0.01      0.00      0.00
      0.00      3.50    113.01    -82.37  0.000000    0.0000   5545.61      0.00  0.000000
                0.00    146.01     31.18   24.3085  530.4000    1648.2  0.000000  0.068710
0  105.000   7976.12   584349.     41.86      0.00  Infinity      0.01      0.00      0.00
      0.00      3.41    118.53    -82.30  0.000000    0.0000   5545.67      0.00  0.000000
                0.00    146.06     30.34   26.4486  530.4000    1637.3  0.000000  0.068710
0  110.000   7900.33   604046.     41.78      0.00  Infinity      0.01      0.00      0.00
      0.00      3.32    124.03    -82.23  0.000000    0.0000   5545.73      0.00  0.000000
                0.00    146.10     29.48   28.6009  530.4000    1626.5  0.000000  0.068710
0  115.000   7826.69   623038.     41.71      0.00  Infinity      0.01      0.00      0.00
      0.00      3.24    129.52    -82.16  0.000000    0.0000   5545.78      0.00  0.000000
                0.00    146.15     28.60   30.7551  530.4000    1616.0  0.000000  0.068710
0  120.000   7755.23   641324.     41.63      0.00  Infinity      0.01      0.00      0.00
      0.00      3.18    135.00    -82.09  0.000000    0.0000   5545.83      0.00  0.000000
                0.00    146.20     27.70   32.8343  530.4000    1601.4  0.000000  0.068710
0  125.000   7686.01   658908.     41.55      0.00  Infinity      0.01      0.00      0.00
      0.00      3.12    140.48    -82.03  0.000000    0.0000   5545.87      0.00  0.000000
                0.00    146.24     26.79   34.9095  530.4000    1587.1  0.000000  0.068710
0  130.000   7619.06   675789.     41.48      0.00  Infinity      0.01      0.00      0.00
      0.00      3.06    145.94    -81.96  0.000000    0.0000   5545.91      0.00  0.000000
                0.00    146.29     25.87   36.9734  530.4000    1573.4  0.000000  0.068710
1                         AEC SAFETY ANALYSIS     
 SAGINAW_EJECTA_NR: Cd=0.0 10000fps @ 5000ft AMSL 145az 45el         26/ 4/2022

 TIME(SEC) VR(FPS)    ALT(FT)   LAT(DEG) Q(PSF)    BETA       QDCW      QDRAD     QDFM    
 GSEC      MACH      RANGE(NM)  LON(DEG) RN*10-6   CD         QCW       QRAD      DIFMD   
           P(PSF)     AZ(DEG)   GAMMA    KNUD #    W(LBS)     HT(BTU/LB) PTS(ATM)  S(IN)  
0  135.000   7554.43   691968.     41.40      0.00  Infinity      0.01      0.00      0.00
      0.00      3.01    151.40    -81.89  0.000000    0.0000   5545.94      0.00  0.000000
                0.00    146.33     24.93   39.0175  530.4000    1560.0  0.000000  0.068710
0  140.000   7492.15   707447.     41.33      0.00  Infinity      0.01      0.00      0.00
      0.00      2.96    156.85    -81.82  0.000000    0.0000   5545.98      0.00  0.000000
                0.00    146.38     23.97   41.0334  530.4000    1547.2  0.000000  0.068710
0  145.000   7432.28   722227.     41.25      0.00  Infinity      0.01      0.00      0.00
      0.00      2.92    162.29    -81.76  0.000000    0.0000   5546.01      0.00  0.000000
                0.00    146.42     23.00   43.0132  530.4000    1534.9  0.000000  0.068710
0  150.000   7374.86   736308.     41.18      0.00  Infinity      0.01      0.00      0.00
      0.00      2.87    167.73    -81.69  0.000000    0.0000   5546.04      0.00  0.000000
                0.00    146.47     22.02   44.9494  530.4000    1523.0  0.000000  0.068710
0  155.000   7319.92   749692.     41.10      0.00  Infinity      0.01      0.00      0.00
      0.00      2.83    173.15    -81.62  0.000000    0.0000   5546.06      0.00  0.000000
                0.00    146.51     21.02   46.8345  530.4000    1511.7  0.000000  0.068710
0  160.000   7267.51   762379.     41.03      0.00  Infinity      0.00      0.00      0.00
      0.00      2.80    178.57    -81.56  0.000000    0.0000   5546.09      0.00  0.000000
                0.00    146.56     20.00   48.6421  530.4000    1500.0  0.000000  0.068710
0  165.000   7217.67   774370.     40.95      0.00  Infinity      0.00      0.00      0.00
      0.00      2.77    183.99    -81.49  0.000000    0.0000   5546.11      0.00  0.000000
                0.00    146.60     18.98   50.3759  530.4000    1488.4  0.000000  0.068710
0  170.000   7170.45   785665.     40.87      0.00  Infinity      0.00      0.00      0.00
      0.00      2.74    189.40    -81.43  0.000000    0.0000   5546.13      0.00  0.000000
                0.00    146.65     17.93   52.0436  530.4000    1477.5  0.000000  0.068710
0  175.000   7125.88   796266.     40.80      0.00  Infinity      0.00      0.00      0.00
      0.00      2.71    194.80    -81.36  0.000000    0.0000   5546.15      0.00  0.000000
                0.00    146.69     16.88   53.6391  530.4000    1467.2  0.000000  0.068710
1                         AEC SAFETY ANALYSIS     
 SAGINAW_EJECTA_NR: Cd=0.0 10000fps @ 5000ft AMSL 145az 45el         26/ 4/2022

 TIME(SEC) VR(FPS)    ALT(FT)   LAT(DEG) Q(PSF)    BETA       QDCW      QDRAD     QDFM    
 GSEC      MACH      RANGE(NM)  LON(DEG) RN*10-6   CD         QCW       QRAD      DIFMD   
           P(PSF)     AZ(DEG)   GAMMA    KNUD #    W(LBS)     HT(BTU/LB) PTS(ATM)  S(IN)  
0  180.000   7083.99   806174.     40.72      0.00  Infinity      0.00      0.00      0.00
      0.00      2.68    200.20    -81.30  0.000000    0.0000   5546.17      0.00  0.000000
                0.00    146.73     15.81   55.1567  530.4000    1457.5  0.000000  0.068710
0  185.000   7044.84   815387.     40.65      0.00  Infinity      0.00      0.00      0.00
      0.00      2.66    205.60    -81.23  0.000000    0.0000   5546.19      0.00  0.000000
                0.00    146.78     14.73   56.5912  530.4000    1448.5  0.000000  0.068710
0  190.000   7008.45   823909.     40.57      0.00  Infinity      0.00      0.00      0.00
      0.00      2.64    210.99    -81.17  0.000000    0.0000   5546.21      0.00  0.000000
                0.00    146.82     13.64   57.9375  530.4000    1440.1  0.000000  0.068710
0  195.000   6974.86   831737.     40.50      0.00  Infinity      0.00      0.00      0.00
      0.00      2.61    216.38    -81.10  0.000000    0.0000   5546.23      0.00  0.000000
                0.00    146.86     12.54   59.1912  530.4000    1432.4  0.000000  0.068710
0  200.000   6944.09   838874.     40.42      0.00  Infinity      0.00      0.00      0.00
      0.00      2.60    221.76    -81.04  0.000000    0.0000   5546.25      0.00  0.000000
                0.00    146.91     11.43   60.3479  530.4000    1425.3  0.000000  0.068710
0  205.000   6916.19   845320.     40.35      0.00  Infinity      0.00      0.00      0.00
      0.00      2.58    227.14    -80.97  0.000000    0.0000   5546.26      0.00  0.000000
                0.00    146.95     10.31   61.4039  530.4000    1418.9  0.000000  0.068710
0  210.000   6891.17   851075.     40.27      0.00  Infinity      0.00      0.00      0.00
      0.00      2.57    232.52    -80.91  0.000000    0.0000   5546.28      0.00  0.000000
                0.00    146.99      9.19   62.3557  530.4000    1413.2  0.000000  0.068710
0  215.000   6869.07   856139.     40.20      0.00  Infinity      0.00      0.00      0.00
      0.00      2.55    237.89    -80.84  0.000000    0.0000   5546.29      0.00  0.000000
                0.00    147.03      8.05   63.2003  530.4000    1408.2  0.000000  0.068710
0  220.000   6849.90   860513.     40.12      0.00  Infinity      0.00      0.00      0.00
      0.00      2.54    243.26    -80.78  0.000000    0.0000   5546.31      0.00  0.000000
                0.00    147.08      6.91   63.9350  530.4000    1403.8  0.000000  0.068710
1                         AEC SAFETY ANALYSIS     
 SAGINAW_EJECTA_NR: Cd=0.0 10000fps @ 5000ft AMSL 145az 45el         26/ 4/2022

 TIME(SEC) VR(FPS)    ALT(FT)   LAT(DEG) Q(PSF)    BETA       QDCW      QDRAD     QDFM    
 GSEC      MACH      RANGE(NM)  LON(DEG) RN*10-6   CD         QCW       QRAD      DIFMD   
           P(PSF)     AZ(DEG)   GAMMA    KNUD #    W(LBS)     HT(BTU/LB) PTS(ATM)  S(IN)  
0  225.000   6833.68   864198.     40.05      0.00  Infinity      0.00      0.00      0.00
      0.00      2.53    248.63    -80.72  0.000000    0.0000   5546.32      0.00  0.000000
                0.00    147.12      5.76   64.5574  530.4000    1400.1  0.000000  0.068710
0  230.000   6820.44   867192.     39.97      0.00  Infinity      0.00      0.00      0.00
      0.00      2.52    254.00    -80.65  0.000000    0.0000   5546.34      0.00  0.000000
                0.00    147.16      4.61   65.0657  530.4000    1397.1  0.000000  0.068710
0  235.000   6810.18   869497.     39.90      0.00  Infinity      0.00      0.00      0.00
      0.00      2.52    259.37    -80.59  0.000000    0.0000   5546.35      0.00  0.000000
                0.00    147.20      3.45   65.4583  530.4000    1394.8  0.000000  0.068710
0  240.000   6802.92   871112.     39.82      0.00  Infinity      0.00      0.00      0.00
      0.00      2.51    264.73    -80.53  0.000000    0.0000   5546.37      0.00  0.000000
                0.00    147.24      2.29   65.7339  530.4000    1393.2  0.000000  0.068710
0  245.000   6798.67   872038.     39.75      0.00  Infinity      0.00      0.00      0.00
      0.00      2.51    270.10    -80.46  0.000000    0.0000   5546.38      0.00  0.000000
                0.00    147.28      1.13   65.8918  530.4000    1392.2  0.000000  0.068710
0  250.000   6797.42   872274.     39.67      0.00  Infinity      0.00      0.00      0.00
      0.00      2.51    275.47    -80.40  0.000000    0.0000   5546.40      0.00  0.000000
                0.00    147.32     -0.03   65.9314  530.4000    1391.9  0.000000  0.068710
0  255.000   6799.19   871822.     39.60      0.00  Infinity      0.00      0.00      0.00
      0.00      2.51    280.83    -80.34  0.000000    0.0000   5546.41      0.00  0.000000
                0.00    147.37     -1.19   65.8526  530.4000    1392.3  0.000000  0.068710
0  260.000   6803.96   870680.     39.52      0.00  Infinity      0.00      0.00      0.00
      0.00      2.51    286.20    -80.28  0.000000    0.0000   5546.43      0.00  0.000000
                0.00    147.41     -2.35   65.6557  530.4000    1393.3  0.000000  0.068710
0  265.000   6811.74   868848.     39.45      0.00  Infinity      0.00      0.00      0.00
      0.00      2.52    291.57    -80.21  0.000000    0.0000   5546.44      0.00  0.000000
                0.00    147.45     -3.51   65.3414  530.4000    1395.1  0.000000  0.068710
1                         AEC SAFETY ANALYSIS     
 SAGINAW_EJECTA_NR: Cd=0.0 10000fps @ 5000ft AMSL 145az 45el         26/ 4/2022

 TIME(SEC) VR(FPS)    ALT(FT)   LAT(DEG) Q(PSF)    BETA       QDCW      QDRAD     QDFM    
 GSEC      MACH      RANGE(NM)  LON(DEG) RN*10-6   CD         QCW       QRAD      DIFMD   
           P(PSF)     AZ(DEG)   GAMMA    KNUD #    W(LBS)     HT(BTU/LB) PTS(ATM)  S(IN)  
0  270.000   6822.51   866328.     39.37      0.00  Infinity      0.00      0.00      0.00
      0.00      2.53    296.94    -80.15  0.000000    0.0000   5546.45      0.00  0.000000
                0.00    147.49     -4.67   64.9104  530.4000    1397.5  0.000000  0.068710
0  275.000   6836.27   863117.     39.29      0.00  Infinity      0.00      0.00      0.00
      0.00      2.53    302.31    -80.09  0.000000    0.0000   5546.47      0.00  0.000000
                0.00    147.53     -5.82   64.3643  530.4000    1400.6  0.000000  0.068710
0  280.000   6853.00   859217.     39.22      0.00  Infinity      0.00      0.00      0.00
      0.00      2.54    307.68    -80.03  0.000000    0.0000   5546.48      0.00  0.000000
                0.00    147.57     -6.96   63.7046  530.4000    1404.4  0.000000  0.068710
0  285.000   6872.68   854626.     39.14      0.00  Infinity      0.00      0.00      0.00
      0.00      2.56    313.05    -79.97  0.000000    0.0000   5546.50      0.00  0.000000
                0.00    147.61     -8.10   62.9335  530.4000    1408.9  0.000000  0.068710
0  290.000   6895.29   849346.     39.07      0.00  Infinity      0.00      0.00      0.00
      0.00      2.57    318.43    -79.90  0.000000    0.0000   5546.51      0.00  0.000000
                0.00    147.65     -9.24   62.0535  530.4000    1414.0  0.000000  0.068710
0  295.000   6920.81   843374.     38.99      0.00  Infinity      0.00      0.00      0.00
      0.00      2.58    323.81    -79.84  0.000000    0.0000   5546.53      0.00  0.000000
                0.00    147.69    -10.37   61.0671  530.4000    1419.8  0.000000  0.068710
0  300.000   6949.21   836712.     38.92      0.00  Infinity      0.00      0.00      0.00
      0.00      2.60    329.19    -79.78  0.000000    0.0000   5546.54      0.00  0.000000
                0.00    147.73    -11.48   59.9778  530.4000    1426.3  0.000000  0.068710
0  305.000   6980.47   829358.     38.84      0.00  Infinity      0.00      0.00      0.00
      0.00      2.62    334.58    -79.72  0.000000    0.0000   5546.56      0.00  0.000000
                0.00    147.77    -12.59   58.7890  530.4000    1433.4  0.000000  0.068710
0  310.000   7014.55   821312.     38.76      0.00  Infinity      0.00      0.00      0.00
      0.00      2.64    339.97    -79.66  0.000000    0.0000   5546.58      0.00  0.000000
                0.00    147.81    -13.69   57.5048  530.4000    1441.2  0.000000  0.068710
1                         AEC SAFETY ANALYSIS     
 SAGINAW_EJECTA_NR: Cd=0.0 10000fps @ 5000ft AMSL 145az 45el         26/ 4/2022

 TIME(SEC) VR(FPS)    ALT(FT)   LAT(DEG) Q(PSF)    BETA       QDCW      QDRAD     QDFM    
 GSEC      MACH      RANGE(NM)  LON(DEG) RN*10-6   CD         QCW       QRAD      DIFMD   
           P(PSF)     AZ(DEG)   GAMMA    KNUD #    W(LBS)     HT(BTU/LB) PTS(ATM)  S(IN)  
0  315.000   7051.42   812574.     38.69      0.00  Infinity      0.00      0.00      0.00
      0.00      2.66    345.36    -79.60  0.000000    0.0000   5546.60      0.00  0.000000
                0.00    147.85    -14.78   56.1293  530.4000    1449.7  0.000000  0.068710
0  320.000   7091.05   803143.     38.61      0.00  Infinity      0.00      0.00      0.00
      0.00      2.69    350.76    -79.53  0.000000    0.0000   5546.62      0.00  0.000000
                0.00    147.89    -15.86   54.6674  530.4000    1458.8  0.000000  0.068710
0  325.000   7133.41   793018.     38.54      0.00  Infinity      0.00      0.00      0.00
      0.00      2.71    356.17    -79.47  0.000000    0.0000   5546.64      0.00  0.000000
                0.00    147.92    -16.92   53.1241  530.4000    1468.6  0.000000  0.068710
0  330.000   7178.45   782199.     38.46      0.00  Infinity      0.00      0.00      0.00
      0.00      2.74    361.58    -79.41  0.000000    0.0000   5546.66      0.00  0.000000
                0.00    147.96    -17.97   51.5048  530.4000    1479.0  0.000000  0.068710
0  335.000   7226.13   770685.     38.38      0.00  Infinity      0.00      0.00      0.00
      0.00      2.77    366.99    -79.35  0.000000    0.0000   5546.68      0.00  0.000000
                0.00    148.00    -19.01   49.8154  530.4000    1490.0  0.000000  0.068710
0  340.000   7276.42   758476.     38.31      0.00  Infinity      0.00      0.00      0.00
      0.00      2.81    372.42    -79.29  0.000000    0.0000   5546.71      0.00  0.000000
                0.00    148.04    -20.04   48.0621  530.4000    1501.7  0.000000  0.068710
0  345.000   7329.28   745571.     38.23      0.00  Infinity      0.01      0.00      0.00
      0.00      2.84    377.84    -79.23  0.000000    0.0000   5546.73      0.00  0.000000
                0.00    148.08    -21.05   46.2254  530.4000    1513.0  0.000000  0.068710
0  350.000   7384.65   731968.     38.15      0.00  Infinity      0.01      0.00      0.00
      0.00      2.88    383.28    -79.17  0.000000    0.0000   5546.76      0.00  0.000000
                0.00    148.12    -22.05   44.3236  530.4000    1524.3  0.000000  0.068710
0  355.000   7442.51   717668.     38.08      0.00  Infinity      0.01      0.00      0.00
      0.00      2.93    388.72    -79.11  0.000000    0.0000   5546.79      0.00  0.000000
                0.00    148.16    -23.03   42.3732  530.4000    1536.2  0.000000  0.068710
1                         AEC SAFETY ANALYSIS     
 SAGINAW_EJECTA_NR: Cd=0.0 10000fps @ 5000ft AMSL 145az 45el         26/ 4/2022

 TIME(SEC) VR(FPS)    ALT(FT)   LAT(DEG) Q(PSF)    BETA       QDCW      QDRAD     QDFM    
 GSEC      MACH      RANGE(NM)  LON(DEG) RN*10-6   CD         QCW       QRAD      DIFMD   
           P(PSF)     AZ(DEG)   GAMMA    KNUD #    W(LBS)     HT(BTU/LB) PTS(ATM)  S(IN)  
0  360.000   7502.81   702669.     38.00      0.00  Infinity      0.01      0.00      0.00
      0.00      2.97    394.17    -79.05  0.000000    0.0000   5546.82      0.00  0.000000
                0.00    148.20    -24.00   40.3816  530.4000    1548.6  0.000000  0.068710
0  365.000   7565.51   686970.     37.92      0.00  Infinity      0.01      0.00      0.00
      0.00      3.02    399.63    -78.99  0.000000    0.0000   5546.85      0.00  0.000000
                0.00    148.23    -24.95   38.3564  530.4000    1561.5  0.000000  0.068710
0  370.000   7630.55   670570.     37.84      0.00  Infinity      0.01      0.00      0.00
      0.00      3.08    405.09    -78.93  0.000000    0.0000   5546.89      0.00  0.000000
                0.00    148.27    -25.89   36.3059  530.4000    1574.8  0.000000  0.068710
0  375.000   7697.91   653469.     37.77      0.00  Infinity      0.01      0.00      0.00
      0.00      3.13    410.57    -78.86  0.000000    0.0000   5546.93      0.00  0.000000
                0.00    148.31    -26.81   34.2382  530.4000    1588.6  0.000000  0.068710
0  380.000   7767.53   635664.     37.69      0.00  Infinity      0.01      0.00      0.00
      0.00      3.19    416.05    -78.80  0.000000    0.0000   5546.97      0.00  0.000000
                0.00    148.35    -27.72   32.1620  530.4000    1602.9  0.000000  0.068710
0  385.000   7839.38   617156.     37.61      0.00  Infinity      0.01      0.00      0.00
      0.00      3.26    421.54    -78.74  0.000000    0.0000   5547.02      0.00  0.000000
                0.00    148.39    -28.61   30.0602  530.4000    1616.1  0.000000  0.068710
0  390.000   7913.42   597943.     37.53      0.00  Infinity      0.01      0.00      0.00
      0.00      3.34    427.05    -78.68  0.000000    0.0000   5547.07      0.00  0.000000
                0.00    148.42    -29.48   27.9066  530.4000    1626.6  0.000000  0.068710
0  395.000   7989.59   578023.     37.45      0.00  Infinity      0.01      0.00      0.00
      0.00      3.43    432.56    -78.62  0.000000    0.0000   5547.13      0.00  0.000000
                0.00    148.46    -30.34   25.7581  530.4000    1637.3  0.000000  0.068710
0  400.000   8067.86   557396.     37.37      0.00  Infinity      0.01      0.00      0.00
      0.00      3.53    438.08    -78.56  0.000000    0.0000   5547.20      0.00  0.000000
                0.00    148.50    -31.19   23.6163  530.4000    1647.5  0.000000  0.068710
1                         AEC SAFETY ANALYSIS     
 SAGINAW_EJECTA_NR: Cd=0.0 10000fps @ 5000ft AMSL 145az 45el         26/ 4/2022

 TIME(SEC) VR(FPS)    ALT(FT)   LAT(DEG) Q(PSF)    BETA       QDCW      QDRAD     QDFM    
 GSEC      MACH      RANGE(NM)  LON(DEG) RN*10-6   CD         QCW       QRAD      DIFMD   
           P(PSF)     AZ(DEG)   GAMMA    KNUD #    W(LBS)     HT(BTU/LB) PTS(ATM)  S(IN)  
0  405.000   8148.20   536060.     37.30      0.00  Infinity      0.02      0.00      0.00
      0.00      3.66    443.62    -78.50  0.000000    0.0000   5547.27      0.00  0.000000
                0.00    148.54    -32.01   21.3911  530.4000    1651.2  0.000000  0.068710
0  410.000   8230.56   514014.     37.22      0.00  Infinity      0.02      0.00      0.00
      0.00      3.84    449.16    -78.44  0.000000    0.0000   5547.36      0.00  0.000000
                0.00    148.58    -32.83   19.0742  530.4000    1647.4  0.000000  0.068711
0  415.000   8314.90   491256.     37.14      0.00  Infinity      0.02      0.00      0.00
      0.00      4.09    454.72    -78.38  0.000000    0.0000   5547.46      0.00  0.000000
                0.00    148.61    -33.62   16.6351  530.4000    1635.7  0.000000  0.068711
0  420.000   8401.19   467785.     37.06      0.00  Infinity      0.03      0.00      0.00
      0.00      4.48    460.29    -78.32  0.000000    0.0000   5547.59      0.00  0.000000
                0.00    148.65    -34.40   13.9633  530.4000    1609.5  0.000000  0.068711
0  425.000   8489.38   443599.     36.98      0.00  Infinity      0.04      0.00      0.00
      0.00      5.01    465.87    -78.26  0.000000    0.0000   5547.74      0.00  0.000000
                0.00    148.69    -35.17   11.2122  530.4000    1582.2  0.000000  0.068711
0  430.000   8579.46   418698.     36.90      0.00  Infinity      0.05      0.00      0.01
      0.00      5.76    471.46    -78.20  0.000000    0.0000   5547.95      0.00  0.000001
                0.00    148.73    -35.92    8.3927  530.4000    1553.4  0.000001  0.068711
0  435.000   8671.37   393078.     36.82      0.00  Infinity      0.08      0.00      0.02
      0.00      6.96    477.07    -78.14  0.000002    0.0000   5548.26      0.00  0.000002
                0.00    148.76    -36.66    5.5395  530.4000    1523.4  0.000002  0.068712
0  440.000   8765.09   366739.     36.74      0.01  Infinity      0.14      0.00      0.06
      0.00      7.99    482.69    -78.08  0.000006    0.0000   5548.79      0.00  0.000006
                0.00    148.80    -37.38    3.3481  530.4000    1524.0  0.000005  0.068714
0  445.000   8860.59   339679.     36.66      0.02  Infinity      0.28      0.00      0.23
      0.00      8.92    488.33    -78.02  0.000024    0.0000   5549.79      0.00  0.000019
                0.00    148.84    -38.08    1.8069  530.4000    1537.5  0.000019  0.068720
1                         AEC SAFETY ANALYSIS     
 SAGINAW_EJECTA_NR: Cd=0.0 10000fps @ 5000ft AMSL 145az 45el         26/ 4/2022

 TIME(SEC) VR(FPS)    ALT(FT)   LAT(DEG) Q(PSF)    BETA       QDCW      QDRAD     QDFM    
 GSEC      MACH      RANGE(NM)  LON(DEG) RN*10-6   CD         QCW       QRAD      DIFMD   
           P(PSF)     AZ(DEG)   GAMMA    KNUD #    W(LBS)     HT(BTU/LB) PTS(ATM)  S(IN)  
0  450.000   8957.83   311896.     36.58      0.09  Infinity      0.61      0.00      1.07
      0.00      9.73    493.98    -77.96  0.000124    0.0000   5551.88      0.00  0.000064
                0.00    148.88    -38.78    0.8743  530.4000    1558.6  0.000085  0.068740
0  455.000   9056.79   283388.     36.50      0.49  Infinity      1.43      0.00      5.72
      0.00     10.25    499.65    -77.89  0.000693    0.0000   5556.68      0.00  0.000187
                0.01    148.91    -39.45    0.3892  530.4000    1587.7  0.000448  0.068804
0  460.000   9157.44   254154.     36.42      2.43  Infinity      3.25      0.00     28.62
      0.00     10.09    505.33    -77.83  0.003239    0.0000   5567.88      0.00  0.000433
                0.03    148.95    -40.12    0.1772  530.4000    1628.6  0.002216  0.068968
0  465.000   9259.75   224191.     36.34      9.08  Infinity      6.43      0.00    108.06
      0.00      9.36    511.03    -77.77  0.010342    0.0000   5591.35      0.00  0.000831
                0.15    148.99    -40.77    0.0920  530.4000    1681.6  0.008274  0.069303
0  470.000   9363.69   193498.     36.25     29.51  Infinity     11.87      0.00    355.13
      0.00      8.87    516.74    -77.71  0.029888    0.0000   5635.79      0.00  0.001488
                0.54    149.02    -41.40    0.0513  530.4000    1733.9  0.026890  0.069919
0  475.000   9469.25   162072.     36.17     96.25  Infinity     21.96      0.00   1171.46
      0.00      8.75    522.47    -77.65  0.092743    0.0000   5717.61      0.00  0.002683
                1.80    149.06    -42.03    0.0287  530.4000    1779.2  0.087713  0.071022
0  480.000   9576.39   129911.     36.09    377.06  Infinity     44.53      0.00   4641.21
      0.00      9.22    528.22    -77.59  0.383696    0.0000   5875.65      0.00  0.005345
                6.33    149.10    -42.64    0.0149  530.4000    1810.7  0.343623  0.073106
0  485.000   9685.10    97014.     36.01   1789.97  Infinity     99.41      0.00  22282.88
      0.00      9.79    533.99    -77.53  1.950455    0.0000   6216.05      0.00  0.011726
               26.66    149.13    -43.23    0.0070  530.4000    1842.5  1.631247  0.077522
0  490.000   9795.35    63377.     35.92   9210.54  Infinity    231.05      0.00 115964.62
      0.00     10.12    539.78    -77.47 10.281902    0.0000   6993.96      0.00  0.026693
              128.52    149.17    -43.82    0.0032  530.4000    1881.4  8.393787  0.087415
1                         AEC SAFETY ANALYSIS     
 SAGINAW_EJECTA_NR: Cd=0.0 10000fps @ 5000ft AMSL 145az 45el         26/ 4/2022

 TIME(SEC) VR(FPS)    ALT(FT)   LAT(DEG) Q(PSF)    BETA       QDCW      QDRAD     QDFM    
 GSEC      MACH      RANGE(NM)  LON(DEG) RN*10-6   CD         QCW       QRAD      DIFMD   
           P(PSF)     AZ(DEG)   GAMMA    KNUD #    W(LBS)     HT(BTU/LB) PTS(ATM)  S(IN)  
0  495.000   9907.13    29000.     35.84  45340.25  Infinity    525.29      0.00 577367.19
      0.00      9.92    545.58    -77.41 47.485676    0.0000   8811.76      0.00  0.059112
              658.77    149.21    -44.39    0.0014  530.4000    1931.5 41.319653  0.110015
0  499.136  10000.73        1.     35.77 118856.41  Infinity    867.86      0.001527828.25
      0.00      8.96    550.40    -77.36103.248199    0.0000  11656.45      0.00  0.094624
             2116.08    149.24    -44.85    0.0009  530.4000    1993.5108.316673  0.144344
0

      CROSS RANGE=    35.031      DOWN RANGE=    540.598
