1 SAGINAW_EJECTA_I: Cd=0.0 10532fps @ 5000ft AMSL 132.78az 42.4el     19/ 4/2022
                      **** OPTION TABLES ****

        INPUT AERO TABLE 
     CD        ALTITUDE(FT)
  0.000000          0.00
  0.000000     500000.00
        LOW MACH NO. TABLE  
 SWITCH WHEN M <  25.00  OR WHEN ALTITUDE < 500000.0  AND GAMMA <   0.00
     CD        MACH 
  0.000000          0.00
  0.000000         25.00
1 SAGINAW_EJECTA_I: Cd=0.0 10532fps @ 5000ft AMSL 132.78az 42.4el     19/ 4/2022
            INPUT VARIABLES 


     START OF SKIP    1
  INITIAL CONDITIONS
                         RELATIVE      INERTIAL
      VELOCITY(FPS)          9966.48     10532.00
      FLIGHT PATH(DEG)       45.4439      42.4000
      AZIMUTH(DEG)          139.0619     132.7800
      TIME(SEC)                 0.00
      TIME FINAL (SEC)       510.424
      WEIGHT(LBS)             530.40
      ALTITUDE(FT)           5000.00
      LATITUDE-GEOD(DEG)       42.53
      LONGITUDE(DEG)          -84.05
      REF AREA(FT**2)        8.45000
      REF LENGTH(FT)            1.64
      L/D SUPERSONIC          0.0000
      L/D SUBSONIC            0.0000
      Y/D SUPERSONIC          0.0000
      Y/D SUBSONIC            0.0000
      Q STAG. FACTOR          1.2600
      GRAP. DENS(PCF)       110.0000
               1962 STANDARD ATMOSPHERE
               CIRCULAR VELOCITY(FPS) =    25945.31
               OBLATE EARTH MODEL, POLAR & EQUATORIAL RADII(FT) =
                               0.20855487E+08 0.20925646E+08
               ROTATING EARTH, WE(RAD/SEC) =   0.72921150E-04
               PRINT EVERY  10 TIME STEP 
               MAX TIME STEP =  0.5000  MIN TIME STEP =  0.1000
               CUTOFF ALT(FT) =      1.0 OR 10000000.0
               RADIATIVE FLUX-MODIFIED CALLIS  
1                         AEC SAFETY ANALYSIS     
 SAGINAW_EJECTA_I: Cd=0.0 10532fps @ 5000ft AMSL 132.78az 42.4el     19/ 4/2022

 TIME(SEC) VR(FPS)    ALT(FT)   LAT(DEG) Q(PSF)    BETA       QDCW      QDRAD     QDFM    
 GSEC      MACH      RANGE(NM)  LON(DEG) RN*10-6   CD         QCW       QRAD      DIFMD   
           P(PSF)     AZ(DEG)   GAMMA    KNUD #    W(LBS)     HT(BTU/LB) PTS(ATM)  S(IN)  
0    0.000   9966.48     5000.     42.33 101722.20  Infinity    796.97      0.001303100.50
      0.00      9.08      0.00    -86.18 91.120911    0.0000      0.00      0.00  0.087684
             1760.83    139.06     45.44    0.0010  530.4000    1975.5 92.701866  0.000000
0    5.000   9852.94    40054.     42.26  28432.10  Infinity    411.09      0.00 360076.91
      0.00     10.18      6.38    -86.08 31.553755    0.0000   2973.24      0.00  0.046929
              392.10    139.17     44.90    0.0018  530.4000    1904.0 25.910845  0.036303
0   10.000   9740.87    74379.     42.19   5335.91  Infinity    173.76      0.00  66807.70
      0.00     10.00     12.75    -85.97  5.930659    0.0000   4352.02      0.00  0.020292
               76.19    139.28     44.35    0.0041  530.4000    1861.2  4.862742  0.053646
0   15.000   9630.27   107975.     42.12   1056.14  Infinity     75.43      0.00  13073.20
      0.00      9.64     19.09    -85.87  1.138119    0.0000   4939.51      0.00  0.008992
               16.24    139.39     43.79    0.0090  530.4000    1823.4  0.962489  0.061197
0   20.000   9521.17   140845.     42.05    230.85  Infinity     34.41      0.00   2825.16
      0.00      9.00     25.41    -85.76  0.229490    0.0000   5198.76      0.00  0.004170
                4.07    139.50     43.21    0.0188  530.4000    1793.6  0.210380  0.064593
0   25.000   9413.59   172991.     41.97     63.05  Infinity     17.55      0.00    762.88
      0.00      8.71     31.71    -85.66  0.061217    0.0000   5322.73      0.00  0.002170
                1.19    139.61     42.62    0.0352  530.4000    1758.0  0.057459  0.066245
0   30.000   9307.54   204416.     41.90     19.40  Infinity      9.50      0.00    232.08
      0.00      8.95     38.00    -85.56  0.020271    0.0000   5388.40      0.00  0.001208
                0.35    139.72     42.02    0.0629  530.4000    1709.6  0.017679  0.067142
0   35.000   9203.06   235121.     41.83      5.73  Infinity      5.04      0.00     67.81
      0.00      9.58     44.26    -85.46  0.006904    0.0000   5423.83      0.00  0.000662
                0.09    139.82     41.40    0.1153  530.4000    1655.1  0.005224  0.067640
0   40.000   9100.16   265108.     41.76      1.38  Infinity      2.42      0.00     16.19
      0.00     10.29     50.51    -85.36  0.001944    0.0000   5441.90      0.00  0.000326
                0.02    139.93     40.78    0.2335  530.4000    1603.4  0.001261  0.067903
1                         AEC SAFETY ANALYSIS     
 SAGINAW_EJECTA_I: Cd=0.0 10532fps @ 5000ft AMSL 132.78az 42.4el     19/ 4/2022

 TIME(SEC) VR(FPS)    ALT(FT)   LAT(DEG) Q(PSF)    BETA       QDCW      QDRAD     QDFM    
 GSEC      MACH      RANGE(NM)  LON(DEG) RN*10-6   CD         QCW       QRAD      DIFMD   
           P(PSF)     AZ(DEG)   GAMMA    KNUD #    W(LBS)     HT(BTU/LB) PTS(ATM)  S(IN)  
0   45.000   8998.86   294380.     41.69      0.26  Infinity      1.03      0.00      3.03
      0.00     10.18     56.74    -85.25  0.000372    0.0000   5450.01      0.00  0.000129
                0.00    140.03     40.13    0.5279  530.4000    1566.8  0.000239  0.068020
0   50.000   8899.21   322938.     41.62      0.05  Infinity      0.44      0.00      0.57
      0.00      9.43     62.96    -85.15  0.000064    0.0000   5453.44      0.00  0.000040
                0.00    140.14     39.48    1.1746  530.4000    1541.9  0.000046  0.068062
0   55.000   8801.21   350784.     41.55      0.01  Infinity      0.21      0.00      0.13
      0.00      8.55     69.15    -85.05  0.000013    0.0000   5454.97      0.00  0.000012
                0.00    140.24     38.80    2.3449  530.4000    1523.4  0.000011  0.068074
0   60.000   8704.91   377920.     41.48      0.00  Infinity      0.11      0.00      0.04
      0.00      7.49     75.33    -84.95  0.000003    0.0000   5455.73      0.00  0.000004
                0.00    140.34     38.12    4.2118  530.4000    1516.7  0.000003  0.068078
0   65.000   8610.32   404347.     41.40      0.00  Infinity      0.06      0.00      0.01
      0.00      6.35     81.50    -84.85  0.000001    0.0000   5456.14      0.00  0.000001
                0.00    140.44     37.42    6.7731  530.4000    1529.2  0.000001  0.068079
0   70.000   8517.49   430067.     41.33      0.00  Infinity      0.04      0.00      0.01
      0.00      5.37     87.65    -84.76  0.000000    0.0000   5456.39      0.00  0.000001
                0.00    140.54     36.70    9.6655  530.4000    1559.6  0.000000  0.068080
0   75.000   8426.45   455082.     41.26      0.00  Infinity      0.03      0.00      0.00
      0.00      4.73     93.79    -84.66  0.000000    0.0000   5456.57      0.00  0.000000
                0.00    140.64     35.97   12.5019  530.4000    1588.1  0.000000  0.068080
0   80.000   8337.22   479394.     41.19      0.00  Infinity      0.02      0.00      0.00
      0.00      4.27     99.91    -84.56  0.000000    0.0000   5456.71      0.00  0.000000
                0.00    140.74     35.23   15.2655  530.4000    1615.4  0.000000  0.068080
0   85.000   8249.84   503004.     41.12      0.00  Infinity      0.02      0.00      0.00
      0.00      3.95    106.02    -84.46  0.000000    0.0000   5456.82      0.00  0.000000
                0.00    140.84     34.47   17.8672  530.4000    1634.9  0.000000  0.068080
1                         AEC SAFETY ANALYSIS     
 SAGINAW_EJECTA_I: Cd=0.0 10532fps @ 5000ft AMSL 132.78az 42.4el     19/ 4/2022

 TIME(SEC) VR(FPS)    ALT(FT)   LAT(DEG) Q(PSF)    BETA       QDCW      QDRAD     QDFM    
 GSEC      MACH      RANGE(NM)  LON(DEG) RN*10-6   CD         QCW       QRAD      DIFMD   
           P(PSF)     AZ(DEG)   GAMMA    KNUD #    W(LBS)     HT(BTU/LB) PTS(ATM)  S(IN)  
0   90.000   8164.35   525912.     41.05      0.00  Infinity      0.02      0.00      0.00
      0.00      3.72    112.11    -84.36  0.000000    0.0000   5456.92      0.00  0.000000
                0.00    140.93     33.69   20.3310  530.4000    1645.4  0.000000  0.068080
0   95.000   8080.79   548122.     40.98      0.00  Infinity      0.01      0.00      0.00
      0.00      3.57    118.20    -84.27  0.000000    0.0000   5456.99      0.00  0.000000
                0.00    141.03     32.90   22.6100  530.4000    1642.1  0.000000  0.068080
0  100.000   7999.19   569634.     40.91      0.00  Infinity      0.01      0.00      0.00
      0.00      3.46    124.27    -84.17  0.000000    0.0000   5457.06      0.00  0.000000
                0.00    141.13     32.09   24.8446  530.4000    1634.6  0.000000  0.068080
0  105.000   7919.59   590449.     40.84      0.00  Infinity      0.01      0.00      0.00
      0.00      3.37    130.33    -84.08  0.000000    0.0000   5457.12      0.00  0.000000
                0.00    141.22     31.27   27.0497  530.4000    1623.5  0.000000  0.068080
0  110.000   7842.04   610569.     40.77      0.00  Infinity      0.01      0.00      0.00
      0.00      3.28    136.37    -83.98  0.000000    0.0000   5457.18      0.00  0.000000
                0.00    141.31     30.43   29.2704  530.4000    1612.5  0.000000  0.068080
0  115.000   7766.56   629995.     40.70      0.00  Infinity      0.01      0.00      0.00
      0.00      3.20    142.41    -83.89  0.000000    0.0000   5457.23      0.00  0.000000
                0.00    141.41     29.57   31.4706  530.4000    1600.2  0.000000  0.068080
0  120.000   7693.21   648729.     40.63      0.00  Infinity      0.01      0.00      0.00
      0.00      3.14    148.44    -83.79  0.000000    0.0000   5457.27      0.00  0.000000
                0.00    141.50     28.70   33.6270  530.4000    1585.2  0.000000  0.068080
0  125.000   7622.02   666770.     40.56      0.00  Infinity      0.01      0.00      0.00
      0.00      3.08    154.45    -83.70  0.000000    0.0000   5457.31      0.00  0.000000
                0.00    141.59     27.81   35.7850  530.4000    1570.7  0.000000  0.068080
0  130.000   7553.05   684121.     40.49      0.00  Infinity      0.01      0.00      0.00
      0.00      3.02    160.46    -83.60  0.000000    0.0000   5457.35      0.00  0.000000
                0.00    141.68     26.91   37.9358  530.4000    1556.6  0.000000  0.068080
1                         AEC SAFETY ANALYSIS     
 SAGINAW_EJECTA_I: Cd=0.0 10532fps @ 5000ft AMSL 132.78az 42.4el     19/ 4/2022

 TIME(SEC) VR(FPS)    ALT(FT)   LAT(DEG) Q(PSF)    BETA       QDCW      QDRAD     QDFM    
 GSEC      MACH      RANGE(NM)  LON(DEG) RN*10-6   CD         QCW       QRAD      DIFMD   
           P(PSF)     AZ(DEG)   GAMMA    KNUD #    W(LBS)     HT(BTU/LB) PTS(ATM)  S(IN)  
0  135.000   7486.32   700783.     40.42      0.00  Infinity      0.01      0.00      0.00
      0.00      2.97    166.45    -83.51  0.000000    0.0000   5457.38      0.00  0.000000
                0.00    141.77     25.99   40.0708  530.4000    1542.9  0.000000  0.068080
0  140.000   7421.88   716756.     40.35      0.00  Infinity      0.01      0.00      0.00
      0.00      2.92    172.44    -83.42  0.000000    0.0000   5457.41      0.00  0.000000
                0.00    141.86     25.05   42.1815  530.4000    1529.8  0.000000  0.068080
0  145.000   7359.79   732042.     40.28      0.00  Infinity      0.01      0.00      0.00
      0.00      2.87    178.42    -83.32  0.000000    0.0000   5457.44      0.00  0.000000
                0.00    141.94     24.10   44.2599  530.4000    1517.0  0.000000  0.068080
0  150.000   7300.07   746641.     40.21      0.00  Infinity      0.01      0.00      0.00
      0.00      2.83    184.39    -83.23  0.000000    0.0000   5457.47      0.00  0.000000
                0.00    142.03     23.13   46.2982  530.4000    1504.8  0.000000  0.068080
0  155.000   7242.78   760554.     40.14      0.00  Infinity      0.00      0.00      0.00
      0.00      2.79    190.35    -83.14  0.000000    0.0000   5457.49      0.00  0.000000
                0.00    142.12     22.15   48.2741  530.4000    1492.4  0.000000  0.068080
0  160.000   7187.96   773782.     40.07      0.00  Infinity      0.00      0.00      0.00
      0.00      2.75    196.31    -83.05  0.000000    0.0000   5457.52      0.00  0.000000
                0.00    142.20     21.16   50.1779  530.4000    1479.8  0.000000  0.068080
0  165.000   7135.64   786327.     40.00      0.00  Infinity      0.00      0.00      0.00
      0.00      2.72    202.26    -82.95  0.000000    0.0000   5457.54      0.00  0.000000
                0.00    142.29     20.14   52.0256  530.4000    1467.7  0.000000  0.068080
0  170.000   7085.88   798188.     39.93      0.00  Infinity      0.00      0.00      0.00
      0.00      2.69    208.20    -82.86  0.000000    0.0000   5457.56      0.00  0.000000
                0.00    142.37     19.12   53.8104  530.4000    1456.2  0.000000  0.068080
0  175.000   7038.72   809366.     39.86      0.00  Infinity      0.00      0.00      0.00
      0.00      2.66    214.14    -82.77  0.000000    0.0000   5457.58      0.00  0.000000
                0.00    142.46     18.08   55.5262  530.4000    1445.4  0.000000  0.068080
1                         AEC SAFETY ANALYSIS     
 SAGINAW_EJECTA_I: Cd=0.0 10532fps @ 5000ft AMSL 132.78az 42.4el     19/ 4/2022

 TIME(SEC) VR(FPS)    ALT(FT)   LAT(DEG) Q(PSF)    BETA       QDCW      QDRAD     QDFM    
 GSEC      MACH      RANGE(NM)  LON(DEG) RN*10-6   CD         QCW       QRAD      DIFMD   
           P(PSF)     AZ(DEG)   GAMMA    KNUD #    W(LBS)     HT(BTU/LB) PTS(ATM)  S(IN)  
0  180.000   6994.18   819863.     39.79      0.00  Infinity      0.00      0.00      0.00
      0.00      2.63    220.06    -82.68  0.000000    0.0000   5457.60      0.00  0.000000
                0.00    142.54     17.03   57.1671  530.4000    1435.2  0.000000  0.068080
0  185.000   6952.33   829678.     39.72      0.00  Infinity      0.00      0.00      0.00
      0.00      2.61    225.99    -82.59  0.000000    0.0000   5457.62      0.00  0.000000
                0.00    142.62     15.96   58.7275  530.4000    1425.7  0.000000  0.068080
0  190.000   6913.18   838812.     39.65      0.00  Infinity      0.00      0.00      0.00
      0.00      2.59    231.91    -82.50  0.000000    0.0000   5457.63      0.00  0.000000
                0.00    142.70     14.88   60.2022  530.4000    1416.8  0.000000  0.068080
0  195.000   6876.78   847267.     39.58      0.00  Infinity      0.00      0.00      0.00
      0.00      2.56    237.82    -82.41  0.000000    0.0000   5457.65      0.00  0.000000
                0.00    142.78     13.79   61.5864  530.4000    1408.5  0.000000  0.068080
0  200.000   6843.17   855041.     39.51      0.00  Infinity      0.00      0.00      0.00
      0.00      2.54    243.73    -82.32  0.000000    0.0000   5457.66      0.00  0.000000
                0.00    142.86     12.69   62.8757  530.4000    1400.9  0.000000  0.068080
0  205.000   6812.37   862137.     39.44      0.00  Infinity      0.00      0.00      0.00
      0.00      2.53    249.64    -82.23  0.000000    0.0000   5457.68      0.00  0.000000
                0.00    142.94     11.58   64.0661  530.4000    1393.9  0.000000  0.068080
0  210.000   6784.42   868553.     39.37      0.00  Infinity      0.00      0.00      0.00
      0.00      2.51    255.54    -82.14  0.000000    0.0000   5457.69      0.00  0.000000
                0.00    143.01     10.47   65.1537  530.4000    1387.6  0.000000  0.068080
0  215.000   6759.34   874291.     39.30      0.00  Infinity      0.00      0.00      0.00
      0.00      2.50    261.44    -82.05  0.000000    0.0000   5457.71      0.00  0.000000
                0.00    143.09      9.34   66.1353  530.4000    1382.0  0.000000  0.068080
0  220.000   6737.17   879351.     39.23      0.00  Infinity      0.00      0.00      0.00
      0.00      2.48    267.34    -81.96  0.000000    0.0000   5457.72      0.00  0.000000
                0.00    143.17      8.20   67.0079  530.4000    1377.0  0.000000  0.068080
1                         AEC SAFETY ANALYSIS     
 SAGINAW_EJECTA_I: Cd=0.0 10532fps @ 5000ft AMSL 132.78az 42.4el     19/ 4/2022

 TIME(SEC) VR(FPS)    ALT(FT)   LAT(DEG) Q(PSF)    BETA       QDCW      QDRAD     QDFM    
 GSEC      MACH      RANGE(NM)  LON(DEG) RN*10-6   CD         QCW       QRAD      DIFMD   
           P(PSF)     AZ(DEG)   GAMMA    KNUD #    W(LBS)     HT(BTU/LB) PTS(ATM)  S(IN)  
0  225.000   6717.91   883734.     39.16      0.00  Infinity      0.00      0.00      0.00
      0.00      2.47    273.24    -81.87  0.000000    0.0000   5457.74      0.00  0.000000
                0.00    143.24      7.06   67.7690  530.4000    1372.7  0.000000  0.068080
0  230.000   6701.60   887438.     39.09      0.00  Infinity      0.00      0.00      0.00
      0.00      2.46    279.13    -81.79  0.000000    0.0000   5457.75      0.00  0.000000
                0.00    143.32      5.91   68.4163  530.4000    1369.0  0.000000  0.068080
0  235.000   6688.26   890466.     39.02      0.00  Infinity      0.00      0.00      0.00
      0.00      2.45    285.02    -81.70  0.000000    0.0000   5457.77      0.00  0.000000
                0.00    143.39      4.76   68.9478  530.4000    1366.0  0.000000  0.068080
0  240.000   6677.88   892816.     38.95      0.00  Infinity      0.00      0.00      0.00
      0.00      2.45    290.91    -81.61  0.000000    0.0000   5457.78      0.00  0.000000
                0.00    143.46      3.60   69.3621  530.4000    1363.7  0.000000  0.068080
0  245.000   6670.50   894490.     38.88      0.00  Infinity      0.00      0.00      0.00
      0.00      2.44    296.80    -81.52  0.000000    0.0000   5457.80      0.00  0.000000
                0.00    143.54      2.44   69.6579  530.4000    1362.1  0.000000  0.068080
0  250.000   6666.11   895486.     38.80      0.00  Infinity      0.00      0.00      0.00
      0.00      2.44    302.68    -81.43  0.000000    0.0000   5457.81      0.00  0.000000
                0.00    143.61      1.28   69.8345  530.4000    1361.1  0.000000  0.068080
0  255.000   6664.72   895806.     38.73      0.00  Infinity      0.00      0.00      0.00
      0.00      2.44    308.57    -81.35  0.000000    0.0000   5457.83      0.00  0.000000
                0.00    143.68      0.11   69.8913  530.4000    1360.8  0.000000  0.068080
0  260.000   6666.33   895449.     38.66      0.00  Infinity      0.00      0.00      0.00
      0.00      2.44    314.46    -81.26  0.000000    0.0000   5457.84      0.00  0.000000
                0.00    143.75     -1.05   69.8282  530.4000    1361.1  0.000000  0.068080
0  265.000   6670.94   894415.     38.59      0.00  Infinity      0.00      0.00      0.00
      0.00      2.44    320.35    -81.17  0.000000    0.0000   5457.85      0.00  0.000000
                0.00    143.82     -2.21   69.6452  530.4000    1362.2  0.000000  0.068080
1                         AEC SAFETY ANALYSIS     
 SAGINAW_EJECTA_I: Cd=0.0 10532fps @ 5000ft AMSL 132.78az 42.4el     19/ 4/2022

 TIME(SEC) VR(FPS)    ALT(FT)   LAT(DEG) Q(PSF)    BETA       QDCW      QDRAD     QDFM    
 GSEC      MACH      RANGE(NM)  LON(DEG) RN*10-6   CD         QCW       QRAD      DIFMD   
           P(PSF)     AZ(DEG)   GAMMA    KNUD #    W(LBS)     HT(BTU/LB) PTS(ATM)  S(IN)  
0  270.000   6678.55   892704.     38.52      0.00  Infinity      0.00      0.00      0.00
      0.00      2.45    326.24    -81.09  0.000000    0.0000   5457.87      0.00  0.000000
                0.00    143.89     -3.37   69.3431  530.4000    1363.9  0.000000  0.068080
0  275.000   6689.14   890316.     38.45      0.00  Infinity      0.00      0.00      0.00
      0.00      2.46    332.13    -81.00  0.000000    0.0000   5457.88      0.00  0.000000
                0.00    143.95     -4.53   68.9225  530.4000    1366.2  0.000000  0.068080
0  280.000   6702.70   887251.     38.38      0.00  Infinity      0.00      0.00      0.00
      0.00      2.46    338.02    -80.91  0.000000    0.0000   5457.90      0.00  0.000000
                0.00    144.02     -5.68   68.3848  530.4000    1369.3  0.000000  0.068080
0  285.000   6719.23   883508.     38.31      0.00  Infinity      0.00      0.00      0.00
      0.00      2.47    343.91    -80.83  0.000000    0.0000   5457.91      0.00  0.000000
                0.00    144.09     -6.83   67.7315  530.4000    1373.0  0.000000  0.068080
0  290.000   6738.70   879089.     38.24      0.00  Infinity      0.00      0.00      0.00
      0.00      2.48    349.81    -80.74  0.000000    0.0000   5457.93      0.00  0.000000
                0.00    144.15     -7.97   66.9644  530.4000    1377.4  0.000000  0.068080
0  295.000   6761.08   873991.     38.17      0.00  Infinity      0.00      0.00      0.00
      0.00      2.50    355.71    -80.65  0.000000    0.0000   5457.94      0.00  0.000000
                0.00    144.22     -9.11   66.0858  530.4000    1382.4  0.000000  0.068080
0  300.000   6786.37   868215.     38.10      0.00  Infinity      0.00      0.00      0.00
      0.00      2.51    361.61    -80.57  0.000000    0.0000   5457.96      0.00  0.000000
                0.00    144.28    -10.24   65.0984  530.4000    1388.1  0.000000  0.068080
0  305.000   6814.53   861761.     38.02      0.00  Infinity      0.00      0.00      0.00
      0.00      2.53    367.51    -80.48  0.000000    0.0000   5457.97      0.00  0.000000
                0.00    144.34    -11.36   64.0051  530.4000    1394.4  0.000000  0.068080
0  310.000   6845.53   854628.     37.95      0.00  Infinity      0.00      0.00      0.00
      0.00      2.54    373.42    -80.39  0.000000    0.0000   5457.99      0.00  0.000000
                0.00    144.41    -12.46   62.8094  530.4000    1401.4  0.000000  0.068080
1                         AEC SAFETY ANALYSIS     
 SAGINAW_EJECTA_I: Cd=0.0 10532fps @ 5000ft AMSL 132.78az 42.4el     19/ 4/2022

 TIME(SEC) VR(FPS)    ALT(FT)   LAT(DEG) Q(PSF)    BETA       QDCW      QDRAD     QDFM    
 GSEC      MACH      RANGE(NM)  LON(DEG) RN*10-6   CD         QCW       QRAD      DIFMD   
           P(PSF)     AZ(DEG)   GAMMA    KNUD #    W(LBS)     HT(BTU/LB) PTS(ATM)  S(IN)  
0  315.000   6879.34   846816.     37.88      0.00  Infinity      0.00      0.00      0.00
      0.00      2.56    379.34    -80.31  0.000000    0.0000   5458.00      0.00  0.000000
                0.00    144.47    -13.56   61.5148  530.4000    1409.1  0.000000  0.068080
0  320.000   6915.93   838324.     37.81      0.00  Infinity      0.00      0.00      0.00
      0.00      2.59    385.25    -80.22  0.000000    0.0000   5458.02      0.00  0.000000
                0.00    144.53    -14.65   60.1256  530.4000    1417.4  0.000000  0.068080
0  325.000   6955.27   829151.     37.74      0.00  Infinity      0.00      0.00      0.00
      0.00      2.61    391.18    -80.14  0.000000    0.0000   5458.03      0.00  0.000000
                0.00    144.59    -15.73   58.6460  530.4000    1426.4  0.000000  0.068080
0  330.000   6997.31   819298.     37.67      0.00  Infinity      0.00      0.00      0.00
      0.00      2.64    397.10    -80.05  0.000000    0.0000   5458.05      0.00  0.000000
                0.00    144.65    -16.79   57.0811  530.4000    1436.0  0.000000  0.068080
0  335.000   7042.02   808764.     37.59      0.00  Infinity      0.00      0.00      0.00
      0.00      2.66    403.04    -79.97  0.000000    0.0000   5458.07      0.00  0.000000
                0.00    144.71    -17.84   55.4360  530.4000    1446.2  0.000000  0.068080
0  340.000   7089.37   797548.     37.52      0.00  Infinity      0.00      0.00      0.00
      0.00      2.69    408.98    -79.88  0.000000    0.0000   5458.09      0.00  0.000000
                0.00    144.77    -18.88   53.7162  530.4000    1457.1  0.000000  0.068080
0  345.000   7139.30   785648.     37.45      0.00  Infinity      0.00      0.00      0.00
      0.00      2.72    414.92    -79.80  0.000000    0.0000   5458.11      0.00  0.000000
                0.00    144.83    -19.91   51.9276  530.4000    1468.6  0.000000  0.068080
0  350.000   7191.78   773066.     37.38      0.00  Infinity      0.00      0.00      0.00
      0.00      2.76    420.88    -79.71  0.000000    0.0000   5458.13      0.00  0.000000
                0.00    144.88    -20.92   50.0766  530.4000    1480.7  0.000000  0.068080
0  355.000   7246.76   759799.     37.30      0.00  Infinity      0.00      0.00      0.00
      0.00      2.79    426.84    -79.63  0.000000    0.0000   5458.16      0.00  0.000000
                0.00    144.94    -21.91   48.1698  530.4000    1493.4  0.000000  0.068080
1                         AEC SAFETY ANALYSIS     
 SAGINAW_EJECTA_I: Cd=0.0 10532fps @ 5000ft AMSL 132.78az 42.4el     19/ 4/2022

 TIME(SEC) VR(FPS)    ALT(FT)   LAT(DEG) Q(PSF)    BETA       QDCW      QDRAD     QDFM    
 GSEC      MACH      RANGE(NM)  LON(DEG) RN*10-6   CD         QCW       QRAD      DIFMD   
           P(PSF)     AZ(DEG)   GAMMA    KNUD #    W(LBS)     HT(BTU/LB) PTS(ATM)  S(IN)  
0  360.000   7304.21   745848.     37.23      0.00  Infinity      0.01      0.00      0.00
      0.00      2.83    432.80    -79.54  0.000000    0.0000   5458.18      0.00  0.000000
                0.00    144.99    -22.89   46.1890  530.4000    1505.7  0.000000  0.068080
0  365.000   7364.08   731211.     37.16      0.00  Infinity      0.01      0.00      0.00
      0.00      2.88    438.78    -79.46  0.000000    0.0000   5458.21      0.00  0.000000
                0.00    145.05    -23.86   44.1482  530.4000    1518.0  0.000000  0.068080
0  370.000   7426.32   715887.     37.08      0.00  Infinity      0.01      0.00      0.00
      0.00      2.92    444.76    -79.37  0.000000    0.0000   5458.24      0.00  0.000000
                0.00    145.10    -24.81   42.0676  530.4000    1530.7  0.000000  0.068080
0  375.000   7490.89   699875.     37.01      0.00  Infinity      0.01      0.00      0.00
      0.00      2.97    450.76    -79.29  0.000000    0.0000   5458.27      0.00  0.000000
                0.00    145.16    -25.75   39.9552  530.4000    1544.0  0.000000  0.068080
0  380.000   7557.76   683175.     36.94      0.00  Infinity      0.01      0.00      0.00
      0.00      3.03    456.76    -79.20  0.000000    0.0000   5458.30      0.00  0.000000
                0.00    145.21    -26.66   37.8190  530.4000    1557.7  0.000000  0.068080
0  385.000   7626.87   665785.     36.86      0.00  Infinity      0.01      0.00      0.00
      0.00      3.08    462.77    -79.12  0.000000    0.0000   5458.34      0.00  0.000000
                0.00    145.26    -27.57   35.6673  530.4000    1571.8  0.000000  0.068080
0  390.000   7698.18   647705.     36.79      0.00  Infinity      0.01      0.00      0.00
      0.00      3.14    468.79    -79.03  0.000000    0.0000   5458.38      0.00  0.000000
                0.00    145.31    -28.45   33.5090  530.4000    1586.4  0.000000  0.068080
0  395.000   7771.65   628933.     36.72      0.00  Infinity      0.01      0.00      0.00
      0.00      3.21    474.82    -78.95  0.000000    0.0000   5458.42      0.00  0.000000
                0.00    145.36    -29.32   31.3528  530.4000    1601.3  0.000000  0.068080
0  400.000   7847.23   609468.     36.64      0.00  Infinity      0.01      0.00      0.00
      0.00      3.28    480.87    -78.86  0.000000    0.0000   5458.47      0.00  0.000000
                0.00    145.41    -30.18   29.1483  530.4000    1613.4  0.000000  0.068080
1                         AEC SAFETY ANALYSIS     
 SAGINAW_EJECTA_I: Cd=0.0 10532fps @ 5000ft AMSL 132.78az 42.4el     19/ 4/2022

 TIME(SEC) VR(FPS)    ALT(FT)   LAT(DEG) Q(PSF)    BETA       QDCW      QDRAD     QDFM    
 GSEC      MACH      RANGE(NM)  LON(DEG) RN*10-6   CD         QCW       QRAD      DIFMD   
           P(PSF)     AZ(DEG)   GAMMA    KNUD #    W(LBS)     HT(BTU/LB) PTS(ATM)  S(IN)  
0  405.000   7924.90   589309.     36.57      0.00  Infinity      0.01      0.00      0.00
      0.00      3.37    486.92    -78.78  0.000000    0.0000   5458.53      0.00  0.000000
                0.00    145.46    -31.02   26.9280  530.4000    1624.4  0.000000  0.068080
0  410.000   8004.60   568454.     36.49      0.00  Infinity      0.01      0.00      0.00
      0.00      3.47    492.99    -78.69  0.000000    0.0000   5458.59      0.00  0.000000
                0.00    145.51    -31.84   24.7239  530.4000    1635.5  0.000000  0.068080
0  415.000   8086.29   546903.     36.42      0.00  Infinity      0.01      0.00      0.00
      0.00      3.58    499.06    -78.61  0.000000    0.0000   5458.66      0.00  0.000000
                0.00    145.56    -32.65   22.4842  530.4000    1642.6  0.000000  0.068080
0  420.000   8169.95   524654.     36.34      0.00  Infinity      0.02      0.00      0.00
      0.00      3.73    505.15    -78.52  0.000000    0.0000   5458.74      0.00  0.000000
                0.00    145.60    -33.44   20.2032  530.4000    1645.7  0.000000  0.068080
0  425.000   8255.52   501706.     36.27      0.00  Infinity      0.02      0.00      0.00
      0.00      3.96    511.26    -78.44  0.000000    0.0000   5458.83      0.00  0.000000
                0.00    145.65    -34.21   17.7297  530.4000    1634.5  0.000000  0.068080
0  430.000   8342.98   478057.     36.19      0.00  Infinity      0.03      0.00      0.00
      0.00      4.29    517.37    -78.35  0.000000    0.0000   5458.95      0.00  0.000000
                0.00    145.70    -34.97   15.1142  530.4000    1614.1  0.000000  0.068081
0  435.000   8432.28   453705.     36.12      0.00  Infinity      0.03      0.00      0.00
      0.00      4.76    523.51    -78.27  0.000000    0.0000   5459.09      0.00  0.000000
                0.00    145.74    -35.72   12.3461  530.4000    1586.8  0.000000  0.068081
0  440.000   8523.40   428650.     36.04      0.00  Infinity      0.04      0.00      0.01
      0.00      5.41    529.65    -78.18  0.000000    0.0000   5459.27      0.00  0.000001
                0.00    145.78    -36.45    9.5058  530.4000    1558.2  0.000000  0.068081
0  445.000   8616.29   402890.     35.96      0.00  Infinity      0.06      0.00      0.01
      0.00      6.42    535.81    -78.10  0.000001    0.0000   5459.53      0.00  0.000001
                0.00    145.83    -37.16    6.6109  530.4000    1527.7  0.000001  0.068081
1                         AEC SAFETY ANALYSIS     
 SAGINAW_EJECTA_I: Cd=0.0 10532fps @ 5000ft AMSL 132.78az 42.4el     19/ 4/2022

 TIME(SEC) VR(FPS)    ALT(FT)   LAT(DEG) Q(PSF)    BETA       QDCW      QDRAD     QDFM    
 GSEC      MACH      RANGE(NM)  LON(DEG) RN*10-6   CD         QCW       QRAD      DIFMD   
           P(PSF)     AZ(DEG)   GAMMA    KNUD #    W(LBS)     HT(BTU/LB) PTS(ATM)  S(IN)  
0  450.000   8710.94   376423.     35.89      0.00  Infinity      0.11      0.00      0.04
      0.00      7.55    541.98    -78.01  0.000003    0.0000   5459.95      0.00  0.000004
                0.00    145.87    -37.86    4.0905  530.4000    1517.0  0.000003  0.068083
0  455.000   8807.30   349247.     35.81      0.01  Infinity      0.22      0.00      0.14
      0.00      8.59    548.18    -77.93  0.000014    0.0000   5460.74      0.00  0.000013
                0.00    145.91    -38.55    2.2642  530.4000    1524.6  0.000012  0.068087
0  460.000   8905.34   321360.     35.73      0.05  Infinity      0.46      0.00      0.63
      0.00      9.47    554.38    -77.84  0.000071    0.0000   5462.33      0.00  0.000043
                0.00    145.95    -39.22    1.1271  530.4000    1543.5  0.000050  0.068100
0  465.000   9005.05   292762.     35.66      0.29  Infinity      1.08      0.00      3.32
      0.00     10.19    560.61    -77.76  0.000407    0.0000   5465.93      0.00  0.000136
                0.00    146.00    -39.87    0.5046  530.4000    1569.0  0.000262  0.068145
0  470.000   9106.38   263449.     35.58      1.52  Infinity      2.54      0.00     17.81
      0.00     10.30    566.85    -77.67  0.002136    0.0000   5474.44      0.00  0.000342
                0.02    146.04    -40.52    0.2229  530.4000    1605.7  0.001387  0.068268
0  475.000   9209.33   233421.     35.50      6.16  Infinity      5.24      0.00     72.98
      0.00      9.54    573.10    -77.59  0.007361    0.0000   5493.26      0.00  0.000686
                0.10    146.08    -41.14    0.1112  530.4000    1658.3  0.005618  0.068541
0  480.000   9313.84   202675.     35.42     20.68  Infinity      9.82      0.00    247.59
      0.00      8.92    579.38    -77.50  0.021452    0.0000   5529.96      0.00  0.001247
                0.37    146.11    -41.76    0.0609  530.4000    1712.8  0.018847  0.069057
0  485.000   9419.92   171209.     35.34     67.39  Infinity     18.17      0.00    815.97
      0.00      8.71    585.68    -77.42  0.065277    0.0000   5597.94      0.00  0.002243
                1.27    146.15    -42.36    0.0341  530.4000    1760.6  0.061416  0.069983
0  490.000   9527.53   139021.     35.26    250.09  Infinity     35.87      0.00   3062.66
      0.00      9.04    591.99    -77.33  0.249638    0.0000   5726.76      0.00  0.004342
                4.37    146.19    -42.95    0.0181  530.4000    1795.4  0.227914  0.071698
1                         AEC SAFETY ANALYSIS     
 SAGINAW_EJECTA_I: Cd=0.0 10532fps @ 5000ft AMSL 132.78az 42.4el     19/ 4/2022

 TIME(SEC) VR(FPS)    ALT(FT)   LAT(DEG) Q(PSF)    BETA       QDCW      QDRAD     QDFM    
 GSEC      MACH      RANGE(NM)  LON(DEG) RN*10-6   CD         QCW       QRAD      DIFMD   
           P(PSF)     AZ(DEG)   GAMMA    KNUD #    W(LBS)     HT(BTU/LB) PTS(ATM)  S(IN)  
0  495.000   9636.65   106109.     35.19   1157.65  Infinity     79.09      0.00  14339.13
      0.00      9.68    598.32    -77.24  1.253737    0.0000   5997.85      0.00  0.009418
               17.65    146.23    -43.53    0.0086  530.4000    1825.2  1.054991  0.075245
0  500.000   9747.27    72471.     35.11   5861.74  Infinity    182.38      0.00  73439.50
      0.00     10.02    604.68    -77.16  6.525168    0.0000   6613.67      0.00  0.021273
               83.37    146.26    -44.09    0.0039  530.4000    1863.5  5.341941  0.083152
0  505.000   9859.36    38105.     35.03  31255.14  Infinity    431.62      0.00 396086.81
      0.00     10.18    611.05    -77.07 34.664188    0.0000   8060.86      0.00  0.049207
              430.47    146.30    -44.64    0.0017  530.4000    1906.5 28.483551  0.101330
0  510.000   9972.90     3008.     34.95 108144.55  Infinity    822.88      0.001386266.00
      0.00      9.03    617.45    -76.99 95.750351    0.0000  11143.04      0.00  0.090340
             1896.11    146.34    -45.18    0.0009  530.4000    1979.8 98.554695  0.138885
0  510.424   9982.59        1.     34.94 118425.66  Infinity    862.91      0.001519530.12
      0.00      8.94    617.99    -76.98103.060936    0.0000  11500.07      0.00  0.094427
             2116.08    146.34    -45.23    0.0009  530.4000    1986.2107.924118  0.143154
0

      CROSS RANGE=    53.807      DOWN RANGE=    540.721
